Started by user leedMx
Running as SYSTEM
Building in workspace /var/jenkins_home/workspace/eCommerce
The recommended git tool is: NONE
using credential GithubKey
 > git rev-parse --is-inside-work-tree # timeout=10
Fetching changes from the remote Git repository
 > git config remote.origin.url git@github.com:leedMx/ecommerce.git # timeout=10
Fetching upstream changes from git@github.com:leedMx/ecommerce.git
 > git --version # timeout=10
 > git --version # 'git version 2.26.3'
using GIT_SSH to set credentials Read-Write enabled
 > git fetch --tags --force --progress -- git@github.com:leedMx/ecommerce.git +refs/heads/*:refs/remotes/origin/* # timeout=10
 > git rev-parse refs/remotes/origin/master^{commit} # timeout=10
Checking out Revision 3c373c149b90dc4c89898675791b84f3c384375b (refs/remotes/origin/master)
 > git config core.sparsecheckout # timeout=10
 > git checkout -f 3c373c149b90dc4c89898675791b84f3c384375b # timeout=10
Commit message: "Disabled SpringBootTest I suspect is breaking jenkins"
 > git rev-list --no-walk 9cf61e4be577a1e8794f1112e0a2cc88e4f83396 # timeout=10
[eCommerce] $ mvn package
[INFO] Scanning for projects...
[INFO] 
[INFO] ----------------------< com.example:auth-course >-----------------------
[INFO] Building auth-course 0.0.1-SNAPSHOT
[INFO] --------------------------------[ jar ]---------------------------------
[INFO] 
[INFO] --- maven-resources-plugin:3.1.0:resources (default-resources) @ auth-course ---
[INFO] Using 'UTF-8' encoding to copy filtered resources.
[INFO] Copying 1 resource
[INFO] Copying 2 resources
[INFO] 
[INFO] --- maven-compiler-plugin:3.8.1:compile (default-compile) @ auth-course ---
[INFO] Nothing to compile - all classes are up to date
[INFO] 
[INFO] --- maven-resources-plugin:3.1.0:testResources (default-testResources) @ auth-course ---
[INFO] Using 'UTF-8' encoding to copy filtered resources.
[INFO] skip non existing resourceDirectory /var/jenkins_home/workspace/eCommerce/src/test/resources
[INFO] 
[INFO] --- maven-compiler-plugin:3.8.1:testCompile (default-testCompile) @ auth-course ---
[INFO] Changes detected - recompiling the module!
[INFO] Compiling 5 source files to /var/jenkins_home/workspace/eCommerce/target/test-classes
[INFO] 
[INFO] --- maven-surefire-plugin:2.22.2:test (default-test) @ auth-course ---
[INFO] 
[INFO] -------------------------------------------------------
[INFO]  T E S T S
[INFO] -------------------------------------------------------
[INFO] Running com.example.demo.controllers.UserControllerTest
08:05:54.823 [main] INFO com.example.demo.controllers.UserController - Looking up User by id
08:05:54.912 [main] INFO com.example.demo.controllers.UserController - Looking up User by id
08:05:54.921 [main] INFO com.example.demo.controllers.UserController - Looking up User by username
08:05:54.927 [main] INFO com.example.demo.controllers.UserController - Looking up User by username
[INFO] Tests run: 4, Failures: 0, Errors: 0, Skipped: 0, Time elapsed: 1.112 s - in com.example.demo.controllers.UserControllerTest
[INFO] Running com.example.demo.controllers.ItemControllerTest
08:05:55.179 [main] INFO com.example.demo.controllers.ItemController - Retrieving items
[INFO] Tests run: 5, Failures: 0, Errors: 0, Skipped: 0, Time elapsed: 0.176 s - in com.example.demo.controllers.ItemControllerTest
[INFO] Running com.example.demo.controllers.OrderControllerTest
08:05:55.414 [main] INFO com.example.demo.controllers.OrderController - Querying orders
08:05:55.415 [main] DEBUG com.example.demo.controllers.OrderController - User not found
08:05:55.416 [main] INFO com.example.demo.controllers.OrderController - Submitting order
08:05:55.419 [main] DEBUG com.example.demo.controllers.OrderController - User(id=0, username=test, password=null, cart=Cart(id=null, items=[Item(id=1, name=testItem, price=1.1100000000000000976996261670137755572795867919921875, description=null)], user=null, total=1.1100000000000000976996261670137755572795867919921875))
08:05:55.422 [main] DEBUG com.example.demo.controllers.OrderController - UserOrder(id=null, items=[Item(id=1, name=testItem, price=1.1100000000000000976996261670137755572795867919921875, description=null)], user=null, total=1.1100000000000000976996261670137755572795867919921875)
08:05:55.422 [main] INFO com.example.demo.controllers.OrderController - Order successfully sent
08:05:55.423 [main] INFO com.example.demo.controllers.OrderController - Submitting order
08:05:55.424 [main] DEBUG com.example.demo.controllers.OrderController - user not found
08:05:55.424 [main] INFO com.example.demo.controllers.OrderController - Order request failure
08:05:55.427 [main] INFO com.example.demo.controllers.OrderController - Querying orders
08:05:55.427 [main] DEBUG com.example.demo.controllers.OrderController - User(id=0, username=test, password=null, cart=Cart(id=null, items=[Item(id=1, name=testItem, price=1.1100000000000000976996261670137755572795867919921875, description=null)], user=null, total=1.1100000000000000976996261670137755572795867919921875))
[INFO] Tests run: 4, Failures: 0, Errors: 0, Skipped: 0, Time elapsed: 0.228 s - in com.example.demo.controllers.OrderControllerTest
[INFO] Running com.example.demo.controllers.CartControllerTest
08:05:55.838 [main] INFO com.example.demo.controllers.CartController - Removing item from cart
08:05:55.839 [main] DEBUG com.example.demo.controllers.CartController - User(id=0, username=test, password=null, cart=Cart(id=null, items=[], user=null, total=0))
08:05:55.841 [main] INFO com.example.demo.controllers.CartController - Adding item to cart
08:05:55.842 [main] DEBUG com.example.demo.controllers.CartController - User not found
08:05:55.843 [main] INFO com.example.demo.controllers.CartController - Removing item from cart
08:05:55.845 [main] INFO com.example.demo.controllers.CartController - Adding item to cart
08:05:55.845 [main] DEBUG com.example.demo.controllers.CartController - User(id=0, username=test, password=null, cart=Cart(id=null, items=[], user=null, total=0))
08:05:55.846 [main] DEBUG com.example.demo.controllers.CartController - Item(id=1, name=testItem, price=1.11, description=Test Item)
08:05:55.846 [main] DEBUG com.example.demo.controllers.CartController - Cart(id=null, items=[], user=null, total=0)
08:05:55.857 [main] INFO com.example.demo.controllers.CartController - Added item to cart
08:05:55.858 [main] INFO com.example.demo.controllers.CartController - Adding item to cart
08:05:55.859 [main] DEBUG com.example.demo.controllers.CartController - User(id=0, username=test, password=null, cart=Cart(id=null, items=[], user=null, total=0))
08:05:55.861 [main] DEBUG com.example.demo.controllers.CartController - Item not found
08:05:55.868 [main] INFO com.example.demo.controllers.CartController - Removing item from cart
08:05:55.869 [main] DEBUG com.example.demo.controllers.CartController - User(id=0, username=test, password=null, cart=Cart(id=null, items=[], user=null, total=0))
08:05:55.870 [main] DEBUG com.example.demo.controllers.CartController - Item(id=1, name=testItem, price=1.11, description=Test Item)
08:05:55.870 [main] INFO com.example.demo.controllers.CartController - Removed item from cart
[INFO] Tests run: 6, Failures: 0, Errors: 0, Skipped: 0, Time elapsed: 0.436 s - in com.example.demo.controllers.CartControllerTest
[INFO] 
[INFO] Results:
[INFO] 
[INFO] Tests run: 19, Failures: 0, Errors: 0, Skipped: 0
[INFO] 
[INFO] 
[INFO] --- maven-jar-plugin:3.1.1:jar (default-jar) @ auth-course ---
Downloading from central: https://repo.maven.apache.org/maven2/org/apache/maven/maven-archiver/3.3.0/maven-archiver-3.3.0.pom
Progress (1): 2.7/4.4 kBProgress (1): 4.4 kB                        Downloaded from central: https://repo.maven.apache.org/maven2/org/apache/maven/maven-archiver/3.3.0/maven-archiver-3.3.0.pom (4.4 kB at 7.3 kB/s)
Downloading from central: https://repo.maven.apache.org/maven2/org/apache/maven/shared/maven-shared-components/33/maven-shared-components-33.pom
Progress (1): 2.7/5.1 kBProgress (1): 5.1 kB                        Downloaded from central: https://repo.maven.apache.org/maven2/org/apache/maven/shared/maven-shared-components/33/maven-shared-components-33.pom (5.1 kB at 318 kB/s)
Downloading from central: https://repo.maven.apache.org/maven2/org/codehaus/plexus/plexus-archiver/3.6.0/plexus-archiver-3.6.0.pom
Progress (1): 2.7/4.8 kBProgress (1): 4.8 kB                        Downloaded from central: https://repo.maven.apache.org/maven2/org/codehaus/plexus/plexus-archiver/3.6.0/plexus-archiver-3.6.0.pom (4.8 kB at 267 kB/s)
Downloading from central: https://repo.maven.apache.org/maven2/org/codehaus/plexus/plexus/5.0/plexus-5.0.pom
Progress (1): 2.7/21 kBProgress (1): 5.5/21 kBProgress (1): 8.2/21 kBProgress (1): 11/21 kB Progress (1): 14/21 kBProgress (1): 16/21 kBProgress (1): 19/21 kBProgress (1): 21 kB                      Downloaded from central: https://repo.maven.apache.org/maven2/org/codehaus/plexus/plexus/5.0/plexus-5.0.pom (21 kB at 610 kB/s)
Downloading from central: https://repo.maven.apache.org/maven2/org/codehaus/plexus/plexus-io/3.0.1/plexus-io-3.0.1.pom
Progress (1): 2.7/4.5 kBProgress (1): 4.5 kB                        Downloaded from central: https://repo.maven.apache.org/maven2/org/codehaus/plexus/plexus-io/3.0.1/plexus-io-3.0.1.pom (4.5 kB at 227 kB/s)
Downloading from central: https://repo.maven.apache.org/maven2/commons-io/commons-io/2.6/commons-io-2.6.pom
Progress (1): 2.7/14 kBProgress (1): 5.5/14 kBProgress (1): 8.2/14 kBProgress (1): 11/14 kB Progress (1): 14/14 kBProgress (1): 14 kB                      Downloaded from central: https://repo.maven.apache.org/maven2/commons-io/commons-io/2.6/commons-io-2.6.pom (14 kB at 648 kB/s)
Downloading from central: https://repo.maven.apache.org/maven2/org/apache/commons/commons-compress/1.16.1/commons-compress-1.16.1.pom
Progress (1): 2.7/16 kBProgress (1): 5.5/16 kBProgress (1): 8.2/16 kBProgress (1): 11/16 kB Progress (1): 14/16 kBProgress (1): 16 kB                      Downloaded from central: https://repo.maven.apache.org/maven2/org/apache/commons/commons-compress/1.16.1/commons-compress-1.16.1.pom (16 kB at 625 kB/s)
Downloading from central: https://repo.maven.apache.org/maven2/org/apache/commons/commons-parent/43/commons-parent-43.pom
Progress (1): 2.7/70 kBProgress (1): 5.5/70 kBProgress (1): 8.2/70 kBProgress (1): 11/70 kB Progress (1): 14/70 kBProgress (1): 16/70 kBProgress (1): 19/70 kBProgress (1): 22/70 kBProgress (1): 25/70 kBProgress (1): 27/70 kBProgress (1): 30/70 kBProgress (1): 33/70 kBProgress (1): 36/70 kBProgress (1): 38/70 kBProgress (1): 41/70 kBProgress (1): 44/70 kBProgress (1): 47/70 kBProgress (1): 49/70 kBProgress (1): 52/70 kBProgress (1): 55/70 kBProgress (1): 58/70 kBProgress (1): 60/70 kBProgress (1): 63/70 kBProgress (1): 66/70 kBProgress (1): 69/70 kBProgress (1): 70 kB                      Downloaded from central: https://repo.maven.apache.org/maven2/org/apache/commons/commons-parent/43/commons-parent-43.pom (70 kB at 899 kB/s)
Downloading from central: https://repo.maven.apache.org/maven2/org/iq80/snappy/snappy/0.4/snappy-0.4.pom
Progress (1): 2.7/15 kBProgress (1): 5.5/15 kBProgress (1): 8.2/15 kBProgress (1): 11/15 kB Progress (1): 14/15 kBProgress (1): 15 kB                      Downloaded from central: https://repo.maven.apache.org/maven2/org/iq80/snappy/snappy/0.4/snappy-0.4.pom (15 kB at 428 kB/s)
Downloading from central: https://repo.maven.apache.org/maven2/org/tukaani/xz/1.8/xz-1.8.pom
Progress (1): 1.9 kB                    Downloaded from central: https://repo.maven.apache.org/maven2/org/tukaani/xz/1.8/xz-1.8.pom (1.9 kB at 173 kB/s)
Downloading from central: https://repo.maven.apache.org/maven2/org/codehaus/plexus/plexus-interpolation/1.25/plexus-interpolation-1.25.pom
Progress (1): 2.6 kB                    Downloaded from central: https://repo.maven.apache.org/maven2/org/codehaus/plexus/plexus-interpolation/1.25/plexus-interpolation-1.25.pom (2.6 kB at 139 kB/s)
Downloading from central: https://repo.maven.apache.org/maven2/org/codehaus/plexus/plexus/5.1/plexus-5.1.pom
Progress (1): 2.7/23 kBProgress (1): 5.5/23 kBProgress (1): 8.2/23 kBProgress (1): 11/23 kB Progress (1): 14/23 kBProgress (1): 16/23 kBProgress (1): 19/23 kBProgress (1): 22/23 kBProgress (1): 23 kB                      Downloaded from central: https://repo.maven.apache.org/maven2/org/codehaus/plexus/plexus/5.1/plexus-5.1.pom (23 kB at 804 kB/s)
Downloading from central: https://repo.maven.apache.org/maven2/org/codehaus/plexus/plexus-archiver/3.7.0/plexus-archiver-3.7.0.pom
Progress (1): 2.7/4.8 kBProgress (1): 4.8 kB                        Downloaded from central: https://repo.maven.apache.org/maven2/org/codehaus/plexus/plexus-archiver/3.7.0/plexus-archiver-3.7.0.pom (4.8 kB at 138 kB/s)
Downloading from central: https://repo.maven.apache.org/maven2/org/codehaus/plexus/plexus-io/3.1.0/plexus-io-3.1.0.pom
Progress (1): 2.7/4.5 kBProgress (1): 4.5 kB                        Downloaded from central: https://repo.maven.apache.org/maven2/org/codehaus/plexus/plexus-io/3.1.0/plexus-io-3.1.0.pom (4.5 kB at 284 kB/s)
Downloading from central: https://repo.maven.apache.org/maven2/org/apache/commons/commons-compress/1.18/commons-compress-1.18.pom
Progress (1): 4.1/18 kBProgress (1): 8.2/18 kBProgress (1): 12/18 kB Progress (1): 16/18 kBProgress (1): 18 kB                      Downloaded from central: https://repo.maven.apache.org/maven2/org/apache/commons/commons-compress/1.18/commons-compress-1.18.pom (18 kB at 793 kB/s)
Downloading from central: https://repo.maven.apache.org/maven2/org/apache/commons/commons-parent/47/commons-parent-47.pom
Progress (1): 4.1/78 kBProgress (1): 8.2/78 kBProgress (1): 12/78 kB Progress (1): 16/78 kBProgress (1): 20/78 kBProgress (1): 25/78 kBProgress (1): 29/78 kBProgress (1): 33/78 kBProgress (1): 37/78 kBProgress (1): 41/78 kBProgress (1): 45/78 kBProgress (1): 49/78 kBProgress (1): 53/78 kBProgress (1): 57/78 kBProgress (1): 61/78 kBProgress (1): 66/78 kBProgress (1): 70/78 kBProgress (1): 74/78 kBProgress (1): 78 kB                      Downloaded from central: https://repo.maven.apache.org/maven2/org/apache/commons/commons-parent/47/commons-parent-47.pom (78 kB at 1.8 MB/s)
Downloading from central: https://repo.maven.apache.org/maven2/org/apache/maven/maven-archiver/3.3.0/maven-archiver-3.3.0.jar
Downloading from central: https://repo.maven.apache.org/maven2/org/codehaus/plexus/plexus-archiver/3.7.0/plexus-archiver-3.7.0.jar
Downloading from central: https://repo.maven.apache.org/maven2/org/codehaus/plexus/plexus-io/3.1.0/plexus-io-3.1.0.jar
Downloading from central: https://repo.maven.apache.org/maven2/org/apache/commons/commons-compress/1.18/commons-compress-1.18.jar
Progress (1): 4.1/24 kBProgress (1): 8.2/24 kBProgress (1): 12/24 kB Progress (1): 16/24 kBProgress (1): 20/24 kBProgress (1): 24 kB                      Downloading from central: https://repo.maven.apache.org/maven2/org/iq80/snappy/snappy/0.4/snappy-0.4.jar
Downloaded from central: https://repo.maven.apache.org/maven2/org/apache/maven/maven-archiver/3.3.0/maven-archiver-3.3.0.jar (24 kB at 419 kB/s)
Downloading from central: https://repo.maven.apache.org/maven2/org/tukaani/xz/1.8/xz-1.8.jar
Progress (1): 2.7/192 kBProgress (1): 5.5/192 kBProgress (1): 8.2/192 kBProgress (1): 11/192 kB Progress (2): 11/192 kB | 2.7/75 kBProgress (2): 11/192 kB | 5.5/75 kBProgress (2): 11/192 kB | 8.2/75 kBProgress (2): 11/192 kB | 11/75 kB Progress (2): 11/192 kB | 14/75 kBProgress (3): 11/192 kB | 14/75 kB | 2.7/592 kBProgress (3): 11/192 kB | 14/75 kB | 5.5/592 kBProgress (3): 11/192 kB | 14/75 kB | 8.2/592 kBProgress (3): 11/192 kB | 14/75 kB | 11/592 kB Progress (3): 11/192 kB | 14/75 kB | 14/592 kBProgress (4): 11/192 kB | 14/75 kB | 14/592 kB | 2.7/58 kBProgress (4): 14/192 kB | 14/75 kB | 14/592 kB | 2.7/58 kBProgress (4): 16/192 kB | 14/75 kB | 14/592 kB | 2.7/58 kBProgress (4): 19/192 kB | 14/75 kB | 14/592 kB | 2.7/58 kBProgress (4): 22/192 kB | 14/75 kB | 14/592 kB | 2.7/58 kBProgress (4): 25/192 kB | 14/75 kB | 14/592 kB | 2.7/58 kBProgress (4): 25/192 kB | 16/75 kB | 14/592 kB | 2.7/58 kBProgress (5): 25/192 kB | 16/75 kB | 14/592 kB | 2.7/58 kB | 4.1/109 kBProgress (5): 25/192 kB | 16/75 kB | 14/592 kB | 2.7/58 kB | 8.2/109 kBProgress (5): 25/192 kB | 16/75 kB | 14/592 kB | 2.7/58 kB | 12/109 kB Progress (5): 25/192 kB | 16/75 kB | 14/592 kB | 2.7/58 kB | 16/109 kBProgress (5): 25/192 kB | 16/75 kB | 14/592 kB | 2.7/58 kB | 20/109 kBProgress (5): 25/192 kB | 16/75 kB | 14/592 kB | 2.7/58 kB | 25/109 kBProgress (5): 25/192 kB | 16/75 kB | 14/592 kB | 2.7/58 kB | 29/109 kBProgress (5): 25/192 kB | 16/75 kB | 14/592 kB | 5.5/58 kB | 29/109 kBProgress (5): 25/192 kB | 16/75 kB | 14/592 kB | 8.2/58 kB | 29/109 kBProgress (5): 25/192 kB | 16/75 kB | 14/592 kB | 11/58 kB | 29/109 kB Progress (5): 25/192 kB | 16/75 kB | 14/592 kB | 14/58 kB | 29/109 kBProgress (5): 25/192 kB | 16/75 kB | 16/592 kB | 14/58 kB | 29/109 kBProgress (5): 25/192 kB | 16/75 kB | 19/592 kB | 14/58 kB | 29/109 kBProgress (5): 25/192 kB | 16/75 kB | 22/592 kB | 14/58 kB | 29/109 kBProgress (5): 25/192 kB | 16/75 kB | 25/592 kB | 14/58 kB | 29/109 kBProgress (5): 25/192 kB | 16/75 kB | 27/592 kB | 14/58 kB | 29/109 kBProgress (5): 25/192 kB | 16/75 kB | 30/592 kB | 14/58 kB | 29/109 kBProgress (5): 25/192 kB | 16/75 kB | 33/592 kB | 14/58 kB | 29/109 kBProgress (5): 27/192 kB | 16/75 kB | 33/592 kB | 14/58 kB | 29/109 kBProgress (5): 30/192 kB | 16/75 kB | 33/592 kB | 14/58 kB | 29/109 kBProgress (5): 33/192 kB | 16/75 kB | 33/592 kB | 14/58 kB | 29/109 kBProgress (5): 36/192 kB | 16/75 kB | 33/592 kB | 14/58 kB | 29/109 kBProgress (5): 36/192 kB | 19/75 kB | 33/592 kB | 14/58 kB | 29/109 kBProgress (5): 36/192 kB | 22/75 kB | 33/592 kB | 14/58 kB | 29/109 kBProgress (5): 36/192 kB | 25/75 kB | 33/592 kB | 14/58 kB | 29/109 kBProgress (5): 36/192 kB | 25/75 kB | 33/592 kB | 16/58 kB | 29/109 kBProgress (5): 36/192 kB | 25/75 kB | 33/592 kB | 19/58 kB | 29/109 kBProgress (5): 36/192 kB | 25/75 kB | 33/592 kB | 22/58 kB | 29/109 kBProgress (5): 36/192 kB | 25/75 kB | 33/592 kB | 25/58 kB | 29/109 kBProgress (5): 36/192 kB | 25/75 kB | 33/592 kB | 27/58 kB | 29/109 kBProgress (5): 36/192 kB | 25/75 kB | 33/592 kB | 30/58 kB | 29/109 kBProgress (5): 36/192 kB | 25/75 kB | 33/592 kB | 33/58 kB | 29/109 kBProgress (5): 36/192 kB | 25/75 kB | 36/592 kB | 33/58 kB | 29/109 kBProgress (5): 36/192 kB | 25/75 kB | 38/592 kB | 33/58 kB | 29/109 kBProgress (5): 36/192 kB | 25/75 kB | 41/592 kB | 33/58 kB | 29/109 kBProgress (5): 36/192 kB | 25/75 kB | 44/592 kB | 33/58 kB | 29/109 kBProgress (5): 36/192 kB | 25/75 kB | 47/592 kB | 33/58 kB | 29/109 kBProgress (5): 36/192 kB | 25/75 kB | 49/592 kB | 33/58 kB | 29/109 kBProgress (5): 36/192 kB | 25/75 kB | 52/592 kB | 33/58 kB | 29/109 kBProgress (5): 36/192 kB | 25/75 kB | 52/592 kB | 33/58 kB | 33/109 kBProgress (5): 36/192 kB | 25/75 kB | 52/592 kB | 33/58 kB | 37/109 kBProgress (5): 36/192 kB | 25/75 kB | 52/592 kB | 33/58 kB | 41/109 kBProgress (5): 36/192 kB | 25/75 kB | 52/592 kB | 33/58 kB | 45/109 kBProgress (5): 36/192 kB | 25/75 kB | 52/592 kB | 33/58 kB | 49/109 kBProgress (5): 36/192 kB | 25/75 kB | 52/592 kB | 36/58 kB | 49/109 kBProgress (5): 38/192 kB | 25/75 kB | 52/592 kB | 36/58 kB | 49/109 kBProgress (5): 41/192 kB | 25/75 kB | 52/592 kB | 36/58 kB | 49/109 kBProgress (5): 44/192 kB | 25/75 kB | 52/592 kB | 36/58 kB | 49/109 kBProgress (5): 47/192 kB | 25/75 kB | 52/592 kB | 36/58 kB | 49/109 kBProgress (5): 49/192 kB | 25/75 kB | 52/592 kB | 36/58 kB | 49/109 kBProgress (5): 52/192 kB | 25/75 kB | 52/592 kB | 36/58 kB | 49/109 kBProgress (5): 52/192 kB | 27/75 kB | 52/592 kB | 36/58 kB | 49/109 kBProgress (5): 52/192 kB | 30/75 kB | 52/592 kB | 36/58 kB | 49/109 kBProgress (5): 52/192 kB | 33/75 kB | 52/592 kB | 36/58 kB | 49/109 kBProgress (5): 52/192 kB | 36/75 kB | 52/592 kB | 36/58 kB | 49/109 kBProgress (5): 52/192 kB | 38/75 kB | 52/592 kB | 36/58 kB | 49/109 kBProgress (5): 52/192 kB | 41/75 kB | 52/592 kB | 36/58 kB | 49/109 kBProgress (5): 52/192 kB | 44/75 kB | 52/592 kB | 36/58 kB | 49/109 kBProgress (5): 52/192 kB | 47/75 kB | 52/592 kB | 36/58 kB | 49/109 kBProgress (5): 52/192 kB | 49/75 kB | 52/592 kB | 36/58 kB | 49/109 kBProgress (5): 55/192 kB | 49/75 kB | 52/592 kB | 36/58 kB | 49/109 kBProgress (5): 58/192 kB | 49/75 kB | 52/592 kB | 36/58 kB | 49/109 kBProgress (5): 58/192 kB | 49/75 kB | 55/592 kB | 36/58 kB | 49/109 kBProgress (5): 58/192 kB | 49/75 kB | 58/592 kB | 36/58 kB | 49/109 kBProgress (5): 58/192 kB | 49/75 kB | 60/592 kB | 36/58 kB | 49/109 kBProgress (5): 58/192 kB | 49/75 kB | 60/592 kB | 36/58 kB | 53/109 kBProgress (5): 58/192 kB | 49/75 kB | 60/592 kB | 36/58 kB | 57/109 kBProgress (5): 58/192 kB | 49/75 kB | 60/592 kB | 36/58 kB | 61/109 kBProgress (5): 58/192 kB | 49/75 kB | 60/592 kB | 36/58 kB | 66/109 kBProgress (5): 58/192 kB | 49/75 kB | 60/592 kB | 36/58 kB | 70/109 kBProgress (5): 58/192 kB | 49/75 kB | 60/592 kB | 36/58 kB | 74/109 kBProgress (5): 58/192 kB | 49/75 kB | 60/592 kB | 36/58 kB | 78/109 kBProgress (5): 58/192 kB | 49/75 kB | 60/592 kB | 36/58 kB | 82/109 kBProgress (5): 58/192 kB | 49/75 kB | 60/592 kB | 36/58 kB | 86/109 kBProgress (5): 58/192 kB | 49/75 kB | 60/592 kB | 38/58 kB | 86/109 kBProgress (5): 58/192 kB | 49/75 kB | 60/592 kB | 41/58 kB | 86/109 kBProgress (5): 58/192 kB | 49/75 kB | 60/592 kB | 44/58 kB | 86/109 kBProgress (5): 58/192 kB | 49/75 kB | 60/592 kB | 47/58 kB | 86/109 kBProgress (5): 58/192 kB | 49/75 kB | 60/592 kB | 49/58 kB | 86/109 kBProgress (5): 58/192 kB | 49/75 kB | 60/592 kB | 52/58 kB | 86/109 kBProgress (5): 58/192 kB | 52/75 kB | 60/592 kB | 52/58 kB | 86/109 kBProgress (5): 58/192 kB | 55/75 kB | 60/592 kB | 52/58 kB | 86/109 kBProgress (5): 58/192 kB | 58/75 kB | 60/592 kB | 52/58 kB | 86/109 kBProgress (5): 60/192 kB | 58/75 kB | 60/592 kB | 52/58 kB | 86/109 kBProgress (5): 63/192 kB | 58/75 kB | 60/592 kB | 52/58 kB | 86/109 kBProgress (5): 66/192 kB | 58/75 kB | 60/592 kB | 52/58 kB | 86/109 kBProgress (5): 66/192 kB | 58/75 kB | 63/592 kB | 52/58 kB | 86/109 kBProgress (5): 66/192 kB | 58/75 kB | 66/592 kB | 52/58 kB | 86/109 kBProgress (5): 66/192 kB | 58/75 kB | 69/592 kB | 52/58 kB | 86/109 kBProgress (5): 66/192 kB | 58/75 kB | 71/592 kB | 52/58 kB | 86/109 kBProgress (5): 66/192 kB | 58/75 kB | 74/592 kB | 52/58 kB | 86/109 kBProgress (5): 66/192 kB | 58/75 kB | 77/592 kB | 52/58 kB | 86/109 kBProgress (5): 66/192 kB | 58/75 kB | 80/592 kB | 52/58 kB | 86/109 kBProgress (5): 66/192 kB | 58/75 kB | 80/592 kB | 55/58 kB | 86/109 kBProgress (5): 66/192 kB | 58/75 kB | 80/592 kB | 58/58 kB | 86/109 kBProgress (5): 66/192 kB | 58/75 kB | 80/592 kB | 58 kB | 86/109 kB   Progress (5): 66/192 kB | 58/75 kB | 80/592 kB | 58 kB | 90/109 kBProgress (5): 66/192 kB | 58/75 kB | 80/592 kB | 58 kB | 94/109 kBProgress (5): 66/192 kB | 58/75 kB | 80/592 kB | 58 kB | 98/109 kBProgress (5): 66/192 kB | 58/75 kB | 80/592 kB | 58 kB | 102/109 kBProgress (5): 66/192 kB | 60/75 kB | 80/592 kB | 58 kB | 102/109 kBProgress (5): 66/192 kB | 63/75 kB | 80/592 kB | 58 kB | 102/109 kBProgress (5): 66/192 kB | 66/75 kB | 80/592 kB | 58 kB | 102/109 kBProgress (5): 66/192 kB | 69/75 kB | 80/592 kB | 58 kB | 102/109 kBProgress (5): 66/192 kB | 71/75 kB | 80/592 kB | 58 kB | 102/109 kBProgress (5): 69/192 kB | 71/75 kB | 80/592 kB | 58 kB | 102/109 kBProgress (5): 71/192 kB | 71/75 kB | 80/592 kB | 58 kB | 102/109 kBProgress (5): 74/192 kB | 71/75 kB | 80/592 kB | 58 kB | 102/109 kBProgress (5): 77/192 kB | 71/75 kB | 80/592 kB | 58 kB | 102/109 kBProgress (5): 80/192 kB | 71/75 kB | 80/592 kB | 58 kB | 102/109 kBProgress (5): 82/192 kB | 71/75 kB | 80/592 kB | 58 kB | 102/109 kBProgress (5): 85/192 kB | 71/75 kB | 80/592 kB | 58 kB | 102/109 kBProgress (5): 88/192 kB | 71/75 kB | 80/592 kB | 58 kB | 102/109 kBProgress (5): 88/192 kB | 71/75 kB | 80/592 kB | 58 kB | 106/109 kBProgress (5): 88/192 kB | 71/75 kB | 80/592 kB | 58 kB | 109 kB    Progress (5): 88/192 kB | 71/75 kB | 82/592 kB | 58 kB | 109 kBProgress (5): 88/192 kB | 71/75 kB | 85/592 kB | 58 kB | 109 kBProgress (5): 88/192 kB | 71/75 kB | 88/592 kB | 58 kB | 109 kBProgress (5): 88/192 kB | 71/75 kB | 90/592 kB | 58 kB | 109 kBProgress (5): 88/192 kB | 74/75 kB | 90/592 kB | 58 kB | 109 kBProgress (5): 88/192 kB | 75 kB | 90/592 kB | 58 kB | 109 kB                                                               Downloaded from central: https://repo.maven.apache.org/maven2/org/iq80/snappy/snappy/0.4/snappy-0.4.jar (58 kB at 287 kB/s)
Downloaded from central: https://repo.maven.apache.org/maven2/org/tukaani/xz/1.8/xz-1.8.jar (109 kB at 512 kB/s)
Downloaded from central: https://repo.maven.apache.org/maven2/org/codehaus/plexus/plexus-io/3.1.0/plexus-io-3.1.0.jar (75 kB at 341 kB/s)
Progress (2): 88/192 kB | 93/592 kBProgress (2): 88/192 kB | 96/592 kBProgress (2): 88/192 kB | 99/592 kBProgress (2): 88/192 kB | 101/592 kBProgress (2): 88/192 kB | 104/592 kBProgress (2): 88/192 kB | 107/592 kBProgress (2): 90/192 kB | 107/592 kBProgress (2): 93/192 kB | 107/592 kBProgress (2): 96/192 kB | 107/592 kBProgress (2): 99/192 kB | 107/592 kBProgress (2): 101/192 kB | 107/592 kBProgress (2): 104/192 kB | 107/592 kBProgress (2): 104/192 kB | 110/592 kBProgress (2): 104/192 kB | 112/592 kBProgress (2): 104/192 kB | 115/592 kBProgress (2): 104/192 kB | 118/592 kBProgress (2): 107/192 kB | 118/592 kBProgress (2): 110/192 kB | 118/592 kBProgress (2): 112/192 kB | 118/592 kBProgress (2): 115/192 kB | 118/592 kBProgress (2): 118/192 kB | 118/592 kBProgress (2): 121/192 kB | 118/592 kBProgress (2): 123/192 kB | 118/592 kBProgress (2): 123/192 kB | 121/592 kBProgress (2): 123/192 kB | 123/592 kBProgress (2): 123/192 kB | 126/592 kBProgress (2): 123/192 kB | 129/592 kBProgress (2): 123/192 kB | 132/592 kBProgress (2): 123/192 kB | 134/592 kBProgress (2): 123/192 kB | 137/592 kBProgress (2): 126/192 kB | 137/592 kBProgress (2): 129/192 kB | 137/592 kBProgress (2): 132/192 kB | 137/592 kBProgress (2): 134/192 kB | 137/592 kBProgress (2): 137/192 kB | 137/592 kBProgress (2): 140/192 kB | 137/592 kBProgress (2): 143/192 kB | 137/592 kBProgress (2): 145/192 kB | 137/592 kBProgress (2): 145/192 kB | 140/592 kBProgress (2): 145/192 kB | 143/592 kBProgress (2): 145/192 kB | 145/592 kBProgress (2): 145/192 kB | 148/592 kBProgress (2): 145/192 kB | 151/592 kBProgress (2): 145/192 kB | 154/592 kBProgress (2): 148/192 kB | 154/592 kBProgress (2): 151/192 kB | 154/592 kBProgress (2): 154/192 kB | 154/592 kBProgress (2): 156/192 kB | 154/592 kBProgress (2): 159/192 kB | 154/592 kBProgress (2): 162/192 kB | 154/592 kBProgress (2): 162/192 kB | 156/592 kBProgress (2): 162/192 kB | 159/592 kBProgress (2): 162/192 kB | 162/592 kBProgress (2): 162/192 kB | 165/592 kBProgress (2): 162/192 kB | 167/592 kBProgress (2): 162/192 kB | 170/592 kBProgress (2): 165/192 kB | 170/592 kBProgress (2): 167/192 kB | 170/592 kBProgress (2): 170/192 kB | 170/592 kBProgress (2): 173/192 kB | 170/592 kBProgress (2): 175/192 kB | 170/592 kBProgress (2): 178/192 kB | 170/592 kBProgress (2): 181/192 kB | 170/592 kBProgress (2): 181/192 kB | 173/592 kBProgress (2): 181/192 kB | 175/592 kBProgress (2): 181/192 kB | 178/592 kBProgress (2): 181/192 kB | 181/592 kBProgress (2): 181/192 kB | 184/592 kBProgress (2): 181/192 kB | 186/592 kBProgress (2): 181/192 kB | 189/592 kBProgress (2): 181/192 kB | 192/592 kBProgress (2): 184/192 kB | 192/592 kBProgress (2): 186/192 kB | 192/592 kBProgress (2): 189/192 kB | 192/592 kBProgress (2): 192 kB | 192/592 kB    Progress (2): 192 kB | 195/592 kBProgress (2): 192 kB | 197/592 kBProgress (2): 192 kB | 200/592 kBProgress (2): 192 kB | 203/592 kBProgress (2): 192 kB | 206/592 kBProgress (2): 192 kB | 208/592 kBProgress (2): 192 kB | 211/592 kBProgress (2): 192 kB | 214/592 kB                                 Downloaded from central: https://repo.maven.apache.org/maven2/org/codehaus/plexus/plexus-archiver/3.7.0/plexus-archiver-3.7.0.jar (192 kB at 641 kB/s)
Progress (1): 217/592 kBProgress (1): 219/592 kBProgress (1): 222/592 kBProgress (1): 225/592 kBProgress (1): 228/592 kBProgress (1): 230/592 kBProgress (1): 233/592 kBProgress (1): 236/592 kBProgress (1): 239/592 kBProgress (1): 241/592 kBProgress (1): 244/592 kBProgress (1): 247/592 kBProgress (1): 250/592 kBProgress (1): 252/592 kBProgress (1): 255/592 kBProgress (1): 258/592 kBProgress (1): 260/592 kBProgress (1): 263/592 kBProgress (1): 266/592 kBProgress (1): 269/592 kBProgress (1): 271/592 kBProgress (1): 274/592 kBProgress (1): 277/592 kBProgress (1): 280/592 kBProgress (1): 282/592 kBProgress (1): 285/592 kBProgress (1): 288/592 kBProgress (1): 291/592 kBProgress (1): 293/592 kBProgress (1): 296/592 kBProgress (1): 299/592 kBProgress (1): 302/592 kBProgress (1): 304/592 kBProgress (1): 307/592 kBProgress (1): 310/592 kBProgress (1): 313/592 kBProgress (1): 315/592 kBProgress (1): 318/592 kBProgress (1): 321/592 kBProgress (1): 324/592 kBProgress (1): 326/592 kBProgress (1): 329/592 kBProgress (1): 332/592 kBProgress (1): 335/592 kBProgress (1): 337/592 kBProgress (1): 340/592 kBProgress (1): 343/592 kBProgress (1): 345/592 kBProgress (1): 348/592 kBProgress (1): 351/592 kBProgress (1): 354/592 kBProgress (1): 356/592 kBProgress (1): 359/592 kBProgress (1): 362/592 kBProgress (1): 365/592 kBProgress (1): 367/592 kBProgress (1): 370/592 kBProgress (1): 373/592 kBProgress (1): 376/592 kBProgress (1): 378/592 kBProgress (1): 381/592 kBProgress (1): 384/592 kBProgress (1): 387/592 kBProgress (1): 389/592 kBProgress (1): 392/592 kBProgress (1): 395/592 kBProgress (1): 398/592 kBProgress (1): 400/592 kBProgress (1): 403/592 kBProgress (1): 406/592 kBProgress (1): 409/592 kBProgress (1): 411/592 kBProgress (1): 414/592 kBProgress (1): 417/592 kBProgress (1): 420/592 kBProgress (1): 422/592 kBProgress (1): 425/592 kBProgress (1): 428/592 kBProgress (1): 430/592 kBProgress (1): 433/592 kBProgress (1): 436/592 kBProgress (1): 439/592 kBProgress (1): 441/592 kBProgress (1): 444/592 kBProgress (1): 447/592 kBProgress (1): 450/592 kBProgress (1): 452/592 kBProgress (1): 455/592 kBProgress (1): 458/592 kBProgress (1): 461/592 kBProgress (1): 463/592 kBProgress (1): 466/592 kBProgress (1): 469/592 kBProgress (1): 472/592 kBProgress (1): 474/592 kBProgress (1): 477/592 kBProgress (1): 480/592 kBProgress (1): 483/592 kBProgress (1): 485/592 kBProgress (1): 488/592 kBProgress (1): 491/592 kBProgress (1): 494/592 kBProgress (1): 496/592 kBProgress (1): 499/592 kBProgress (1): 502/592 kBProgress (1): 505/592 kBProgress (1): 507/592 kBProgress (1): 510/592 kBProgress (1): 513/592 kBProgress (1): 515/592 kBProgress (1): 518/592 kBProgress (1): 521/592 kBProgress (1): 524/592 kBProgress (1): 526/592 kBProgress (1): 529/592 kBProgress (1): 532/592 kBProgress (1): 535/592 kBProgress (1): 537/592 kBProgress (1): 540/592 kBProgress (1): 543/592 kBProgress (1): 546/592 kBProgress (1): 548/592 kBProgress (1): 551/592 kBProgress (1): 554/592 kBProgress (1): 557/592 kBProgress (1): 559/592 kBProgress (1): 562/592 kBProgress (1): 565/592 kBProgress (1): 568/592 kBProgress (1): 570/592 kBProgress (1): 573/592 kBProgress (1): 576/592 kBProgress (1): 579/592 kBProgress (1): 581/592 kBProgress (1): 584/592 kBProgress (1): 587/592 kBProgress (1): 590/592 kBProgress (1): 592 kB                        Downloaded from central: https://repo.maven.apache.org/maven2/org/apache/commons/commons-compress/1.18/commons-compress-1.18.jar (592 kB at 1.4 MB/s)
[INFO] Building jar: /var/jenkins_home/workspace/eCommerce/target/auth-course-0.0.1-SNAPSHOT.jar
[INFO] 
[INFO] --- spring-boot-maven-plugin:2.1.5.RELEASE:repackage (repackage) @ auth-course ---
Downloading from central: https://repo.maven.apache.org/maven2/org/springframework/boot/spring-boot-loader-tools/2.1.5.RELEASE/spring-boot-loader-tools-2.1.5.RELEASE.pom
Progress (1): 2.7 kB                    Downloaded from central: https://repo.maven.apache.org/maven2/org/springframework/boot/spring-boot-loader-tools/2.1.5.RELEASE/spring-boot-loader-tools-2.1.5.RELEASE.pom (2.7 kB at 147 kB/s)
Downloading from central: https://repo.maven.apache.org/maven2/org/apache/maven/maven-archiver/3.2.0/maven-archiver-3.2.0.pom
Progress (1): 4.1/4.3 kBProgress (1): 4.3 kB                        Downloaded from central: https://repo.maven.apache.org/maven2/org/apache/maven/maven-archiver/3.2.0/maven-archiver-3.2.0.pom (4.3 kB at 154 kB/s)
Downloading from central: https://repo.maven.apache.org/maven2/org/codehaus/plexus/plexus-component-annotations/1.5.5/plexus-component-annotations-1.5.5.pom
Progress (1): 815 B                   Downloaded from central: https://repo.maven.apache.org/maven2/org/codehaus/plexus/plexus-component-annotations/1.5.5/plexus-component-annotations-1.5.5.pom (815 B at 74 kB/s)
Downloading from central: https://repo.maven.apache.org/maven2/org/codehaus/plexus/plexus-containers/1.5.5/plexus-containers-1.5.5.pom
Progress (1): 4.1/4.2 kBProgress (1): 4.2 kB                        Downloaded from central: https://repo.maven.apache.org/maven2/org/codehaus/plexus/plexus-containers/1.5.5/plexus-containers-1.5.5.pom (4.2 kB at 326 kB/s)
Downloading from central: https://repo.maven.apache.org/maven2/org/codehaus/plexus/plexus-component-annotations/1.5.4/plexus-component-annotations-1.5.4.pom
Progress (1): 815 B                   Downloaded from central: https://repo.maven.apache.org/maven2/org/codehaus/plexus/plexus-component-annotations/1.5.4/plexus-component-annotations-1.5.4.pom (815 B at 63 kB/s)
Downloading from central: https://repo.maven.apache.org/maven2/org/codehaus/plexus/plexus-containers/1.5.4/plexus-containers-1.5.4.pom
Progress (1): 4.1/4.2 kBProgress (1): 4.2 kB                        Downloaded from central: https://repo.maven.apache.org/maven2/org/codehaus/plexus/plexus-containers/1.5.4/plexus-containers-1.5.4.pom (4.2 kB at 385 kB/s)
Downloading from central: https://repo.maven.apache.org/maven2/org/codehaus/plexus/plexus/2.0.5/plexus-2.0.5.pom
Progress (1): 4.1/17 kBProgress (1): 8.2/17 kBProgress (1): 12/17 kB Progress (1): 16/17 kBProgress (1): 17 kB                      Downloaded from central: https://repo.maven.apache.org/maven2/org/codehaus/plexus/plexus/2.0.5/plexus-2.0.5.pom (17 kB at 598 kB/s)
Downloading from central: https://repo.maven.apache.org/maven2/org/apache/maven/shared/maven-shared-utils/3.2.0/maven-shared-utils-3.2.0.pom
Progress (1): 4.1/4.9 kBProgress (1): 4.9 kB                        Downloaded from central: https://repo.maven.apache.org/maven2/org/apache/maven/shared/maven-shared-utils/3.2.0/maven-shared-utils-3.2.0.pom (4.9 kB at 491 kB/s)
Downloading from central: https://repo.maven.apache.org/maven2/org/codehaus/plexus/plexus-archiver/3.5/plexus-archiver-3.5.pom
Progress (1): 4.1/4.8 kBProgress (1): 4.8 kB                        Downloaded from central: https://repo.maven.apache.org/maven2/org/codehaus/plexus/plexus-archiver/3.5/plexus-archiver-3.5.pom (4.8 kB at 481 kB/s)
Downloading from central: https://repo.maven.apache.org/maven2/org/codehaus/plexus/plexus-io/3.0.0/plexus-io-3.0.0.pom
Progress (1): 4.1/4.5 kBProgress (1): 4.5 kB                        Downloaded from central: https://repo.maven.apache.org/maven2/org/codehaus/plexus/plexus-io/3.0.0/plexus-io-3.0.0.pom (4.5 kB at 325 kB/s)
Downloading from central: https://repo.maven.apache.org/maven2/org/apache/commons/commons-compress/1.14/commons-compress-1.14.pom
Progress (1): 4.1/13 kBProgress (1): 8.2/13 kBProgress (1): 12/13 kB Progress (1): 13 kB                      Downloaded from central: https://repo.maven.apache.org/maven2/org/apache/commons/commons-compress/1.14/commons-compress-1.14.pom (13 kB at 773 kB/s)
Downloading from central: https://repo.maven.apache.org/maven2/org/tukaani/xz/1.6/xz-1.6.pom
Progress (1): 1.9 kB                    Downloaded from central: https://repo.maven.apache.org/maven2/org/tukaani/xz/1.6/xz-1.6.pom (1.9 kB at 146 kB/s)
Downloading from central: https://repo.maven.apache.org/maven2/org/apache/maven/maven-artifact/3.3.9/maven-artifact-3.3.9.pom
Progress (1): 2.1 kB                    Downloaded from central: https://repo.maven.apache.org/maven2/org/apache/maven/maven-artifact/3.3.9/maven-artifact-3.3.9.pom (2.1 kB at 178 kB/s)
Downloading from central: https://repo.maven.apache.org/maven2/org/apache/maven/maven/3.3.9/maven-3.3.9.pom
Progress (1): 4.1/24 kBProgress (1): 8.2/24 kBProgress (1): 12/24 kB Progress (1): 16/24 kBProgress (1): 20/24 kBProgress (1): 24 kB                      Downloaded from central: https://repo.maven.apache.org/maven2/org/apache/maven/maven/3.3.9/maven-3.3.9.pom (24 kB at 2.2 MB/s)
Downloading from central: https://repo.maven.apache.org/maven2/org/apache/maven/maven-parent/27/maven-parent-27.pom
Progress (1): 4.1/41 kBProgress (1): 8.2/41 kBProgress (1): 12/41 kB Progress (1): 16/41 kBProgress (1): 20/41 kBProgress (1): 25/41 kBProgress (1): 29/41 kBProgress (1): 33/41 kBProgress (1): 37/41 kBProgress (1): 41 kB                      Downloaded from central: https://repo.maven.apache.org/maven2/org/apache/maven/maven-parent/27/maven-parent-27.pom (41 kB at 2.3 MB/s)
Downloading from central: https://repo.maven.apache.org/maven2/org/apache/apache/17/apache-17.pom
Progress (1): 4.1/16 kBProgress (1): 8.2/16 kBProgress (1): 12/16 kB Progress (1): 16 kB                      Downloaded from central: https://repo.maven.apache.org/maven2/org/apache/apache/17/apache-17.pom (16 kB at 845 kB/s)
Downloading from central: https://repo.maven.apache.org/maven2/org/apache/commons/commons-lang3/3.8.1/commons-lang3-3.8.1.pom
Progress (1): 4.1/28 kBProgress (1): 8.2/28 kBProgress (1): 12/28 kB Progress (1): 16/28 kBProgress (1): 20/28 kBProgress (1): 25/28 kBProgress (1): 28 kB                      Downloaded from central: https://repo.maven.apache.org/maven2/org/apache/commons/commons-lang3/3.8.1/commons-lang3-3.8.1.pom (28 kB at 1.5 MB/s)
Downloading from central: https://repo.maven.apache.org/maven2/org/apache/maven/maven-core/3.3.9/maven-core-3.3.9.pom
Progress (1): 4.1/8.3 kBProgress (1): 8.2/8.3 kBProgress (1): 8.3 kB                        Downloaded from central: https://repo.maven.apache.org/maven2/org/apache/maven/maven-core/3.3.9/maven-core-3.3.9.pom (8.3 kB at 638 kB/s)
Downloading from central: https://repo.maven.apache.org/maven2/org/apache/maven/maven-model/3.3.9/maven-model-3.3.9.pom
Progress (1): 4.0 kB                    Downloaded from central: https://repo.maven.apache.org/maven2/org/apache/maven/maven-model/3.3.9/maven-model-3.3.9.pom (4.0 kB at 252 kB/s)
Downloading from central: https://repo.maven.apache.org/maven2/org/apache/maven/maven-settings/3.3.9/maven-settings-3.3.9.pom
Progress (1): 1.8 kB                    Downloaded from central: https://repo.maven.apache.org/maven2/org/apache/maven/maven-settings/3.3.9/maven-settings-3.3.9.pom (1.8 kB at 262 kB/s)
Downloading from central: https://repo.maven.apache.org/maven2/org/apache/maven/maven-settings-builder/3.3.9/maven-settings-builder-3.3.9.pom
Progress (1): 2.6 kB                    Downloaded from central: https://repo.maven.apache.org/maven2/org/apache/maven/maven-settings-builder/3.3.9/maven-settings-builder-3.3.9.pom (2.6 kB at 238 kB/s)
Downloading from central: https://repo.maven.apache.org/maven2/org/apache/maven/maven-builder-support/3.3.9/maven-builder-support-3.3.9.pom
Progress (1): 1.7 kB                    Downloaded from central: https://repo.maven.apache.org/maven2/org/apache/maven/maven-builder-support/3.3.9/maven-builder-support-3.3.9.pom (1.7 kB at 150 kB/s)
Downloading from central: https://repo.maven.apache.org/maven2/org/codehaus/plexus/plexus-interpolation/1.21/plexus-interpolation-1.21.pom
Progress (1): 1.5 kB                    Downloaded from central: https://repo.maven.apache.org/maven2/org/codehaus/plexus/plexus-interpolation/1.21/plexus-interpolation-1.21.pom (1.5 kB at 220 kB/s)
Downloading from central: https://repo.maven.apache.org/maven2/org/codehaus/plexus/plexus-component-annotations/1.6/plexus-component-annotations-1.6.pom
Progress (1): 748 B                   Downloaded from central: https://repo.maven.apache.org/maven2/org/codehaus/plexus/plexus-component-annotations/1.6/plexus-component-annotations-1.6.pom (748 B at 39 kB/s)
Downloading from central: https://repo.maven.apache.org/maven2/org/codehaus/plexus/plexus-containers/1.6/plexus-containers-1.6.pom
Progress (1): 3.8 kB                    Downloaded from central: https://repo.maven.apache.org/maven2/org/codehaus/plexus/plexus-containers/1.6/plexus-containers-1.6.pom (3.8 kB at 538 kB/s)
Downloading from central: https://repo.maven.apache.org/maven2/org/codehaus/plexus/plexus/3.3.2/plexus-3.3.2.pom
Progress (1): 4.1/22 kBProgress (1): 8.2/22 kBProgress (1): 12/22 kB Progress (1): 16/22 kBProgress (1): 20/22 kBProgress (1): 22 kB                      Downloaded from central: https://repo.maven.apache.org/maven2/org/codehaus/plexus/plexus/3.3.2/plexus-3.3.2.pom (22 kB at 897 kB/s)
Downloading from central: https://repo.maven.apache.org/maven2/org/apache/maven/maven-repository-metadata/3.3.9/maven-repository-metadata-3.3.9.pom
Progress (1): 1.9 kB                    Downloaded from central: https://repo.maven.apache.org/maven2/org/apache/maven/maven-repository-metadata/3.3.9/maven-repository-metadata-3.3.9.pom (1.9 kB at 236 kB/s)
Downloading from central: https://repo.maven.apache.org/maven2/org/apache/maven/maven-plugin-api/3.3.9/maven-plugin-api-3.3.9.pom
Progress (1): 2.7 kB                    Downloaded from central: https://repo.maven.apache.org/maven2/org/apache/maven/maven-plugin-api/3.3.9/maven-plugin-api-3.3.9.pom (2.7 kB at 269 kB/s)
Downloading from central: https://repo.maven.apache.org/maven2/org/eclipse/sisu/org.eclipse.sisu.plexus/0.3.2/org.eclipse.sisu.plexus-0.3.2.pom
Progress (1): 4.1/4.2 kBProgress (1): 4.2 kB                        Downloaded from central: https://repo.maven.apache.org/maven2/org/eclipse/sisu/org.eclipse.sisu.plexus/0.3.2/org.eclipse.sisu.plexus-0.3.2.pom (4.2 kB at 298 kB/s)
Downloading from central: https://repo.maven.apache.org/maven2/org/eclipse/sisu/sisu-plexus/0.3.2/sisu-plexus-0.3.2.pom
Progress (1): 4.1/14 kBProgress (1): 8.2/14 kBProgress (1): 12/14 kB Progress (1): 14 kB                      Downloaded from central: https://repo.maven.apache.org/maven2/org/eclipse/sisu/sisu-plexus/0.3.2/sisu-plexus-0.3.2.pom (14 kB at 980 kB/s)
Downloading from central: https://repo.maven.apache.org/maven2/javax/enterprise/cdi-api/1.0/cdi-api-1.0.pom
Progress (1): 1.4 kB                    Downloaded from central: https://repo.maven.apache.org/maven2/javax/enterprise/cdi-api/1.0/cdi-api-1.0.pom (1.4 kB at 205 kB/s)
Downloading from central: https://repo.maven.apache.org/maven2/org/jboss/weld/weld-api-parent/1.0/weld-api-parent-1.0.pom
Progress (1): 2.4 kB                    Downloaded from central: https://repo.maven.apache.org/maven2/org/jboss/weld/weld-api-parent/1.0/weld-api-parent-1.0.pom (2.4 kB at 294 kB/s)
Downloading from central: https://repo.maven.apache.org/maven2/org/jboss/weld/weld-api-bom/1.0/weld-api-bom-1.0.pom
Progress (1): 4.1/7.9 kBProgress (1): 7.9 kB                        Downloaded from central: https://repo.maven.apache.org/maven2/org/jboss/weld/weld-api-bom/1.0/weld-api-bom-1.0.pom (7.9 kB at 359 kB/s)
Downloading from central: https://repo.maven.apache.org/maven2/org/jboss/weld/weld-parent/6/weld-parent-6.pom
Progress (1): 4.1/21 kBProgress (1): 8.2/21 kBProgress (1): 12/21 kB Progress (1): 16/21 kBProgress (1): 20/21 kBProgress (1): 21 kB                      Downloaded from central: https://repo.maven.apache.org/maven2/org/jboss/weld/weld-parent/6/weld-parent-6.pom (21 kB at 985 kB/s)
Downloading from central: https://repo.maven.apache.org/maven2/javax/annotation/jsr250-api/1.0/jsr250-api-1.0.pom
Progress (1): 1.0 kB                    Downloaded from central: https://repo.maven.apache.org/maven2/javax/annotation/jsr250-api/1.0/jsr250-api-1.0.pom (1.0 kB at 49 kB/s)
Downloading from central: https://repo.maven.apache.org/maven2/javax/inject/javax.inject/1/javax.inject-1.pom
Progress (1): 612 B                   Downloaded from central: https://repo.maven.apache.org/maven2/javax/inject/javax.inject/1/javax.inject-1.pom (612 B at 61 kB/s)
Downloading from central: https://repo.maven.apache.org/maven2/org/eclipse/sisu/org.eclipse.sisu.inject/0.3.2/org.eclipse.sisu.inject-0.3.2.pom
Progress (1): 2.6 kB                    Downloaded from central: https://repo.maven.apache.org/maven2/org/eclipse/sisu/org.eclipse.sisu.inject/0.3.2/org.eclipse.sisu.inject-0.3.2.pom (2.6 kB at 188 kB/s)
Downloading from central: https://repo.maven.apache.org/maven2/org/eclipse/sisu/sisu-inject/0.3.2/sisu-inject-0.3.2.pom
Progress (1): 4.1/14 kBProgress (1): 8.2/14 kBProgress (1): 12/14 kB Progress (1): 14 kB                      Downloaded from central: https://repo.maven.apache.org/maven2/org/eclipse/sisu/sisu-inject/0.3.2/sisu-inject-0.3.2.pom (14 kB at 1.4 MB/s)
Downloading from central: https://repo.maven.apache.org/maven2/org/codehaus/plexus/plexus-classworlds/2.5.2/plexus-classworlds-2.5.2.pom
Progress (1): 4.1/7.3 kBProgress (1): 7.3 kB                        Downloaded from central: https://repo.maven.apache.org/maven2/org/codehaus/plexus/plexus-classworlds/2.5.2/plexus-classworlds-2.5.2.pom (7.3 kB at 348 kB/s)
Downloading from central: https://repo.maven.apache.org/maven2/org/codehaus/plexus/plexus-utils/3.0.17/plexus-utils-3.0.17.pom
Progress (1): 3.4 kB                    Downloaded from central: https://repo.maven.apache.org/maven2/org/codehaus/plexus/plexus-utils/3.0.17/plexus-utils-3.0.17.pom (3.4 kB at 340 kB/s)
Downloading from central: https://repo.maven.apache.org/maven2/org/apache/maven/maven-model-builder/3.3.9/maven-model-builder-3.3.9.pom
Progress (1): 3.1 kB                    Downloaded from central: https://repo.maven.apache.org/maven2/org/apache/maven/maven-model-builder/3.3.9/maven-model-builder-3.3.9.pom (3.1 kB at 449 kB/s)
Downloading from central: https://repo.maven.apache.org/maven2/com/google/guava/guava/18.0/guava-18.0.pom
Progress (1): 4.1/5.7 kBProgress (1): 5.7 kB                        Downloaded from central: https://repo.maven.apache.org/maven2/com/google/guava/guava/18.0/guava-18.0.pom (5.7 kB at 405 kB/s)
Downloading from central: https://repo.maven.apache.org/maven2/com/google/guava/guava-parent/18.0/guava-parent-18.0.pom
Progress (1): 4.1/7.7 kBProgress (1): 7.7 kB                        Downloaded from central: https://repo.maven.apache.org/maven2/com/google/guava/guava-parent/18.0/guava-parent-18.0.pom (7.7 kB at 769 kB/s)
Downloading from central: https://repo.maven.apache.org/maven2/org/apache/maven/maven-aether-provider/3.3.9/maven-aether-provider-3.3.9.pom
Progress (1): 4.0 kB                    Downloaded from central: https://repo.maven.apache.org/maven2/org/apache/maven/maven-aether-provider/3.3.9/maven-aether-provider-3.3.9.pom (4.0 kB at 366 kB/s)
Downloading from central: https://repo.maven.apache.org/maven2/org/eclipse/aether/aether-api/1.0.2.v20150114/aether-api-1.0.2.v20150114.pom
Progress (1): 1.8 kB                    Downloaded from central: https://repo.maven.apache.org/maven2/org/eclipse/aether/aether-api/1.0.2.v20150114/aether-api-1.0.2.v20150114.pom (1.8 kB at 131 kB/s)
Downloading from central: https://repo.maven.apache.org/maven2/org/eclipse/aether/aether/1.0.2.v20150114/aether-1.0.2.v20150114.pom
Progress (1): 4.1/29 kBProgress (1): 8.2/29 kBProgress (1): 12/29 kB Progress (1): 16/29 kBProgress (1): 20/29 kBProgress (1): 25/29 kBProgress (1): 29/29 kBProgress (1): 29 kB                      Downloaded from central: https://repo.maven.apache.org/maven2/org/eclipse/aether/aether/1.0.2.v20150114/aether-1.0.2.v20150114.pom (29 kB at 2.7 MB/s)
Downloading from central: https://repo.maven.apache.org/maven2/org/eclipse/aether/aether-spi/1.0.2.v20150114/aether-spi-1.0.2.v20150114.pom
Progress (1): 2.0 kB                    Downloaded from central: https://repo.maven.apache.org/maven2/org/eclipse/aether/aether-spi/1.0.2.v20150114/aether-spi-1.0.2.v20150114.pom (2.0 kB at 248 kB/s)
Downloading from central: https://repo.maven.apache.org/maven2/org/eclipse/aether/aether-util/1.0.2.v20150114/aether-util-1.0.2.v20150114.pom
Progress (1): 2.1 kB                    Downloaded from central: https://repo.maven.apache.org/maven2/org/eclipse/aether/aether-util/1.0.2.v20150114/aether-util-1.0.2.v20150114.pom (2.1 kB at 85 kB/s)
Downloading from central: https://repo.maven.apache.org/maven2/org/eclipse/aether/aether-impl/1.0.2.v20150114/aether-impl-1.0.2.v20150114.pom
Progress (1): 3.4 kB                    Downloaded from central: https://repo.maven.apache.org/maven2/org/eclipse/aether/aether-impl/1.0.2.v20150114/aether-impl-1.0.2.v20150114.pom (3.4 kB at 146 kB/s)
Downloading from central: https://repo.maven.apache.org/maven2/com/google/inject/guice/4.0/guice-4.0.pom
Progress (1): 4.1/11 kBProgress (1): 8.2/11 kBProgress (1): 11 kB                       Downloaded from central: https://repo.maven.apache.org/maven2/com/google/inject/guice/4.0/guice-4.0.pom (11 kB at 709 kB/s)
Downloading from central: https://repo.maven.apache.org/maven2/com/google/inject/guice-parent/4.0/guice-parent-4.0.pom
Progress (1): 4.1/15 kBProgress (1): 8.2/15 kBProgress (1): 12/15 kB Progress (1): 15 kB                      Downloaded from central: https://repo.maven.apache.org/maven2/com/google/inject/guice-parent/4.0/guice-parent-4.0.pom (15 kB at 2.6 MB/s)
Downloading from central: https://repo.maven.apache.org/maven2/com/google/google/5/google-5.pom
Progress (1): 2.5 kB                    Downloaded from central: https://repo.maven.apache.org/maven2/com/google/google/5/google-5.pom (2.5 kB at 246 kB/s)
Downloading from central: https://repo.maven.apache.org/maven2/aopalliance/aopalliance/1.0/aopalliance-1.0.pom
Progress (1): 363 B                   Downloaded from central: https://repo.maven.apache.org/maven2/aopalliance/aopalliance/1.0/aopalliance-1.0.pom (363 B at 40 kB/s)
Downloading from central: https://repo.maven.apache.org/maven2/com/google/guava/guava/16.0.1/guava-16.0.1.pom
Progress (1): 4.1/6.1 kBProgress (1): 6.1 kB                        Downloaded from central: https://repo.maven.apache.org/maven2/com/google/guava/guava/16.0.1/guava-16.0.1.pom (6.1 kB at 1.2 MB/s)
Downloading from central: https://repo.maven.apache.org/maven2/com/google/guava/guava-parent/16.0.1/guava-parent-16.0.1.pom
Progress (1): 4.1/7.3 kBProgress (1): 7.3 kB                        Downloaded from central: https://repo.maven.apache.org/maven2/com/google/guava/guava-parent/16.0.1/guava-parent-16.0.1.pom (7.3 kB at 1.0 MB/s)
Downloading from central: https://repo.maven.apache.org/maven2/org/apache/maven/shared/maven-common-artifact-filters/3.0.1/maven-common-artifact-filters-3.0.1.pom
Progress (1): 4.1/4.8 kBProgress (1): 4.8 kB                        Downloaded from central: https://repo.maven.apache.org/maven2/org/apache/maven/shared/maven-common-artifact-filters/3.0.1/maven-common-artifact-filters-3.0.1.pom (4.8 kB at 806 kB/s)
Downloading from central: https://repo.maven.apache.org/maven2/org/apache/maven/shared/maven-shared-utils/3.1.0/maven-shared-utils-3.1.0.pom
Progress (1): 4.1/5.0 kBProgress (1): 5.0 kB                        Downloaded from central: https://repo.maven.apache.org/maven2/org/apache/maven/shared/maven-shared-utils/3.1.0/maven-shared-utils-3.1.0.pom (5.0 kB at 383 kB/s)
Downloading from central: https://repo.maven.apache.org/maven2/org/apache/maven/plugins/maven-shade-plugin/3.2.1/maven-shade-plugin-3.2.1.pom
Progress (1): 4.1/9.3 kBProgress (1): 8.2/9.3 kBProgress (1): 9.3 kB                        Downloaded from central: https://repo.maven.apache.org/maven2/org/apache/maven/plugins/maven-shade-plugin/3.2.1/maven-shade-plugin-3.2.1.pom (9.3 kB at 583 kB/s)
Downloading from central: https://repo.maven.apache.org/maven2/org/apache/maven/shared/maven-artifact-transfer/0.10.0/maven-artifact-transfer-0.10.0.pom
Progress (1): 4.1/12 kBProgress (1): 8.2/12 kBProgress (1): 12 kB                       Downloaded from central: https://repo.maven.apache.org/maven2/org/apache/maven/shared/maven-artifact-transfer/0.10.0/maven-artifact-transfer-0.10.0.pom (12 kB at 578 kB/s)
Downloading from central: https://repo.maven.apache.org/maven2/org/apache/maven/shared/maven-shared-components/31/maven-shared-components-31.pom
Progress (1): 4.1/5.1 kBProgress (1): 5.1 kB                        Downloaded from central: https://repo.maven.apache.org/maven2/org/apache/maven/shared/maven-shared-components/31/maven-shared-components-31.pom (5.1 kB at 189 kB/s)
Downloading from central: https://repo.maven.apache.org/maven2/org/ow2/asm/asm/7.0/asm-7.0.pom
Progress (1): 2.9 kB                    Downloaded from central: https://repo.maven.apache.org/maven2/org/ow2/asm/asm/7.0/asm-7.0.pom (2.9 kB at 267 kB/s)
Downloading from central: https://repo.maven.apache.org/maven2/org/ow2/asm/asm-commons/7.0/asm-commons-7.0.pom
Progress (1): 3.7 kB                    Downloaded from central: https://repo.maven.apache.org/maven2/org/ow2/asm/asm-commons/7.0/asm-commons-7.0.pom (3.7 kB at 366 kB/s)
Downloading from central: https://repo.maven.apache.org/maven2/org/ow2/asm/asm-tree/7.0/asm-tree-7.0.pom
Progress (1): 3.1 kB                    Downloaded from central: https://repo.maven.apache.org/maven2/org/ow2/asm/asm-tree/7.0/asm-tree-7.0.pom (3.1 kB at 164 kB/s)
Downloading from central: https://repo.maven.apache.org/maven2/org/ow2/asm/asm-analysis/7.0/asm-analysis-7.0.pom
Progress (1): 3.2 kB                    Downloaded from central: https://repo.maven.apache.org/maven2/org/ow2/asm/asm-analysis/7.0/asm-analysis-7.0.pom (3.2 kB at 450 kB/s)
Downloading from central: https://repo.maven.apache.org/maven2/org/jdom/jdom2/2.0.6/jdom2-2.0.6.pom
Progress (1): 4.1/4.6 kBProgress (1): 4.6 kB                        Downloaded from central: https://repo.maven.apache.org/maven2/org/jdom/jdom2/2.0.6/jdom2-2.0.6.pom (4.6 kB at 766 kB/s)
Downloading from central: https://repo.maven.apache.org/maven2/org/apache/maven/shared/maven-dependency-tree/3.0.1/maven-dependency-tree-3.0.1.pom
Progress (1): 4.1/7.5 kBProgress (1): 7.5 kB                        Downloaded from central: https://repo.maven.apache.org/maven2/org/apache/maven/shared/maven-dependency-tree/3.0.1/maven-dependency-tree-3.0.1.pom (7.5 kB at 833 kB/s)
Downloading from central: https://repo.maven.apache.org/maven2/org/eclipse/aether/aether-util/0.9.0.M2/aether-util-0.9.0.M2.pom
Progress (1): 2.0 kB                    Downloaded from central: https://repo.maven.apache.org/maven2/org/eclipse/aether/aether-util/0.9.0.M2/aether-util-0.9.0.M2.pom (2.0 kB at 291 kB/s)
Downloading from central: https://repo.maven.apache.org/maven2/org/eclipse/aether/aether/0.9.0.M2/aether-0.9.0.M2.pom
Progress (1): 4.1/28 kBProgress (1): 8.2/28 kBProgress (1): 12/28 kB Progress (1): 16/28 kBProgress (1): 20/28 kBProgress (1): 25/28 kBProgress (1): 28 kB                      Downloaded from central: https://repo.maven.apache.org/maven2/org/eclipse/aether/aether/0.9.0.M2/aether-0.9.0.M2.pom (28 kB at 3.5 MB/s)
Downloading from central: https://repo.maven.apache.org/maven2/org/vafer/jdependency/2.1.1/jdependency-2.1.1.pom
Progress (1): 4.1/11 kBProgress (1): 8.2/11 kBProgress (1): 11 kB                       Downloaded from central: https://repo.maven.apache.org/maven2/org/vafer/jdependency/2.1.1/jdependency-2.1.1.pom (11 kB at 450 kB/s)
Downloading from central: https://repo.maven.apache.org/maven2/org/ow2/asm/asm/7.0-beta/asm-7.0-beta.pom
Progress (1): 2.9 kB                    Downloaded from central: https://repo.maven.apache.org/maven2/org/ow2/asm/asm/7.0-beta/asm-7.0-beta.pom (2.9 kB at 491 kB/s)
Downloading from central: https://repo.maven.apache.org/maven2/org/ow2/asm/asm-analysis/7.0-beta/asm-analysis-7.0-beta.pom
Progress (1): 3.2 kB                    Downloaded from central: https://repo.maven.apache.org/maven2/org/ow2/asm/asm-analysis/7.0-beta/asm-analysis-7.0-beta.pom (3.2 kB at 528 kB/s)
Downloading from central: https://repo.maven.apache.org/maven2/org/ow2/asm/asm-tree/7.0-beta/asm-tree-7.0-beta.pom
Progress (1): 3.1 kB                    Downloaded from central: https://repo.maven.apache.org/maven2/org/ow2/asm/asm-tree/7.0-beta/asm-tree-7.0-beta.pom (3.1 kB at 392 kB/s)
Downloading from central: https://repo.maven.apache.org/maven2/org/ow2/asm/asm-commons/7.0-beta/asm-commons-7.0-beta.pom
Progress (1): 3.7 kB                    Downloaded from central: https://repo.maven.apache.org/maven2/org/ow2/asm/asm-commons/7.0-beta/asm-commons-7.0-beta.pom (3.7 kB at 527 kB/s)
Downloading from central: https://repo.maven.apache.org/maven2/org/ow2/asm/asm-util/7.0-beta/asm-util-7.0-beta.pom
Progress (1): 3.7 kB                    Downloaded from central: https://repo.maven.apache.org/maven2/org/ow2/asm/asm-util/7.0-beta/asm-util-7.0-beta.pom (3.7 kB at 408 kB/s)
Downloading from central: https://repo.maven.apache.org/maven2/com/google/guava/guava/19.0/guava-19.0.pom
Progress (1): 4.1/6.8 kBProgress (1): 6.8 kB                        Downloaded from central: https://repo.maven.apache.org/maven2/com/google/guava/guava/19.0/guava-19.0.pom (6.8 kB at 679 kB/s)
Downloading from central: https://repo.maven.apache.org/maven2/com/google/guava/guava-parent/19.0/guava-parent-19.0.pom
Progress (1): 4.1/9.9 kBProgress (1): 8.2/9.9 kBProgress (1): 9.9 kB                        Downloaded from central: https://repo.maven.apache.org/maven2/com/google/guava/guava-parent/19.0/guava-parent-19.0.pom (9.9 kB at 2.0 MB/s)
Downloading from central: https://repo.maven.apache.org/maven2/org/springframework/boot/spring-boot-loader-tools/2.1.5.RELEASE/spring-boot-loader-tools-2.1.5.RELEASE.jar
Downloading from central: https://repo.maven.apache.org/maven2/org/apache/maven/maven-archiver/3.2.0/maven-archiver-3.2.0.jar
Downloading from central: https://repo.maven.apache.org/maven2/org/apache/maven/shared/maven-shared-utils/3.2.0/maven-shared-utils-3.2.0.jar
Downloading from central: https://repo.maven.apache.org/maven2/org/codehaus/plexus/plexus-interpolation/1.22/plexus-interpolation-1.22.jar
Progress (1): 2.7/24 kBProgress (1): 5.5/24 kBProgress (1): 8.2/24 kBProgress (1): 11/24 kB Progress (1): 14/24 kBProgress (1): 16/24 kBProgress (1): 19/24 kBProgress (1): 22/24 kBProgress (2): 22/24 kB | 2.7/165 kBProgress (2): 22/24 kB | 5.5/165 kBProgress (2): 22/24 kB | 8.2/165 kB                                   Downloading from central: https://repo.maven.apache.org/maven2/org/apache/maven/maven-artifact/3.3.9/maven-artifact-3.3.9.jar
Progress (3): 22/24 kB | 8.2/165 kB | 4.1/149 kBProgress (3): 22/24 kB | 8.2/165 kB | 8.2/149 kBProgress (3): 22/24 kB | 8.2/165 kB | 12/149 kB Progress (3): 22/24 kB | 8.2/165 kB | 16/149 kBProgress (3): 22/24 kB | 8.2/165 kB | 20/149 kBProgress (3): 22/24 kB | 8.2/165 kB | 25/149 kBProgress (3): 22/24 kB | 8.2/165 kB | 29/149 kBProgress (3): 22/24 kB | 8.2/165 kB | 33/149 kBProgress (3): 22/24 kB | 8.2/165 kB | 37/149 kBProgress (3): 22/24 kB | 8.2/165 kB | 41/149 kBProgress (3): 22/24 kB | 8.2/165 kB | 45/149 kBProgress (3): 22/24 kB | 8.2/165 kB | 49/149 kBProgress (3): 22/24 kB | 11/165 kB | 49/149 kB Progress (3): 22/24 kB | 14/165 kB | 49/149 kBProgress (3): 22/24 kB | 16/165 kB | 49/149 kBProgress (3): 22/24 kB | 19/165 kB | 49/149 kBProgress (3): 22/24 kB | 22/165 kB | 49/149 kBProgress (3): 22/24 kB | 25/165 kB | 49/149 kBProgress (3): 22/24 kB | 27/165 kB | 49/149 kBProgress (3): 22/24 kB | 30/165 kB | 49/149 kBProgress (3): 22/24 kB | 33/165 kB | 49/149 kBProgress (3): 22/24 kB | 36/165 kB | 49/149 kBProgress (3): 22/24 kB | 38/165 kB | 49/149 kBProgress (3): 22/24 kB | 41/165 kB | 49/149 kBProgress (3): 22/24 kB | 44/165 kB | 49/149 kBProgress (3): 22/24 kB | 47/165 kB | 49/149 kBProgress (3): 22/24 kB | 49/165 kB | 49/149 kBProgress (3): 22/24 kB | 52/165 kB | 49/149 kBProgress (3): 22/24 kB | 55/165 kB | 49/149 kBProgress (3): 22/24 kB | 58/165 kB | 49/149 kBProgress (4): 22/24 kB | 58/165 kB | 49/149 kB | 4.1/77 kBProgress (4): 22/24 kB | 58/165 kB | 49/149 kB | 8.2/77 kBProgress (4): 22/24 kB | 58/165 kB | 49/149 kB | 12/77 kB Progress (4): 22/24 kB | 58/165 kB | 49/149 kB | 16/77 kBProgress (4): 22/24 kB | 58/165 kB | 49/149 kB | 20/77 kBProgress (4): 22/24 kB | 58/165 kB | 49/149 kB | 25/77 kBProgress (4): 22/24 kB | 58/165 kB | 49/149 kB | 29/77 kBProgress (4): 22/24 kB | 58/165 kB | 49/149 kB | 33/77 kBProgress (4): 22/24 kB | 58/165 kB | 49/149 kB | 37/77 kBProgress (4): 22/24 kB | 58/165 kB | 49/149 kB | 41/77 kBProgress (4): 22/24 kB | 58/165 kB | 49/149 kB | 45/77 kBProgress (4): 22/24 kB | 58/165 kB | 49/149 kB | 49/77 kBProgress (4): 22/24 kB | 58/165 kB | 53/149 kB | 49/77 kBProgress (5): 22/24 kB | 58/165 kB | 53/149 kB | 49/77 kB | 2.7/55 kBProgress (5): 22/24 kB | 58/165 kB | 53/149 kB | 49/77 kB | 5.5/55 kBProgress (5): 22/24 kB | 58/165 kB | 53/149 kB | 49/77 kB | 8.2/55 kBProgress (5): 22/24 kB | 58/165 kB | 53/149 kB | 49/77 kB | 11/55 kB Progress (5): 22/24 kB | 58/165 kB | 53/149 kB | 49/77 kB | 14/55 kBProgress (5): 22/24 kB | 58/165 kB | 53/149 kB | 49/77 kB | 16/55 kBProgress (5): 22/24 kB | 58/165 kB | 53/149 kB | 49/77 kB | 19/55 kBProgress (5): 22/24 kB | 58/165 kB | 53/149 kB | 49/77 kB | 22/55 kBProgress (5): 22/24 kB | 58/165 kB | 53/149 kB | 49/77 kB | 25/55 kBProgress (5): 22/24 kB | 58/165 kB | 53/149 kB | 49/77 kB | 27/55 kBProgress (5): 22/24 kB | 58/165 kB | 53/149 kB | 49/77 kB | 30/55 kBProgress (5): 22/24 kB | 58/165 kB | 53/149 kB | 49/77 kB | 33/55 kBProgress (5): 22/24 kB | 58/165 kB | 53/149 kB | 49/77 kB | 36/55 kBProgress (5): 22/24 kB | 58/165 kB | 53/149 kB | 49/77 kB | 38/55 kBProgress (5): 24 kB | 58/165 kB | 53/149 kB | 49/77 kB | 38/55 kB   Progress (5): 24 kB | 58/165 kB | 57/149 kB | 49/77 kB | 38/55 kBProgress (5): 24 kB | 58/165 kB | 61/149 kB | 49/77 kB | 38/55 kBProgress (5): 24 kB | 58/165 kB | 66/149 kB | 49/77 kB | 38/55 kBProgress (5): 24 kB | 58/165 kB | 70/149 kB | 49/77 kB | 38/55 kBProgress (5): 24 kB | 58/165 kB | 74/149 kB | 49/77 kB | 38/55 kBProgress (5): 24 kB | 58/165 kB | 78/149 kB | 49/77 kB | 38/55 kBProgress (5): 24 kB | 58/165 kB | 82/149 kB | 49/77 kB | 38/55 kBProgress (5): 24 kB | 58/165 kB | 86/149 kB | 49/77 kB | 38/55 kBProgress (5): 24 kB | 58/165 kB | 86/149 kB | 53/77 kB | 38/55 kBProgress (5): 24 kB | 58/165 kB | 86/149 kB | 57/77 kB | 38/55 kBProgress (5): 24 kB | 58/165 kB | 86/149 kB | 61/77 kB | 38/55 kBProgress (5): 24 kB | 58/165 kB | 86/149 kB | 66/77 kB | 38/55 kBProgress (5): 24 kB | 58/165 kB | 86/149 kB | 70/77 kB | 38/55 kBProgress (5): 24 kB | 58/165 kB | 86/149 kB | 74/77 kB | 38/55 kBProgress (5): 24 kB | 58/165 kB | 86/149 kB | 77 kB | 38/55 kB   Progress (5): 24 kB | 60/165 kB | 86/149 kB | 77 kB | 38/55 kBProgress (5): 24 kB | 63/165 kB | 86/149 kB | 77 kB | 38/55 kBProgress (5): 24 kB | 66/165 kB | 86/149 kB | 77 kB | 38/55 kBProgress (5): 24 kB | 69/165 kB | 86/149 kB | 77 kB | 38/55 kBProgress (5): 24 kB | 71/165 kB | 86/149 kB | 77 kB | 38/55 kBProgress (5): 24 kB | 74/165 kB | 86/149 kB | 77 kB | 38/55 kBProgress (5): 24 kB | 77/165 kB | 86/149 kB | 77 kB | 38/55 kBProgress (5): 24 kB | 80/165 kB | 86/149 kB | 77 kB | 38/55 kBProgress (5): 24 kB | 82/165 kB | 86/149 kB | 77 kB | 38/55 kBProgress (5): 24 kB | 82/165 kB | 86/149 kB | 77 kB | 41/55 kBProgress (5): 24 kB | 82/165 kB | 86/149 kB | 77 kB | 44/55 kBProgress (5): 24 kB | 82/165 kB | 86/149 kB | 77 kB | 47/55 kBProgress (5): 24 kB | 82/165 kB | 86/149 kB | 77 kB | 49/55 kBProgress (5): 24 kB | 82/165 kB | 86/149 kB | 77 kB | 52/55 kBProgress (5): 24 kB | 82/165 kB | 86/149 kB | 77 kB | 55/55 kBProgress (5): 24 kB | 82/165 kB | 86/149 kB | 77 kB | 55 kB   Progress (5): 24 kB | 82/165 kB | 90/149 kB | 77 kB | 55 kB                                                           Downloaded from central: https://repo.maven.apache.org/maven2/org/apache/maven/maven-archiver/3.2.0/maven-archiver-3.2.0.jar (24 kB at 300 kB/s)
Downloading from central: https://repo.maven.apache.org/maven2/org/apache/commons/commons-lang3/3.8.1/commons-lang3-3.8.1.jar
Progress (4): 82/165 kB | 94/149 kB | 77 kB | 55 kBProgress (4): 82/165 kB | 98/149 kB | 77 kB | 55 kBProgress (4): 82/165 kB | 102/149 kB | 77 kB | 55 kBProgress (4): 82/165 kB | 106/149 kB | 77 kB | 55 kBProgress (4): 82/165 kB | 111/149 kB | 77 kB | 55 kBProgress (4): 82/165 kB | 115/149 kB | 77 kB | 55 kBProgress (4): 82/165 kB | 119/149 kB | 77 kB | 55 kBProgress (4): 85/165 kB | 119/149 kB | 77 kB | 55 kBProgress (5): 85/165 kB | 119/149 kB | 77 kB | 55 kB | 4.1/502 kBProgress (5): 85/165 kB | 119/149 kB | 77 kB | 55 kB | 8.2/502 kBProgress (5): 85/165 kB | 119/149 kB | 77 kB | 55 kB | 12/502 kB Progress (5): 85/165 kB | 119/149 kB | 77 kB | 55 kB | 16/502 kB                                                                Downloaded from central: https://repo.maven.apache.org/maven2/org/codehaus/plexus/plexus-interpolation/1.22/plexus-interpolation-1.22.jar (77 kB at 961 kB/s)
Downloading from central: https://repo.maven.apache.org/maven2/org/apache/maven/maven-core/3.3.9/maven-core-3.3.9.jar
Progress (4): 85/165 kB | 119/149 kB | 55 kB | 20/502 kBProgress (4): 85/165 kB | 119/149 kB | 55 kB | 25/502 kBProgress (4): 85/165 kB | 119/149 kB | 55 kB | 29/502 kBProgress (4): 85/165 kB | 119/149 kB | 55 kB | 33/502 kBProgress (4): 88/165 kB | 119/149 kB | 55 kB | 33/502 kBProgress (4): 90/165 kB | 119/149 kB | 55 kB | 33/502 kBProgress (4): 93/165 kB | 119/149 kB | 55 kB | 33/502 kBProgress (4): 96/165 kB | 119/149 kB | 55 kB | 33/502 kBProgress (4): 99/165 kB | 119/149 kB | 55 kB | 33/502 kBProgress (4): 101/165 kB | 119/149 kB | 55 kB | 33/502 kBProgress (4): 104/165 kB | 119/149 kB | 55 kB | 33/502 kBProgress (4): 107/165 kB | 119/149 kB | 55 kB | 33/502 kBProgress (4): 110/165 kB | 119/149 kB | 55 kB | 33/502 kBProgress (4): 112/165 kB | 119/149 kB | 55 kB | 33/502 kBProgress (4): 115/165 kB | 119/149 kB | 55 kB | 33/502 kB                                                         Downloaded from central: https://repo.maven.apache.org/maven2/org/apache/maven/maven-artifact/3.3.9/maven-artifact-3.3.9.jar (55 kB at 618 kB/s)
Progress (3): 115/165 kB | 123/149 kB | 33/502 kBProgress (3): 115/165 kB | 127/149 kB | 33/502 kBProgress (3): 115/165 kB | 131/149 kB | 33/502 kBProgress (3): 115/165 kB | 135/149 kB | 33/502 kBProgress (3): 115/165 kB | 135/149 kB | 37/502 kBProgress (3): 115/165 kB | 135/149 kB | 41/502 kBProgress (3): 115/165 kB | 135/149 kB | 45/502 kBProgress (3): 115/165 kB | 135/149 kB | 49/502 kBProgress (3): 115/165 kB | 135/149 kB | 53/502 kBProgress (3): 115/165 kB | 135/149 kB | 57/502 kBProgress (3): 115/165 kB | 135/149 kB | 61/502 kBProgress (3): 115/165 kB | 135/149 kB | 66/502 kBProgress (3): 115/165 kB | 135/149 kB | 70/502 kBProgress (3): 115/165 kB | 135/149 kB | 74/502 kBProgress (3): 115/165 kB | 135/149 kB | 78/502 kBProgress (3): 115/165 kB | 135/149 kB | 82/502 kBProgress (3): 115/165 kB | 135/149 kB | 86/502 kBProgress (3): 115/165 kB | 135/149 kB | 90/502 kBProgress (3): 115/165 kB | 135/149 kB | 94/502 kBProgress (3): 115/165 kB | 135/149 kB | 98/502 kB                                                 Downloading from central: https://repo.maven.apache.org/maven2/org/apache/maven/maven-settings-builder/3.3.9/maven-settings-builder-3.3.9.jar
Progress (3): 118/165 kB | 135/149 kB | 98/502 kBProgress (3): 121/165 kB | 135/149 kB | 98/502 kBProgress (3): 123/165 kB | 135/149 kB | 98/502 kBProgress (3): 126/165 kB | 135/149 kB | 98/502 kBProgress (3): 129/165 kB | 135/149 kB | 98/502 kBProgress (3): 132/165 kB | 135/149 kB | 98/502 kBProgress (3): 134/165 kB | 135/149 kB | 98/502 kBProgress (3): 137/165 kB | 135/149 kB | 98/502 kBProgress (3): 140/165 kB | 135/149 kB | 98/502 kBProgress (3): 143/165 kB | 135/149 kB | 98/502 kBProgress (3): 145/165 kB | 135/149 kB | 98/502 kBProgress (3): 148/165 kB | 135/149 kB | 98/502 kBProgress (3): 151/165 kB | 135/149 kB | 98/502 kBProgress (3): 154/165 kB | 135/149 kB | 98/502 kBProgress (3): 156/165 kB | 135/149 kB | 98/502 kBProgress (3): 159/165 kB | 135/149 kB | 98/502 kBProgress (3): 162/165 kB | 135/149 kB | 98/502 kBProgress (3): 165/165 kB | 135/149 kB | 98/502 kBProgress (3): 165 kB | 135/149 kB | 98/502 kB    Progress (3): 165 kB | 139/149 kB | 98/502 kBProgress (3): 165 kB | 143/149 kB | 98/502 kBProgress (3): 165 kB | 147/149 kB | 98/502 kBProgress (3): 165 kB | 149 kB | 98/502 kB    Progress (4): 165 kB | 149 kB | 98/502 kB | 2.7/638 kBProgress (4): 165 kB | 149 kB | 98/502 kB | 5.5/638 kBProgress (4): 165 kB | 149 kB | 98/502 kB | 8.2/638 kBProgress (4): 165 kB | 149 kB | 98/502 kB | 11/638 kB Progress (4): 165 kB | 149 kB | 98/502 kB | 14/638 kBProgress (4): 165 kB | 149 kB | 98/502 kB | 16/638 kBProgress (4): 165 kB | 149 kB | 98/502 kB | 19/638 kBProgress (4): 165 kB | 149 kB | 98/502 kB | 22/638 kBProgress (4): 165 kB | 149 kB | 98/502 kB | 25/638 kBProgress (4): 165 kB | 149 kB | 102/502 kB | 25/638 kBProgress (4): 165 kB | 149 kB | 106/502 kB | 25/638 kBProgress (4): 165 kB | 149 kB | 111/502 kB | 25/638 kBProgress (4): 165 kB | 149 kB | 115/502 kB | 25/638 kBProgress (5): 165 kB | 149 kB | 115/502 kB | 25/638 kB | 4.1/43 kBProgress (5): 165 kB | 149 kB | 115/502 kB | 25/638 kB | 8.2/43 kBProgress (5): 165 kB | 149 kB | 115/502 kB | 25/638 kB | 12/43 kB Progress (5): 165 kB | 149 kB | 115/502 kB | 25/638 kB | 16/43 kBProgress (5): 165 kB | 149 kB | 115/502 kB | 25/638 kB | 20/43 kBProgress (5): 165 kB | 149 kB | 115/502 kB | 25/638 kB | 25/43 kBProgress (5): 165 kB | 149 kB | 115/502 kB | 25/638 kB | 29/43 kBProgress (5): 165 kB | 149 kB | 115/502 kB | 25/638 kB | 33/43 kBProgress (5): 165 kB | 149 kB | 115/502 kB | 25/638 kB | 37/43 kBProgress (5): 165 kB | 149 kB | 115/502 kB | 25/638 kB | 41/43 kBProgress (5): 165 kB | 149 kB | 115/502 kB | 25/638 kB | 43 kB                                                                 Downloaded from central: https://repo.maven.apache.org/maven2/org/springframework/boot/spring-boot-loader-tools/2.1.5.RELEASE/spring-boot-loader-tools-2.1.5.RELEASE.jar (149 kB at 1.1 MB/s)
Downloading from central: https://repo.maven.apache.org/maven2/org/apache/maven/maven-builder-support/3.3.9/maven-builder-support-3.3.9.jar
Progress (4): 165 kB | 119/502 kB | 25/638 kB | 43 kBProgress (4): 165 kB | 123/502 kB | 25/638 kB | 43 kBProgress (4): 165 kB | 127/502 kB | 25/638 kB | 43 kBProgress (4): 165 kB | 131/502 kB | 25/638 kB | 43 kBProgress (4): 165 kB | 135/502 kB | 25/638 kB | 43 kBProgress (4): 165 kB | 135/502 kB | 27/638 kB | 43 kBProgress (4): 165 kB | 135/502 kB | 30/638 kB | 43 kBProgress (4): 165 kB | 135/502 kB | 33/638 kB | 43 kBProgress (4): 165 kB | 135/502 kB | 36/638 kB | 43 kBProgress (4): 165 kB | 135/502 kB | 38/638 kB | 43 kBProgress (4): 165 kB | 135/502 kB | 41/638 kB | 43 kBProgress (4): 165 kB | 135/502 kB | 44/638 kB | 43 kBProgress (4): 165 kB | 135/502 kB | 47/638 kB | 43 kB                                                     Downloaded from central: https://repo.maven.apache.org/maven2/org/apache/maven/shared/maven-shared-utils/3.2.0/maven-shared-utils-3.2.0.jar (165 kB at 1.2 MB/s)
Progress (3): 139/502 kB | 47/638 kB | 43 kBProgress (3): 143/502 kB | 47/638 kB | 43 kBProgress (3): 147/502 kB | 47/638 kB | 43 kBProgress (3): 152/502 kB | 47/638 kB | 43 kBProgress (3): 156/502 kB | 47/638 kB | 43 kBProgress (3): 160/502 kB | 47/638 kB | 43 kBProgress (3): 164/502 kB | 47/638 kB | 43 kBProgress (3): 168/502 kB | 47/638 kB | 43 kBProgress (3): 172/502 kB | 47/638 kB | 43 kBProgress (3): 176/502 kB | 47/638 kB | 43 kBProgress (3): 180/502 kB | 47/638 kB | 43 kB                                            Downloaded from central: https://repo.maven.apache.org/maven2/org/apache/maven/maven-settings-builder/3.3.9/maven-settings-builder-3.3.9.jar (43 kB at 310 kB/s)
Progress (3): 180/502 kB | 47/638 kB | 4.1/15 kBProgress (3): 180/502 kB | 47/638 kB | 8.2/15 kBProgress (3): 180/502 kB | 47/638 kB | 12/15 kB Progress (3): 180/502 kB | 47/638 kB | 15 kB   Progress (3): 180/502 kB | 49/638 kB | 15 kB                                            Downloading from central: https://repo.maven.apache.org/maven2/org/apache/maven/maven-repository-metadata/3.3.9/maven-repository-metadata-3.3.9.jar
Downloading from central: https://repo.maven.apache.org/maven2/org/apache/maven/maven-model-builder/3.3.9/maven-model-builder-3.3.9.jar
Progress (3): 180/502 kB | 52/638 kB | 15 kBProgress (3): 180/502 kB | 55/638 kB | 15 kBProgress (3): 180/502 kB | 58/638 kB | 15 kBProgress (3): 180/502 kB | 60/638 kB | 15 kBProgress (3): 180/502 kB | 63/638 kB | 15 kBProgress (4): 180/502 kB | 63/638 kB | 15 kB | 4.1/27 kBProgress (4): 180/502 kB | 63/638 kB | 15 kB | 8.2/27 kBProgress (4): 180/502 kB | 63/638 kB | 15 kB | 12/27 kB Progress (4): 180/502 kB | 63/638 kB | 15 kB | 16/27 kBProgress (4): 180/502 kB | 63/638 kB | 15 kB | 20/27 kBProgress (4): 180/502 kB | 63/638 kB | 15 kB | 25/27 kBProgress (4): 180/502 kB | 63/638 kB | 15 kB | 27 kB   Progress (4): 180/502 kB | 66/638 kB | 15 kB | 27 kBProgress (4): 180/502 kB | 69/638 kB | 15 kB | 27 kBProgress (4): 180/502 kB | 71/638 kB | 15 kB | 27 kBProgress (4): 184/502 kB | 71/638 kB | 15 kB | 27 kBProgress (4): 188/502 kB | 71/638 kB | 15 kB | 27 kBProgress (4): 193/502 kB | 71/638 kB | 15 kB | 27 kBProgress (5): 193/502 kB | 71/638 kB | 15 kB | 27 kB | 4.1/177 kBProgress (5): 193/502 kB | 71/638 kB | 15 kB | 27 kB | 8.2/177 kBProgress (5): 193/502 kB | 71/638 kB | 15 kB | 27 kB | 12/177 kB                                                                 Downloaded from central: https://repo.maven.apache.org/maven2/org/apache/maven/maven-builder-support/3.3.9/maven-builder-support-3.3.9.jar (15 kB at 88 kB/s)
Downloading from central: https://repo.maven.apache.org/maven2/org/apache/maven/maven-aether-provider/3.3.9/maven-aether-provider-3.3.9.jar
Progress (4): 197/502 kB | 71/638 kB | 27 kB | 12/177 kBProgress (4): 201/502 kB | 71/638 kB | 27 kB | 12/177 kBProgress (4): 205/502 kB | 71/638 kB | 27 kB | 12/177 kBProgress (4): 209/502 kB | 71/638 kB | 27 kB | 12/177 kBProgress (4): 213/502 kB | 71/638 kB | 27 kB | 12/177 kBProgress (4): 213/502 kB | 71/638 kB | 27 kB | 16/177 kBProgress (4): 213/502 kB | 71/638 kB | 27 kB | 20/177 kBProgress (4): 213/502 kB | 71/638 kB | 27 kB | 25/177 kBProgress (4): 213/502 kB | 71/638 kB | 27 kB | 29/177 kBProgress (4): 213/502 kB | 71/638 kB | 27 kB | 33/177 kBProgress (4): 213/502 kB | 71/638 kB | 27 kB | 37/177 kBProgress (4): 213/502 kB | 71/638 kB | 27 kB | 41/177 kBProgress (4): 213/502 kB | 71/638 kB | 27 kB | 45/177 kBProgress (4): 213/502 kB | 71/638 kB | 27 kB | 49/177 kBProgress (4): 213/502 kB | 71/638 kB | 27 kB | 53/177 kBProgress (4): 213/502 kB | 71/638 kB | 27 kB | 57/177 kBProgress (4): 213/502 kB | 71/638 kB | 27 kB | 61/177 kBProgress (4): 213/502 kB | 71/638 kB | 27 kB | 66/177 kBProgress (4): 217/502 kB | 71/638 kB | 27 kB | 66/177 kBProgress (4): 221/502 kB | 71/638 kB | 27 kB | 66/177 kBProgress (4): 225/502 kB | 71/638 kB | 27 kB | 66/177 kB                                                        Downloaded from central: https://repo.maven.apache.org/maven2/org/apache/maven/maven-repository-metadata/3.3.9/maven-repository-metadata-3.3.9.jar (27 kB at 153 kB/s)
Downloading from central: https://repo.maven.apache.org/maven2/org/eclipse/aether/aether-spi/1.0.2.v20150114/aether-spi-1.0.2.v20150114.jar
Progress (4): 225/502 kB | 71/638 kB | 66/177 kB | 4.1/67 kBProgress (4): 225/502 kB | 74/638 kB | 66/177 kB | 4.1/67 kBProgress (4): 225/502 kB | 77/638 kB | 66/177 kB | 4.1/67 kBProgress (4): 225/502 kB | 80/638 kB | 66/177 kB | 4.1/67 kBProgress (4): 225/502 kB | 82/638 kB | 66/177 kB | 4.1/67 kBProgress (4): 225/502 kB | 85/638 kB | 66/177 kB | 4.1/67 kBProgress (4): 225/502 kB | 88/638 kB | 66/177 kB | 4.1/67 kBProgress (4): 225/502 kB | 90/638 kB | 66/177 kB | 4.1/67 kBProgress (4): 225/502 kB | 93/638 kB | 66/177 kB | 4.1/67 kBProgress (4): 225/502 kB | 96/638 kB | 66/177 kB | 4.1/67 kBProgress (4): 225/502 kB | 99/638 kB | 66/177 kB | 4.1/67 kBProgress (4): 229/502 kB | 99/638 kB | 66/177 kB | 4.1/67 kBProgress (4): 233/502 kB | 99/638 kB | 66/177 kB | 4.1/67 kBProgress (4): 238/502 kB | 99/638 kB | 66/177 kB | 4.1/67 kBProgress (4): 242/502 kB | 99/638 kB | 66/177 kB | 4.1/67 kBProgress (4): 246/502 kB | 99/638 kB | 66/177 kB | 4.1/67 kBProgress (4): 250/502 kB | 99/638 kB | 66/177 kB | 4.1/67 kBProgress (4): 254/502 kB | 99/638 kB | 66/177 kB | 4.1/67 kBProgress (4): 258/502 kB | 99/638 kB | 66/177 kB | 4.1/67 kBProgress (4): 262/502 kB | 99/638 kB | 66/177 kB | 4.1/67 kBProgress (4): 266/502 kB | 99/638 kB | 66/177 kB | 4.1/67 kBProgress (4): 270/502 kB | 99/638 kB | 66/177 kB | 4.1/67 kBProgress (4): 274/502 kB | 99/638 kB | 66/177 kB | 4.1/67 kBProgress (5): 274/502 kB | 99/638 kB | 66/177 kB | 4.1/67 kB | 4.1/31 kBProgress (5): 274/502 kB | 99/638 kB | 66/177 kB | 4.1/67 kB | 8.2/31 kBProgress (5): 274/502 kB | 99/638 kB | 66/177 kB | 4.1/67 kB | 12/31 kB Progress (5): 274/502 kB | 99/638 kB | 66/177 kB | 4.1/67 kB | 16/31 kBProgress (5): 274/502 kB | 99/638 kB | 66/177 kB | 4.1/67 kB | 20/31 kBProgress (5): 274/502 kB | 99/638 kB | 66/177 kB | 4.1/67 kB | 25/31 kBProgress (5): 274/502 kB | 99/638 kB | 66/177 kB | 4.1/67 kB | 29/31 kBProgress (5): 274/502 kB | 99/638 kB | 66/177 kB | 4.1/67 kB | 31 kB   Progress (5): 274/502 kB | 99/638 kB | 66/177 kB | 8.2/67 kB | 31 kBProgress (5): 274/502 kB | 99/638 kB | 66/177 kB | 12/67 kB | 31 kB Progress (5): 274/502 kB | 99/638 kB | 66/177 kB | 16/67 kB | 31 kBProgress (5): 274/502 kB | 99/638 kB | 66/177 kB | 20/67 kB | 31 kBProgress (5): 274/502 kB | 99/638 kB | 66/177 kB | 25/67 kB | 31 kBProgress (5): 274/502 kB | 99/638 kB | 66/177 kB | 29/67 kB | 31 kBProgress (5): 274/502 kB | 99/638 kB | 66/177 kB | 33/67 kB | 31 kBProgress (5): 274/502 kB | 99/638 kB | 66/177 kB | 37/67 kB | 31 kBProgress (5): 274/502 kB | 99/638 kB | 66/177 kB | 41/67 kB | 31 kBProgress (5): 274/502 kB | 99/638 kB | 66/177 kB | 45/67 kB | 31 kBProgress (5): 274/502 kB | 99/638 kB | 66/177 kB | 49/67 kB | 31 kBProgress (5): 274/502 kB | 99/638 kB | 66/177 kB | 53/67 kB | 31 kBProgress (5): 274/502 kB | 99/638 kB | 66/177 kB | 57/67 kB | 31 kBProgress (5): 274/502 kB | 99/638 kB | 66/177 kB | 61/67 kB | 31 kBProgress (5): 274/502 kB | 99/638 kB | 66/177 kB | 66/67 kB | 31 kBProgress (5): 274/502 kB | 99/638 kB | 66/177 kB | 67 kB | 31 kB   Progress (5): 274/502 kB | 99/638 kB | 70/177 kB | 67 kB | 31 kBProgress (5): 274/502 kB | 99/638 kB | 74/177 kB | 67 kB | 31 kBProgress (5): 274/502 kB | 99/638 kB | 78/177 kB | 67 kB | 31 kBProgress (5): 274/502 kB | 99/638 kB | 82/177 kB | 67 kB | 31 kBProgress (5): 274/502 kB | 99/638 kB | 86/177 kB | 67 kB | 31 kBProgress (5): 274/502 kB | 99/638 kB | 90/177 kB | 67 kB | 31 kBProgress (5): 274/502 kB | 99/638 kB | 94/177 kB | 67 kB | 31 kBProgress (5): 274/502 kB | 99/638 kB | 98/177 kB | 67 kB | 31 kBProgress (5): 274/502 kB | 99/638 kB | 102/177 kB | 67 kB | 31 kBProgress (5): 274/502 kB | 99/638 kB | 106/177 kB | 67 kB | 31 kBProgress (5): 274/502 kB | 99/638 kB | 111/177 kB | 67 kB | 31 kBProgress (5): 274/502 kB | 99/638 kB | 115/177 kB | 67 kB | 31 kBProgress (5): 274/502 kB | 99/638 kB | 119/177 kB | 67 kB | 31 kBProgress (5): 274/502 kB | 99/638 kB | 123/177 kB | 67 kB | 31 kBProgress (5): 274/502 kB | 99/638 kB | 127/177 kB | 67 kB | 31 kBProgress (5): 274/502 kB | 99/638 kB | 131/177 kB | 67 kB | 31 kBProgress (5): 274/502 kB | 101/638 kB | 131/177 kB | 67 kB | 31 kBProgress (5): 274/502 kB | 104/638 kB | 131/177 kB | 67 kB | 31 kBProgress (5): 274/502 kB | 107/638 kB | 131/177 kB | 67 kB | 31 kBProgress (5): 274/502 kB | 110/638 kB | 131/177 kB | 67 kB | 31 kBProgress (5): 274/502 kB | 112/638 kB | 131/177 kB | 67 kB | 31 kBProgress (5): 274/502 kB | 115/638 kB | 131/177 kB | 67 kB | 31 kBProgress (5): 274/502 kB | 118/638 kB | 131/177 kB | 67 kB | 31 kBProgress (5): 274/502 kB | 121/638 kB | 131/177 kB | 67 kB | 31 kBProgress (5): 274/502 kB | 123/638 kB | 131/177 kB | 67 kB | 31 kBProgress (5): 274/502 kB | 126/638 kB | 131/177 kB | 67 kB | 31 kBProgress (5): 274/502 kB | 129/638 kB | 131/177 kB | 67 kB | 31 kBProgress (5): 274/502 kB | 132/638 kB | 131/177 kB | 67 kB | 31 kBProgress (5): 274/502 kB | 134/638 kB | 131/177 kB | 67 kB | 31 kB                                                                  Downloaded from central: https://repo.maven.apache.org/maven2/org/eclipse/aether/aether-spi/1.0.2.v20150114/aether-spi-1.0.2.v20150114.jar (31 kB at 149 kB/s)
Downloading from central: https://repo.maven.apache.org/maven2/org/eclipse/aether/aether-impl/1.0.2.v20150114/aether-impl-1.0.2.v20150114.jar
Progress (4): 279/502 kB | 134/638 kB | 131/177 kB | 67 kBProgress (4): 283/502 kB | 134/638 kB | 131/177 kB | 67 kBProgress (4): 287/502 kB | 134/638 kB | 131/177 kB | 67 kBProgress (4): 291/502 kB | 134/638 kB | 131/177 kB | 67 kBProgress (4): 295/502 kB | 134/638 kB | 131/177 kB | 67 kBProgress (4): 299/502 kB | 134/638 kB | 131/177 kB | 67 kBProgress (4): 303/502 kB | 134/638 kB | 131/177 kB | 67 kBProgress (4): 307/502 kB | 134/638 kB | 131/177 kB | 67 kBProgress (4): 311/502 kB | 134/638 kB | 131/177 kB | 67 kBProgress (4): 315/502 kB | 134/638 kB | 131/177 kB | 67 kBProgress (4): 319/502 kB | 134/638 kB | 131/177 kB | 67 kBProgress (4): 324/502 kB | 134/638 kB | 131/177 kB | 67 kBProgress (4): 328/502 kB | 134/638 kB | 131/177 kB | 67 kBProgress (4): 332/502 kB | 134/638 kB | 131/177 kB | 67 kBProgress (4): 336/502 kB | 134/638 kB | 131/177 kB | 67 kBProgress (4): 336/502 kB | 134/638 kB | 135/177 kB | 67 kBProgress (4): 336/502 kB | 134/638 kB | 139/177 kB | 67 kBProgress (4): 336/502 kB | 134/638 kB | 143/177 kB | 67 kBProgress (4): 336/502 kB | 134/638 kB | 147/177 kB | 67 kBProgress (4): 336/502 kB | 134/638 kB | 152/177 kB | 67 kBProgress (4): 336/502 kB | 137/638 kB | 152/177 kB | 67 kBProgress (4): 336/502 kB | 140/638 kB | 152/177 kB | 67 kBProgress (5): 336/502 kB | 140/638 kB | 152/177 kB | 67 kB | 4.1/173 kBProgress (5): 336/502 kB | 140/638 kB | 152/177 kB | 67 kB | 8.2/173 kBProgress (5): 336/502 kB | 140/638 kB | 152/177 kB | 67 kB | 12/173 kB Progress (5): 336/502 kB | 140/638 kB | 152/177 kB | 67 kB | 16/173 kBProgress (5): 336/502 kB | 140/638 kB | 152/177 kB | 67 kB | 20/173 kB                                                                      Downloaded from central: https://repo.maven.apache.org/maven2/org/apache/maven/maven-aether-provider/3.3.9/maven-aether-provider-3.3.9.jar (67 kB at 297 kB/s)
Downloading from central: https://repo.maven.apache.org/maven2/org/eclipse/aether/aether-api/1.0.2.v20150114/aether-api-1.0.2.v20150114.jar
Progress (4): 336/502 kB | 140/638 kB | 152/177 kB | 25/173 kBProgress (4): 336/502 kB | 140/638 kB | 152/177 kB | 29/173 kBProgress (4): 336/502 kB | 140/638 kB | 152/177 kB | 33/173 kBProgress (4): 336/502 kB | 140/638 kB | 152/177 kB | 37/173 kBProgress (4): 336/502 kB | 140/638 kB | 152/177 kB | 41/173 kBProgress (4): 336/502 kB | 140/638 kB | 152/177 kB | 45/173 kBProgress (4): 336/502 kB | 140/638 kB | 152/177 kB | 49/173 kBProgress (4): 336/502 kB | 140/638 kB | 152/177 kB | 53/173 kBProgress (4): 336/502 kB | 140/638 kB | 152/177 kB | 57/173 kBProgress (4): 336/502 kB | 140/638 kB | 152/177 kB | 61/173 kBProgress (4): 336/502 kB | 140/638 kB | 152/177 kB | 66/173 kBProgress (4): 336/502 kB | 140/638 kB | 152/177 kB | 70/173 kBProgress (4): 336/502 kB | 140/638 kB | 152/177 kB | 74/173 kBProgress (4): 336/502 kB | 140/638 kB | 152/177 kB | 78/173 kBProgress (4): 336/502 kB | 140/638 kB | 152/177 kB | 82/173 kBProgress (4): 340/502 kB | 140/638 kB | 152/177 kB | 82/173 kBProgress (4): 344/502 kB | 140/638 kB | 152/177 kB | 82/173 kBProgress (4): 348/502 kB | 140/638 kB | 152/177 kB | 82/173 kBProgress (4): 352/502 kB | 140/638 kB | 152/177 kB | 82/173 kBProgress (4): 356/502 kB | 140/638 kB | 152/177 kB | 82/173 kBProgress (4): 360/502 kB | 140/638 kB | 152/177 kB | 82/173 kBProgress (4): 365/502 kB | 140/638 kB | 152/177 kB | 82/173 kBProgress (4): 369/502 kB | 140/638 kB | 152/177 kB | 82/173 kBProgress (4): 373/502 kB | 140/638 kB | 152/177 kB | 82/173 kBProgress (4): 377/502 kB | 140/638 kB | 152/177 kB | 82/173 kBProgress (4): 381/502 kB | 140/638 kB | 152/177 kB | 82/173 kBProgress (4): 385/502 kB | 140/638 kB | 152/177 kB | 82/173 kBProgress (4): 389/502 kB | 140/638 kB | 152/177 kB | 82/173 kBProgress (4): 389/502 kB | 143/638 kB | 152/177 kB | 82/173 kBProgress (4): 389/502 kB | 145/638 kB | 152/177 kB | 82/173 kBProgress (4): 389/502 kB | 148/638 kB | 152/177 kB | 82/173 kBProgress (4): 389/502 kB | 151/638 kB | 152/177 kB | 82/173 kBProgress (4): 389/502 kB | 154/638 kB | 152/177 kB | 82/173 kBProgress (4): 389/502 kB | 156/638 kB | 152/177 kB | 82/173 kBProgress (4): 389/502 kB | 156/638 kB | 156/177 kB | 82/173 kBProgress (4): 389/502 kB | 156/638 kB | 160/177 kB | 82/173 kBProgress (4): 389/502 kB | 156/638 kB | 164/177 kB | 82/173 kBProgress (4): 389/502 kB | 156/638 kB | 168/177 kB | 82/173 kBProgress (4): 389/502 kB | 156/638 kB | 172/177 kB | 82/173 kBProgress (4): 389/502 kB | 156/638 kB | 176/177 kB | 82/173 kBProgress (4): 389/502 kB | 156/638 kB | 177 kB | 82/173 kB    Progress (5): 389/502 kB | 156/638 kB | 177 kB | 82/173 kB | 4.1/136 kBProgress (5): 389/502 kB | 156/638 kB | 177 kB | 82/173 kB | 8.2/136 kBProgress (5): 389/502 kB | 156/638 kB | 177 kB | 82/173 kB | 12/136 kB Progress (5): 389/502 kB | 156/638 kB | 177 kB | 82/173 kB | 16/136 kBProgress (5): 389/502 kB | 156/638 kB | 177 kB | 82/173 kB | 20/136 kBProgress (5): 389/502 kB | 156/638 kB | 177 kB | 82/173 kB | 25/136 kBProgress (5): 389/502 kB | 159/638 kB | 177 kB | 82/173 kB | 25/136 kBProgress (5): 389/502 kB | 162/638 kB | 177 kB | 82/173 kB | 25/136 kBProgress (5): 389/502 kB | 165/638 kB | 177 kB | 82/173 kB | 25/136 kBProgress (5): 389/502 kB | 167/638 kB | 177 kB | 82/173 kB | 25/136 kBProgress (5): 389/502 kB | 170/638 kB | 177 kB | 82/173 kB | 25/136 kBProgress (5): 389/502 kB | 173/638 kB | 177 kB | 82/173 kB | 25/136 kBProgress (5): 389/502 kB | 175/638 kB | 177 kB | 82/173 kB | 25/136 kBProgress (5): 393/502 kB | 175/638 kB | 177 kB | 82/173 kB | 25/136 kBProgress (5): 397/502 kB | 175/638 kB | 177 kB | 82/173 kB | 25/136 kBProgress (5): 401/502 kB | 175/638 kB | 177 kB | 82/173 kB | 25/136 kBProgress (5): 406/502 kB | 175/638 kB | 177 kB | 82/173 kB | 25/136 kBProgress (5): 410/502 kB | 175/638 kB | 177 kB | 82/173 kB | 25/136 kBProgress (5): 414/502 kB | 175/638 kB | 177 kB | 82/173 kB | 25/136 kBProgress (5): 418/502 kB | 175/638 kB | 177 kB | 82/173 kB | 25/136 kBProgress (5): 422/502 kB | 175/638 kB | 177 kB | 82/173 kB | 25/136 kBProgress (5): 426/502 kB | 175/638 kB | 177 kB | 82/173 kB | 25/136 kBProgress (5): 426/502 kB | 175/638 kB | 177 kB | 82/173 kB | 29/136 kBProgress (5): 426/502 kB | 175/638 kB | 177 kB | 82/173 kB | 33/136 kBProgress (5): 426/502 kB | 175/638 kB | 177 kB | 82/173 kB | 37/136 kBProgress (5): 426/502 kB | 175/638 kB | 177 kB | 82/173 kB | 41/136 kBProgress (5): 426/502 kB | 175/638 kB | 177 kB | 82/173 kB | 45/136 kBProgress (5): 426/502 kB | 175/638 kB | 177 kB | 82/173 kB | 49/136 kBProgress (5): 426/502 kB | 175/638 kB | 177 kB | 82/173 kB | 53/136 kBProgress (5): 426/502 kB | 175/638 kB | 177 kB | 82/173 kB | 57/136 kBProgress (5): 426/502 kB | 175/638 kB | 177 kB | 82/173 kB | 61/136 kBProgress (5): 426/502 kB | 175/638 kB | 177 kB | 86/173 kB | 61/136 kBProgress (5): 426/502 kB | 175/638 kB | 177 kB | 90/173 kB | 61/136 kBProgress (5): 426/502 kB | 175/638 kB | 177 kB | 94/173 kB | 61/136 kBProgress (5): 426/502 kB | 175/638 kB | 177 kB | 98/173 kB | 61/136 kBProgress (5): 426/502 kB | 175/638 kB | 177 kB | 102/173 kB | 61/136 kBProgress (5): 426/502 kB | 175/638 kB | 177 kB | 106/173 kB | 61/136 kBProgress (5): 426/502 kB | 175/638 kB | 177 kB | 111/173 kB | 61/136 kBProgress (5): 426/502 kB | 175/638 kB | 177 kB | 115/173 kB | 61/136 kB                                                                       Downloaded from central: https://repo.maven.apache.org/maven2/org/apache/maven/maven-model-builder/3.3.9/maven-model-builder-3.3.9.jar (177 kB at 676 kB/s)
Downloading from central: https://repo.maven.apache.org/maven2/org/eclipse/aether/aether-util/1.0.2.v20150114/aether-util-1.0.2.v20150114.jar
Progress (4): 426/502 kB | 178/638 kB | 115/173 kB | 61/136 kBProgress (4): 426/502 kB | 181/638 kB | 115/173 kB | 61/136 kBProgress (4): 426/502 kB | 184/638 kB | 115/173 kB | 61/136 kBProgress (4): 426/502 kB | 186/638 kB | 115/173 kB | 61/136 kBProgress (4): 426/502 kB | 189/638 kB | 115/173 kB | 61/136 kBProgress (4): 426/502 kB | 192/638 kB | 115/173 kB | 61/136 kBProgress (4): 426/502 kB | 195/638 kB | 115/173 kB | 61/136 kBProgress (4): 426/502 kB | 197/638 kB | 115/173 kB | 61/136 kBProgress (4): 426/502 kB | 200/638 kB | 115/173 kB | 61/136 kBProgress (4): 426/502 kB | 203/638 kB | 115/173 kB | 61/136 kBProgress (4): 426/502 kB | 206/638 kB | 115/173 kB | 61/136 kBProgress (4): 426/502 kB | 208/638 kB | 115/173 kB | 61/136 kBProgress (4): 426/502 kB | 208/638 kB | 115/173 kB | 66/136 kBProgress (4): 426/502 kB | 208/638 kB | 115/173 kB | 70/136 kBProgress (4): 426/502 kB | 208/638 kB | 115/173 kB | 74/136 kBProgress (4): 426/502 kB | 208/638 kB | 115/173 kB | 78/136 kBProgress (4): 426/502 kB | 208/638 kB | 115/173 kB | 82/136 kBProgress (4): 426/502 kB | 208/638 kB | 119/173 kB | 82/136 kBProgress (4): 426/502 kB | 208/638 kB | 123/173 kB | 82/136 kBProgress (4): 426/502 kB | 208/638 kB | 127/173 kB | 82/136 kBProgress (4): 426/502 kB | 208/638 kB | 131/173 kB | 82/136 kBProgress (5): 426/502 kB | 208/638 kB | 131/173 kB | 82/136 kB | 4.1/147 kBProgress (5): 426/502 kB | 208/638 kB | 131/173 kB | 82/136 kB | 8.2/147 kBProgress (5): 426/502 kB | 208/638 kB | 131/173 kB | 82/136 kB | 12/147 kB Progress (5): 426/502 kB | 208/638 kB | 131/173 kB | 82/136 kB | 16/147 kBProgress (5): 426/502 kB | 208/638 kB | 131/173 kB | 82/136 kB | 20/147 kBProgress (5): 426/502 kB | 208/638 kB | 131/173 kB | 82/136 kB | 25/147 kBProgress (5): 426/502 kB | 208/638 kB | 131/173 kB | 82/136 kB | 29/147 kBProgress (5): 426/502 kB | 208/638 kB | 131/173 kB | 82/136 kB | 33/147 kBProgress (5): 430/502 kB | 208/638 kB | 131/173 kB | 82/136 kB | 33/147 kBProgress (5): 434/502 kB | 208/638 kB | 131/173 kB | 82/136 kB | 33/147 kBProgress (5): 438/502 kB | 208/638 kB | 131/173 kB | 82/136 kB | 33/147 kBProgress (5): 442/502 kB | 208/638 kB | 131/173 kB | 82/136 kB | 33/147 kBProgress (5): 446/502 kB | 208/638 kB | 131/173 kB | 82/136 kB | 33/147 kBProgress (5): 451/502 kB | 208/638 kB | 131/173 kB | 82/136 kB | 33/147 kBProgress (5): 455/502 kB | 208/638 kB | 131/173 kB | 82/136 kB | 33/147 kBProgress (5): 459/502 kB | 208/638 kB | 131/173 kB | 82/136 kB | 33/147 kBProgress (5): 459/502 kB | 208/638 kB | 135/173 kB | 82/136 kB | 33/147 kBProgress (5): 459/502 kB | 208/638 kB | 139/173 kB | 82/136 kB | 33/147 kBProgress (5): 459/502 kB | 208/638 kB | 143/173 kB | 82/136 kB | 33/147 kBProgress (5): 459/502 kB | 208/638 kB | 147/173 kB | 82/136 kB | 33/147 kBProgress (5): 459/502 kB | 208/638 kB | 152/173 kB | 82/136 kB | 33/147 kBProgress (5): 459/502 kB | 211/638 kB | 152/173 kB | 82/136 kB | 33/147 kBProgress (5): 459/502 kB | 214/638 kB | 152/173 kB | 82/136 kB | 33/147 kBProgress (5): 459/502 kB | 217/638 kB | 152/173 kB | 82/136 kB | 33/147 kBProgress (5): 459/502 kB | 219/638 kB | 152/173 kB | 82/136 kB | 33/147 kBProgress (5): 459/502 kB | 222/638 kB | 152/173 kB | 82/136 kB | 33/147 kBProgress (5): 459/502 kB | 225/638 kB | 152/173 kB | 82/136 kB | 33/147 kBProgress (5): 459/502 kB | 228/638 kB | 152/173 kB | 82/136 kB | 33/147 kBProgress (5): 459/502 kB | 230/638 kB | 152/173 kB | 82/136 kB | 33/147 kBProgress (5): 459/502 kB | 233/638 kB | 152/173 kB | 82/136 kB | 33/147 kBProgress (5): 459/502 kB | 236/638 kB | 152/173 kB | 82/136 kB | 33/147 kBProgress (5): 459/502 kB | 239/638 kB | 152/173 kB | 82/136 kB | 33/147 kBProgress (5): 459/502 kB | 241/638 kB | 152/173 kB | 82/136 kB | 33/147 kBProgress (5): 459/502 kB | 244/638 kB | 152/173 kB | 82/136 kB | 33/147 kBProgress (5): 459/502 kB | 244/638 kB | 152/173 kB | 86/136 kB | 33/147 kBProgress (5): 459/502 kB | 244/638 kB | 152/173 kB | 90/136 kB | 33/147 kBProgress (5): 459/502 kB | 244/638 kB | 152/173 kB | 94/136 kB | 33/147 kBProgress (5): 459/502 kB | 244/638 kB | 152/173 kB | 98/136 kB | 33/147 kBProgress (5): 459/502 kB | 244/638 kB | 152/173 kB | 102/136 kB | 33/147 kBProgress (5): 459/502 kB | 244/638 kB | 152/173 kB | 106/136 kB | 33/147 kBProgress (5): 459/502 kB | 244/638 kB | 152/173 kB | 111/136 kB | 33/147 kBProgress (5): 459/502 kB | 244/638 kB | 152/173 kB | 115/136 kB | 33/147 kBProgress (5): 459/502 kB | 244/638 kB | 152/173 kB | 119/136 kB | 33/147 kBProgress (5): 459/502 kB | 244/638 kB | 152/173 kB | 123/136 kB | 33/147 kBProgress (5): 459/502 kB | 244/638 kB | 152/173 kB | 127/136 kB | 33/147 kBProgress (5): 459/502 kB | 244/638 kB | 152/173 kB | 131/136 kB | 33/147 kBProgress (5): 459/502 kB | 244/638 kB | 152/173 kB | 135/136 kB | 33/147 kBProgress (5): 459/502 kB | 244/638 kB | 152/173 kB | 136 kB | 33/147 kB    Progress (5): 459/502 kB | 244/638 kB | 156/173 kB | 136 kB | 33/147 kBProgress (5): 459/502 kB | 244/638 kB | 160/173 kB | 136 kB | 33/147 kBProgress (5): 459/502 kB | 244/638 kB | 164/173 kB | 136 kB | 33/147 kBProgress (5): 459/502 kB | 244/638 kB | 168/173 kB | 136 kB | 33/147 kBProgress (5): 459/502 kB | 244/638 kB | 172/173 kB | 136 kB | 33/147 kBProgress (5): 459/502 kB | 244/638 kB | 173 kB | 136 kB | 33/147 kB    Progress (5): 463/502 kB | 244/638 kB | 173 kB | 136 kB | 33/147 kBProgress (5): 467/502 kB | 244/638 kB | 173 kB | 136 kB | 33/147 kBProgress (5): 471/502 kB | 244/638 kB | 173 kB | 136 kB | 33/147 kBProgress (5): 475/502 kB | 244/638 kB | 173 kB | 136 kB | 33/147 kBProgress (5): 479/502 kB | 244/638 kB | 173 kB | 136 kB | 33/147 kBProgress (5): 479/502 kB | 244/638 kB | 173 kB | 136 kB | 37/147 kBProgress (5): 479/502 kB | 244/638 kB | 173 kB | 136 kB | 41/147 kBProgress (5): 479/502 kB | 244/638 kB | 173 kB | 136 kB | 45/147 kBProgress (5): 479/502 kB | 244/638 kB | 173 kB | 136 kB | 49/147 kBProgress (5): 479/502 kB | 244/638 kB | 173 kB | 136 kB | 53/147 kBProgress (5): 479/502 kB | 244/638 kB | 173 kB | 136 kB | 57/147 kBProgress (5): 479/502 kB | 244/638 kB | 173 kB | 136 kB | 61/147 kBProgress (5): 479/502 kB | 244/638 kB | 173 kB | 136 kB | 66/147 kBProgress (5): 479/502 kB | 244/638 kB | 173 kB | 136 kB | 70/147 kBProgress (5): 479/502 kB | 244/638 kB | 173 kB | 136 kB | 74/147 kBProgress (5): 479/502 kB | 244/638 kB | 173 kB | 136 kB | 78/147 kBProgress (5): 479/502 kB | 244/638 kB | 173 kB | 136 kB | 82/147 kBProgress (5): 479/502 kB | 244/638 kB | 173 kB | 136 kB | 86/147 kBProgress (5): 479/502 kB | 244/638 kB | 173 kB | 136 kB | 90/147 kBProgress (5): 479/502 kB | 244/638 kB | 173 kB | 136 kB | 94/147 kBProgress (5): 479/502 kB | 244/638 kB | 173 kB | 136 kB | 98/147 kBProgress (5): 483/502 kB | 244/638 kB | 173 kB | 136 kB | 98/147 kBProgress (5): 487/502 kB | 244/638 kB | 173 kB | 136 kB | 98/147 kBProgress (5): 492/502 kB | 244/638 kB | 173 kB | 136 kB | 98/147 kBProgress (5): 496/502 kB | 244/638 kB | 173 kB | 136 kB | 98/147 kBProgress (5): 500/502 kB | 244/638 kB | 173 kB | 136 kB | 98/147 kBProgress (5): 502 kB | 244/638 kB | 173 kB | 136 kB | 98/147 kB    Progress (5): 502 kB | 247/638 kB | 173 kB | 136 kB | 98/147 kBProgress (5): 502 kB | 250/638 kB | 173 kB | 136 kB | 98/147 kBProgress (5): 502 kB | 252/638 kB | 173 kB | 136 kB | 98/147 kBProgress (5): 502 kB | 255/638 kB | 173 kB | 136 kB | 98/147 kBProgress (5): 502 kB | 259/638 kB | 173 kB | 136 kB | 98/147 kBProgress (5): 502 kB | 263/638 kB | 173 kB | 136 kB | 98/147 kBProgress (5): 502 kB | 267/638 kB | 173 kB | 136 kB | 98/147 kBProgress (5): 502 kB | 271/638 kB | 173 kB | 136 kB | 98/147 kB                                                               Downloaded from central: https://repo.maven.apache.org/maven2/org/eclipse/aether/aether-impl/1.0.2.v20150114/aether-impl-1.0.2.v20150114.jar (173 kB at 549 kB/s)
Downloading from central: https://repo.maven.apache.org/maven2/org/eclipse/sisu/org.eclipse.sisu.plexus/0.3.2/org.eclipse.sisu.plexus-0.3.2.jar
Progress (4): 502 kB | 271/638 kB | 136 kB | 102/147 kBProgress (4): 502 kB | 271/638 kB | 136 kB | 106/147 kBProgress (4): 502 kB | 271/638 kB | 136 kB | 111/147 kBProgress (4): 502 kB | 271/638 kB | 136 kB | 115/147 kB                                                       Downloaded from central: https://repo.maven.apache.org/maven2/org/apache/commons/commons-lang3/3.8.1/commons-lang3-3.8.1.jar (502 kB at 1.6 MB/s)
Downloading from central: https://repo.maven.apache.org/maven2/javax/enterprise/cdi-api/1.0/cdi-api-1.0.jar
Progress (4): 271/638 kB | 136 kB | 115/147 kB | 4.1/205 kBProgress (4): 275/638 kB | 136 kB | 115/147 kB | 4.1/205 kBProgress (4): 280/638 kB | 136 kB | 115/147 kB | 4.1/205 kBProgress (4): 284/638 kB | 136 kB | 115/147 kB | 4.1/205 kB                                                           Downloaded from central: https://repo.maven.apache.org/maven2/org/eclipse/aether/aether-api/1.0.2.v20150114/aether-api-1.0.2.v20150114.jar (136 kB at 411 kB/s)
Downloading from central: https://repo.maven.apache.org/maven2/javax/annotation/jsr250-api/1.0/jsr250-api-1.0.jar
Progress (3): 284/638 kB | 119/147 kB | 4.1/205 kBProgress (3): 284/638 kB | 123/147 kB | 4.1/205 kBProgress (3): 284/638 kB | 127/147 kB | 4.1/205 kBProgress (3): 284/638 kB | 131/147 kB | 4.1/205 kBProgress (3): 284/638 kB | 135/147 kB | 4.1/205 kBProgress (3): 284/638 kB | 139/147 kB | 4.1/205 kBProgress (3): 284/638 kB | 143/147 kB | 4.1/205 kBProgress (3): 284/638 kB | 147 kB | 4.1/205 kB    Progress (3): 288/638 kB | 147 kB | 4.1/205 kBProgress (3): 292/638 kB | 147 kB | 4.1/205 kBProgress (3): 296/638 kB | 147 kB | 4.1/205 kBProgress (3): 300/638 kB | 147 kB | 4.1/205 kBProgress (3): 304/638 kB | 147 kB | 4.1/205 kBProgress (4): 304/638 kB | 147 kB | 4.1/205 kB | 4.1/5.8 kBProgress (4): 304/638 kB | 147 kB | 4.1/205 kB | 5.8 kB    Progress (5): 304/638 kB | 147 kB | 4.1/205 kB | 5.8 kB | 4.1/45 kBProgress (5): 304/638 kB | 147 kB | 4.1/205 kB | 5.8 kB | 8.2/45 kBProgress (5): 304/638 kB | 147 kB | 4.1/205 kB | 5.8 kB | 12/45 kB Progress (5): 304/638 kB | 147 kB | 4.1/205 kB | 5.8 kB | 16/45 kBProgress (5): 308/638 kB | 147 kB | 4.1/205 kB | 5.8 kB | 16/45 kBProgress (5): 312/638 kB | 147 kB | 4.1/205 kB | 5.8 kB | 16/45 kBProgress (5): 316/638 kB | 147 kB | 4.1/205 kB | 5.8 kB | 16/45 kBProgress (5): 321/638 kB | 147 kB | 4.1/205 kB | 5.8 kB | 16/45 kBProgress (5): 325/638 kB | 147 kB | 4.1/205 kB | 5.8 kB | 16/45 kBProgress (5): 325/638 kB | 147 kB | 8.2/205 kB | 5.8 kB | 16/45 kBProgress (5): 325/638 kB | 147 kB | 12/205 kB | 5.8 kB | 16/45 kB Progress (5): 325/638 kB | 147 kB | 16/205 kB | 5.8 kB | 16/45 kBProgress (5): 325/638 kB | 147 kB | 20/205 kB | 5.8 kB | 16/45 kBProgress (5): 325/638 kB | 147 kB | 25/205 kB | 5.8 kB | 16/45 kBProgress (5): 325/638 kB | 147 kB | 29/205 kB | 5.8 kB | 16/45 kBProgress (5): 325/638 kB | 147 kB | 33/205 kB | 5.8 kB | 16/45 kBProgress (5): 325/638 kB | 147 kB | 37/205 kB | 5.8 kB | 16/45 kB                                                                 Downloaded from central: https://repo.maven.apache.org/maven2/org/eclipse/aether/aether-util/1.0.2.v20150114/aether-util-1.0.2.v20150114.jar (147 kB at 411 kB/s)
Downloading from central: https://repo.maven.apache.org/maven2/org/eclipse/sisu/org.eclipse.sisu.inject/0.3.2/org.eclipse.sisu.inject-0.3.2.jar
Progress (4): 325/638 kB | 41/205 kB | 5.8 kB | 16/45 kBProgress (4): 325/638 kB | 45/205 kB | 5.8 kB | 16/45 kBProgress (4): 325/638 kB | 49/205 kB | 5.8 kB | 16/45 kBProgress (4): 325/638 kB | 53/205 kB | 5.8 kB | 16/45 kBProgress (4): 325/638 kB | 53/205 kB | 5.8 kB | 20/45 kBProgress (4): 329/638 kB | 53/205 kB | 5.8 kB | 20/45 kBProgress (4): 333/638 kB | 53/205 kB | 5.8 kB | 20/45 kBProgress (4): 337/638 kB | 53/205 kB | 5.8 kB | 20/45 kB                                                        Downloaded from central: https://repo.maven.apache.org/maven2/javax/annotation/jsr250-api/1.0/jsr250-api-1.0.jar (5.8 kB at 16 kB/s)
Downloading from central: https://repo.maven.apache.org/maven2/com/google/inject/guice/4.0/guice-4.0-no_aop.jar
Progress (3): 341/638 kB | 53/205 kB | 20/45 kBProgress (3): 345/638 kB | 53/205 kB | 20/45 kBProgress (3): 349/638 kB | 53/205 kB | 20/45 kBProgress (3): 353/638 kB | 53/205 kB | 20/45 kBProgress (3): 357/638 kB | 53/205 kB | 20/45 kBProgress (3): 362/638 kB | 53/205 kB | 20/45 kBProgress (3): 366/638 kB | 53/205 kB | 20/45 kBProgress (3): 370/638 kB | 53/205 kB | 20/45 kBProgress (3): 374/638 kB | 53/205 kB | 20/45 kBProgress (3): 378/638 kB | 53/205 kB | 20/45 kBProgress (4): 378/638 kB | 53/205 kB | 20/45 kB | 4.1/378 kBProgress (4): 378/638 kB | 53/205 kB | 20/45 kB | 8.2/378 kBProgress (4): 378/638 kB | 57/205 kB | 20/45 kB | 8.2/378 kBProgress (4): 378/638 kB | 61/205 kB | 20/45 kB | 8.2/378 kBProgress (4): 378/638 kB | 66/205 kB | 20/45 kB | 8.2/378 kBProgress (4): 378/638 kB | 66/205 kB | 25/45 kB | 8.2/378 kBProgress (4): 378/638 kB | 66/205 kB | 29/45 kB | 8.2/378 kBProgress (4): 378/638 kB | 66/205 kB | 33/45 kB | 8.2/378 kBProgress (4): 378/638 kB | 66/205 kB | 37/45 kB | 8.2/378 kBProgress (4): 378/638 kB | 66/205 kB | 41/45 kB | 8.2/378 kBProgress (4): 378/638 kB | 66/205 kB | 45 kB | 8.2/378 kB   Progress (5): 378/638 kB | 66/205 kB | 45 kB | 8.2/378 kB | 4.1/424 kBProgress (5): 378/638 kB | 66/205 kB | 45 kB | 8.2/378 kB | 8.2/424 kBProgress (5): 378/638 kB | 66/205 kB | 45 kB | 8.2/378 kB | 12/424 kB Progress (5): 378/638 kB | 66/205 kB | 45 kB | 8.2/378 kB | 16/424 kBProgress (5): 378/638 kB | 66/205 kB | 45 kB | 8.2/378 kB | 20/424 kBProgress (5): 378/638 kB | 66/205 kB | 45 kB | 8.2/378 kB | 25/424 kBProgress (5): 378/638 kB | 66/205 kB | 45 kB | 8.2/378 kB | 29/424 kBProgress (5): 382/638 kB | 66/205 kB | 45 kB | 8.2/378 kB | 29/424 kBProgress (5): 386/638 kB | 66/205 kB | 45 kB | 8.2/378 kB | 29/424 kBProgress (5): 390/638 kB | 66/205 kB | 45 kB | 8.2/378 kB | 29/424 kBProgress (5): 394/638 kB | 66/205 kB | 45 kB | 8.2/378 kB | 29/424 kBProgress (5): 398/638 kB | 66/205 kB | 45 kB | 8.2/378 kB | 29/424 kBProgress (5): 402/638 kB | 66/205 kB | 45 kB | 8.2/378 kB | 29/424 kBProgress (5): 402/638 kB | 66/205 kB | 45 kB | 8.2/378 kB | 33/424 kBProgress (5): 407/638 kB | 66/205 kB | 45 kB | 8.2/378 kB | 33/424 kBProgress (5): 411/638 kB | 66/205 kB | 45 kB | 8.2/378 kB | 33/424 kBProgress (5): 415/638 kB | 66/205 kB | 45 kB | 8.2/378 kB | 33/424 kBProgress (5): 419/638 kB | 66/205 kB | 45 kB | 8.2/378 kB | 33/424 kBProgress (5): 419/638 kB | 66/205 kB | 45 kB | 12/378 kB | 33/424 kB Progress (5): 419/638 kB | 66/205 kB | 45 kB | 16/378 kB | 33/424 kBProgress (5): 419/638 kB | 66/205 kB | 45 kB | 20/378 kB | 33/424 kBProgress (5): 419/638 kB | 66/205 kB | 45 kB | 25/378 kB | 33/424 kBProgress (5): 419/638 kB | 66/205 kB | 45 kB | 25/378 kB | 37/424 kB                                                                    Downloaded from central: https://repo.maven.apache.org/maven2/javax/enterprise/cdi-api/1.0/cdi-api-1.0.jar (45 kB at 102 kB/s)
Progress (4): 419/638 kB | 70/205 kB | 25/378 kB | 37/424 kBProgress (4): 419/638 kB | 74/205 kB | 25/378 kB | 37/424 kBProgress (4): 419/638 kB | 78/205 kB | 25/378 kB | 37/424 kBProgress (4): 419/638 kB | 82/205 kB | 25/378 kB | 37/424 kBProgress (4): 419/638 kB | 86/205 kB | 25/378 kB | 37/424 kBProgress (4): 419/638 kB | 90/205 kB | 25/378 kB | 37/424 kBProgress (4): 419/638 kB | 94/205 kB | 25/378 kB | 37/424 kBProgress (4): 419/638 kB | 98/205 kB | 25/378 kB | 37/424 kBProgress (4): 423/638 kB | 98/205 kB | 25/378 kB | 37/424 kBProgress (4): 423/638 kB | 98/205 kB | 29/378 kB | 37/424 kBProgress (4): 423/638 kB | 98/205 kB | 29/378 kB | 41/424 kBProgress (4): 423/638 kB | 98/205 kB | 29/378 kB | 45/424 kBProgress (4): 423/638 kB | 98/205 kB | 29/378 kB | 49/424 kBProgress (4): 423/638 kB | 98/205 kB | 29/378 kB | 53/424 kBProgress (4): 423/638 kB | 98/205 kB | 29/378 kB | 57/424 kBProgress (4): 423/638 kB | 98/205 kB | 29/378 kB | 61/424 kBProgress (4): 423/638 kB | 98/205 kB | 29/378 kB | 66/424 kBProgress (4): 423/638 kB | 98/205 kB | 29/378 kB | 70/424 kBProgress (4): 423/638 kB | 98/205 kB | 29/378 kB | 74/424 kBProgress (4): 423/638 kB | 98/205 kB | 29/378 kB | 78/424 kBProgress (4): 423/638 kB | 98/205 kB | 29/378 kB | 82/424 kBProgress (4): 423/638 kB | 98/205 kB | 33/378 kB | 82/424 kBProgress (4): 427/638 kB | 98/205 kB | 33/378 kB | 82/424 kBProgress (4): 431/638 kB | 98/205 kB | 33/378 kB | 82/424 kBProgress (4): 435/638 kB | 98/205 kB | 33/378 kB | 82/424 kBProgress (4): 439/638 kB | 98/205 kB | 33/378 kB | 82/424 kBProgress (4): 443/638 kB | 98/205 kB | 33/378 kB | 82/424 kBProgress (4): 448/638 kB | 98/205 kB | 33/378 kB | 82/424 kBProgress (4): 452/638 kB | 98/205 kB | 33/378 kB | 82/424 kBProgress (4): 456/638 kB | 98/205 kB | 33/378 kB | 82/424 kBProgress (4): 460/638 kB | 98/205 kB | 33/378 kB | 82/424 kBProgress (4): 464/638 kB | 98/205 kB | 33/378 kB | 82/424 kBProgress (4): 468/638 kB | 98/205 kB | 33/378 kB | 82/424 kBProgress (4): 468/638 kB | 98/205 kB | 33/378 kB | 86/424 kBProgress (4): 468/638 kB | 98/205 kB | 33/378 kB | 90/424 kB                                                            Downloading from central: https://repo.maven.apache.org/maven2/javax/inject/javax.inject/1/javax.inject-1.jar
Progress (4): 468/638 kB | 102/205 kB | 33/378 kB | 90/424 kBProgress (4): 468/638 kB | 106/205 kB | 33/378 kB | 90/424 kBProgress (4): 468/638 kB | 111/205 kB | 33/378 kB | 90/424 kBProgress (4): 468/638 kB | 115/205 kB | 33/378 kB | 90/424 kBProgress (4): 468/638 kB | 115/205 kB | 33/378 kB | 94/424 kBProgress (4): 468/638 kB | 115/205 kB | 33/378 kB | 98/424 kBProgress (4): 468/638 kB | 115/205 kB | 33/378 kB | 102/424 kBProgress (4): 468/638 kB | 115/205 kB | 33/378 kB | 106/424 kBProgress (4): 468/638 kB | 115/205 kB | 33/378 kB | 111/424 kBProgress (4): 468/638 kB | 115/205 kB | 33/378 kB | 115/424 kBProgress (4): 468/638 kB | 115/205 kB | 33/378 kB | 119/424 kBProgress (4): 468/638 kB | 115/205 kB | 33/378 kB | 123/424 kBProgress (4): 468/638 kB | 119/205 kB | 33/378 kB | 123/424 kBProgress (4): 468/638 kB | 123/205 kB | 33/378 kB | 123/424 kBProgress (4): 468/638 kB | 127/205 kB | 33/378 kB | 123/424 kBProgress (4): 468/638 kB | 131/205 kB | 33/378 kB | 123/424 kBProgress (4): 468/638 kB | 135/205 kB | 33/378 kB | 123/424 kBProgress (4): 468/638 kB | 139/205 kB | 33/378 kB | 123/424 kBProgress (4): 468/638 kB | 143/205 kB | 33/378 kB | 123/424 kBProgress (4): 468/638 kB | 147/205 kB | 33/378 kB | 123/424 kBProgress (4): 468/638 kB | 152/205 kB | 33/378 kB | 123/424 kBProgress (4): 468/638 kB | 156/205 kB | 33/378 kB | 123/424 kBProgress (4): 468/638 kB | 160/205 kB | 33/378 kB | 123/424 kBProgress (4): 468/638 kB | 164/205 kB | 33/378 kB | 123/424 kBProgress (4): 468/638 kB | 164/205 kB | 33/378 kB | 127/424 kBProgress (4): 468/638 kB | 164/205 kB | 33/378 kB | 131/424 kBProgress (4): 472/638 kB | 164/205 kB | 33/378 kB | 131/424 kBProgress (4): 475/638 kB | 164/205 kB | 33/378 kB | 131/424 kBProgress (4): 479/638 kB | 164/205 kB | 33/378 kB | 131/424 kBProgress (4): 483/638 kB | 164/205 kB | 33/378 kB | 131/424 kBProgress (4): 487/638 kB | 164/205 kB | 33/378 kB | 131/424 kBProgress (4): 487/638 kB | 164/205 kB | 37/378 kB | 131/424 kBProgress (4): 487/638 kB | 164/205 kB | 41/378 kB | 131/424 kBProgress (4): 487/638 kB | 164/205 kB | 45/378 kB | 131/424 kBProgress (4): 487/638 kB | 164/205 kB | 49/378 kB | 131/424 kBProgress (4): 487/638 kB | 164/205 kB | 53/378 kB | 131/424 kBProgress (4): 487/638 kB | 164/205 kB | 53/378 kB | 135/424 kBProgress (5): 487/638 kB | 164/205 kB | 53/378 kB | 135/424 kB | 2.5 kBProgress (5): 491/638 kB | 164/205 kB | 53/378 kB | 135/424 kB | 2.5 kBProgress (5): 495/638 kB | 164/205 kB | 53/378 kB | 135/424 kB | 2.5 kBProgress (5): 499/638 kB | 164/205 kB | 53/378 kB | 135/424 kB | 2.5 kBProgress (5): 503/638 kB | 164/205 kB | 53/378 kB | 135/424 kB | 2.5 kBProgress (5): 507/638 kB | 164/205 kB | 53/378 kB | 135/424 kB | 2.5 kBProgress (5): 511/638 kB | 164/205 kB | 53/378 kB | 135/424 kB | 2.5 kBProgress (5): 515/638 kB | 164/205 kB | 53/378 kB | 135/424 kB | 2.5 kBProgress (5): 520/638 kB | 164/205 kB | 53/378 kB | 135/424 kB | 2.5 kBProgress (5): 524/638 kB | 164/205 kB | 53/378 kB | 135/424 kB | 2.5 kBProgress (5): 524/638 kB | 168/205 kB | 53/378 kB | 135/424 kB | 2.5 kBProgress (5): 524/638 kB | 172/205 kB | 53/378 kB | 135/424 kB | 2.5 kBProgress (5): 524/638 kB | 176/205 kB | 53/378 kB | 135/424 kB | 2.5 kBProgress (5): 524/638 kB | 180/205 kB | 53/378 kB | 135/424 kB | 2.5 kBProgress (5): 524/638 kB | 180/205 kB | 53/378 kB | 139/424 kB | 2.5 kBProgress (5): 524/638 kB | 180/205 kB | 53/378 kB | 143/424 kB | 2.5 kBProgress (5): 524/638 kB | 180/205 kB | 53/378 kB | 147/424 kB | 2.5 kBProgress (5): 524/638 kB | 180/205 kB | 53/378 kB | 152/424 kB | 2.5 kBProgress (5): 524/638 kB | 180/205 kB | 53/378 kB | 156/424 kB | 2.5 kBProgress (5): 524/638 kB | 180/205 kB | 53/378 kB | 160/424 kB | 2.5 kBProgress (5): 524/638 kB | 180/205 kB | 53/378 kB | 164/424 kB | 2.5 kBProgress (5): 524/638 kB | 180/205 kB | 53/378 kB | 168/424 kB | 2.5 kBProgress (5): 524/638 kB | 180/205 kB | 53/378 kB | 172/424 kB | 2.5 kBProgress (5): 524/638 kB | 180/205 kB | 53/378 kB | 176/424 kB | 2.5 kBProgress (5): 524/638 kB | 180/205 kB | 57/378 kB | 176/424 kB | 2.5 kBProgress (5): 524/638 kB | 180/205 kB | 61/378 kB | 176/424 kB | 2.5 kBProgress (5): 524/638 kB | 180/205 kB | 66/378 kB | 176/424 kB | 2.5 kBProgress (5): 524/638 kB | 180/205 kB | 70/378 kB | 176/424 kB | 2.5 kBProgress (5): 528/638 kB | 180/205 kB | 70/378 kB | 176/424 kB | 2.5 kBProgress (5): 532/638 kB | 180/205 kB | 70/378 kB | 176/424 kB | 2.5 kBProgress (5): 536/638 kB | 180/205 kB | 70/378 kB | 176/424 kB | 2.5 kBProgress (5): 540/638 kB | 180/205 kB | 70/378 kB | 176/424 kB | 2.5 kBProgress (5): 544/638 kB | 180/205 kB | 70/378 kB | 176/424 kB | 2.5 kBProgress (5): 548/638 kB | 180/205 kB | 70/378 kB | 176/424 kB | 2.5 kBProgress (5): 552/638 kB | 180/205 kB | 70/378 kB | 176/424 kB | 2.5 kBProgress (5): 556/638 kB | 180/205 kB | 70/378 kB | 176/424 kB | 2.5 kBProgress (5): 556/638 kB | 180/205 kB | 70/378 kB | 180/424 kB | 2.5 kBProgress (5): 556/638 kB | 180/205 kB | 70/378 kB | 184/424 kB | 2.5 kBProgress (5): 556/638 kB | 180/205 kB | 70/378 kB | 188/424 kB | 2.5 kBProgress (5): 556/638 kB | 180/205 kB | 70/378 kB | 193/424 kB | 2.5 kBProgress (5): 556/638 kB | 180/205 kB | 70/378 kB | 197/424 kB | 2.5 kBProgress (5): 556/638 kB | 184/205 kB | 70/378 kB | 197/424 kB | 2.5 kBProgress (5): 556/638 kB | 188/205 kB | 70/378 kB | 197/424 kB | 2.5 kBProgress (5): 556/638 kB | 193/205 kB | 70/378 kB | 197/424 kB | 2.5 kBProgress (5): 556/638 kB | 197/205 kB | 70/378 kB | 197/424 kB | 2.5 kBProgress (5): 556/638 kB | 201/205 kB | 70/378 kB | 197/424 kB | 2.5 kBProgress (5): 556/638 kB | 205/205 kB | 70/378 kB | 197/424 kB | 2.5 kBProgress (5): 556/638 kB | 205 kB | 70/378 kB | 197/424 kB | 2.5 kB    Progress (5): 561/638 kB | 205 kB | 70/378 kB | 197/424 kB | 2.5 kBProgress (5): 565/638 kB | 205 kB | 70/378 kB | 197/424 kB | 2.5 kBProgress (5): 569/638 kB | 205 kB | 70/378 kB | 197/424 kB | 2.5 kBProgress (5): 573/638 kB | 205 kB | 70/378 kB | 197/424 kB | 2.5 kBProgress (5): 577/638 kB | 205 kB | 70/378 kB | 197/424 kB | 2.5 kBProgress (5): 581/638 kB | 205 kB | 70/378 kB | 197/424 kB | 2.5 kBProgress (5): 585/638 kB | 205 kB | 70/378 kB | 197/424 kB | 2.5 kBProgress (5): 589/638 kB | 205 kB | 70/378 kB | 197/424 kB | 2.5 kBProgress (5): 593/638 kB | 205 kB | 70/378 kB | 197/424 kB | 2.5 kBProgress (5): 597/638 kB | 205 kB | 70/378 kB | 197/424 kB | 2.5 kBProgress (5): 602/638 kB | 205 kB | 70/378 kB | 197/424 kB | 2.5 kBProgress (5): 606/638 kB | 205 kB | 70/378 kB | 197/424 kB | 2.5 kBProgress (5): 610/638 kB | 205 kB | 70/378 kB | 197/424 kB | 2.5 kBProgress (5): 610/638 kB | 205 kB | 74/378 kB | 197/424 kB | 2.5 kBProgress (5): 610/638 kB | 205 kB | 78/378 kB | 197/424 kB | 2.5 kBProgress (5): 610/638 kB | 205 kB | 82/378 kB | 197/424 kB | 2.5 kB                                                                   Downloaded from central: https://repo.maven.apache.org/maven2/org/eclipse/sisu/org.eclipse.sisu.plexus/0.3.2/org.eclipse.sisu.plexus-0.3.2.jar (205 kB at 354 kB/s)
Downloaded from central: https://repo.maven.apache.org/maven2/javax/inject/javax.inject/1/javax.inject-1.jar (2.5 kB at 4.2 kB/s)
Downloading from central: https://repo.maven.apache.org/maven2/aopalliance/aopalliance/1.0/aopalliance-1.0.jar
Progress (3): 610/638 kB | 82/378 kB | 201/424 kBProgress (3): 610/638 kB | 82/378 kB | 205/424 kBProgress (3): 610/638 kB | 82/378 kB | 209/424 kBProgress (3): 610/638 kB | 82/378 kB | 213/424 kBProgress (3): 610/638 kB | 82/378 kB | 217/424 kBProgress (3): 610/638 kB | 82/378 kB | 221/424 kBProgress (3): 610/638 kB | 82/378 kB | 225/424 kBProgress (3): 610/638 kB | 82/378 kB | 229/424 kBProgress (3): 610/638 kB | 82/378 kB | 233/424 kBProgress (3): 614/638 kB | 82/378 kB | 233/424 kBProgress (3): 618/638 kB | 82/378 kB | 233/424 kBProgress (3): 622/638 kB | 82/378 kB | 233/424 kBProgress (3): 626/638 kB | 82/378 kB | 233/424 kBProgress (3): 630/638 kB | 82/378 kB | 233/424 kBProgress (3): 634/638 kB | 82/378 kB | 233/424 kBProgress (3): 638 kB | 82/378 kB | 233/424 kB    Progress (3): 638 kB | 86/378 kB | 233/424 kBProgress (3): 638 kB | 90/378 kB | 233/424 kBProgress (3): 638 kB | 94/378 kB | 233/424 kBProgress (3): 638 kB | 98/378 kB | 233/424 kBProgress (3): 638 kB | 102/378 kB | 233/424 kBProgress (3): 638 kB | 106/378 kB | 233/424 kBProgress (3): 638 kB | 111/378 kB | 233/424 kBProgress (3): 638 kB | 115/378 kB | 233/424 kBProgress (3): 638 kB | 119/378 kB | 233/424 kBProgress (3): 638 kB | 119/378 kB | 238/424 kBProgress (3): 638 kB | 119/378 kB | 242/424 kBProgress (3): 638 kB | 119/378 kB | 246/424 kBProgress (3): 638 kB | 119/378 kB | 250/424 kBProgress (3): 638 kB | 119/378 kB | 254/424 kBProgress (3): 638 kB | 119/378 kB | 258/424 kB                                              Downloaded from central: https://repo.maven.apache.org/maven2/org/apache/maven/maven-core/3.3.9/maven-core-3.3.9.jar (638 kB at 1.0 MB/s)
Downloading from central: https://repo.maven.apache.org/maven2/org/codehaus/plexus/plexus-component-annotations/1.6/plexus-component-annotations-1.6.jar
Downloading from central: https://repo.maven.apache.org/maven2/org/codehaus/plexus/plexus-classworlds/2.5.2/plexus-classworlds-2.5.2.jar
Progress (3): 119/378 kB | 258/424 kB | 4.1/4.5 kBProgress (3): 119/378 kB | 258/424 kB | 4.5 kB    Progress (4): 119/378 kB | 258/424 kB | 4.5 kB | 4.1/53 kBProgress (4): 119/378 kB | 258/424 kB | 4.5 kB | 8.2/53 kBProgress (4): 119/378 kB | 258/424 kB | 4.5 kB | 12/53 kB Progress (4): 119/378 kB | 262/424 kB | 4.5 kB | 12/53 kBProgress (4): 119/378 kB | 266/424 kB | 4.5 kB | 12/53 kBProgress (4): 119/378 kB | 270/424 kB | 4.5 kB | 12/53 kBProgress (4): 119/378 kB | 274/424 kB | 4.5 kB | 12/53 kBProgress (4): 119/378 kB | 279/424 kB | 4.5 kB | 12/53 kBProgress (4): 119/378 kB | 283/424 kB | 4.5 kB | 12/53 kBProgress (4): 119/378 kB | 287/424 kB | 4.5 kB | 12/53 kBProgress (4): 119/378 kB | 291/424 kB | 4.5 kB | 12/53 kBProgress (4): 119/378 kB | 295/424 kB | 4.5 kB | 12/53 kBProgress (5): 119/378 kB | 295/424 kB | 4.5 kB | 12/53 kB | 4.1/4.3 kBProgress (5): 119/378 kB | 295/424 kB | 4.5 kB | 12/53 kB | 4.3 kB    Progress (5): 123/378 kB | 295/424 kB | 4.5 kB | 12/53 kB | 4.3 kBProgress (5): 127/378 kB | 295/424 kB | 4.5 kB | 12/53 kB | 4.3 kBProgress (5): 131/378 kB | 295/424 kB | 4.5 kB | 12/53 kB | 4.3 kBProgress (5): 135/378 kB | 295/424 kB | 4.5 kB | 12/53 kB | 4.3 kBProgress (5): 139/378 kB | 295/424 kB | 4.5 kB | 12/53 kB | 4.3 kBProgress (5): 143/378 kB | 295/424 kB | 4.5 kB | 12/53 kB | 4.3 kBProgress (5): 143/378 kB | 295/424 kB | 4.5 kB | 16/53 kB | 4.3 kBProgress (5): 143/378 kB | 295/424 kB | 4.5 kB | 20/53 kB | 4.3 kBProgress (5): 143/378 kB | 295/424 kB | 4.5 kB | 25/53 kB | 4.3 kBProgress (5): 143/378 kB | 295/424 kB | 4.5 kB | 29/53 kB | 4.3 kBProgress (5): 143/378 kB | 295/424 kB | 4.5 kB | 33/53 kB | 4.3 kBProgress (5): 147/378 kB | 295/424 kB | 4.5 kB | 33/53 kB | 4.3 kBProgress (5): 152/378 kB | 295/424 kB | 4.5 kB | 33/53 kB | 4.3 kBProgress (5): 156/378 kB | 295/424 kB | 4.5 kB | 33/53 kB | 4.3 kBProgress (5): 160/378 kB | 295/424 kB | 4.5 kB | 33/53 kB | 4.3 kBProgress (5): 164/378 kB | 295/424 kB | 4.5 kB | 33/53 kB | 4.3 kBProgress (5): 164/378 kB | 295/424 kB | 4.5 kB | 37/53 kB | 4.3 kBProgress (5): 164/378 kB | 295/424 kB | 4.5 kB | 41/53 kB | 4.3 kBProgress (5): 164/378 kB | 295/424 kB | 4.5 kB | 45/53 kB | 4.3 kBProgress (5): 164/378 kB | 295/424 kB | 4.5 kB | 49/53 kB | 4.3 kBProgress (5): 164/378 kB | 295/424 kB | 4.5 kB | 53 kB | 4.3 kB                                                                  Downloaded from central: https://repo.maven.apache.org/maven2/org/codehaus/plexus/plexus-component-annotations/1.6/plexus-component-annotations-1.6.jar (4.3 kB at 6.3 kB/s)
Downloading from central: https://repo.maven.apache.org/maven2/org/apache/maven/maven-model/3.3.9/maven-model-3.3.9.jar
Progress (4): 164/378 kB | 299/424 kB | 4.5 kB | 53 kBProgress (4): 164/378 kB | 303/424 kB | 4.5 kB | 53 kBProgress (4): 164/378 kB | 307/424 kB | 4.5 kB | 53 kBProgress (4): 164/378 kB | 311/424 kB | 4.5 kB | 53 kBProgress (4): 164/378 kB | 315/424 kB | 4.5 kB | 53 kBProgress (4): 164/378 kB | 319/424 kB | 4.5 kB | 53 kBProgress (4): 164/378 kB | 324/424 kB | 4.5 kB | 53 kBProgress (4): 164/378 kB | 328/424 kB | 4.5 kB | 53 kBProgress (4): 164/378 kB | 332/424 kB | 4.5 kB | 53 kBProgress (4): 168/378 kB | 332/424 kB | 4.5 kB | 53 kBProgress (4): 172/378 kB | 332/424 kB | 4.5 kB | 53 kBProgress (4): 176/378 kB | 332/424 kB | 4.5 kB | 53 kBProgress (4): 180/378 kB | 332/424 kB | 4.5 kB | 53 kB                                                      Downloaded from central: https://repo.maven.apache.org/maven2/aopalliance/aopalliance/1.0/aopalliance-1.0.jar (4.5 kB at 6.5 kB/s)
Progress (4): 180/378 kB | 332/424 kB | 53 kB | 4.1/164 kBProgress (4): 180/378 kB | 332/424 kB | 53 kB | 8.2/164 kBProgress (4): 180/378 kB | 332/424 kB | 53 kB | 12/164 kB Progress (4): 180/378 kB | 332/424 kB | 53 kB | 16/164 kBProgress (4): 180/378 kB | 332/424 kB | 53 kB | 20/164 kBProgress (4): 180/378 kB | 332/424 kB | 53 kB | 25/164 kBProgress (4): 180/378 kB | 332/424 kB | 53 kB | 29/164 kBProgress (4): 180/378 kB | 332/424 kB | 53 kB | 33/164 kB                                                         Downloaded from central: https://repo.maven.apache.org/maven2/org/codehaus/plexus/plexus-classworlds/2.5.2/plexus-classworlds-2.5.2.jar (53 kB at 76 kB/s)
Downloading from central: https://repo.maven.apache.org/maven2/org/apache/maven/maven-plugin-api/3.3.9/maven-plugin-api-3.3.9.jar
Downloading from central: https://repo.maven.apache.org/maven2/org/apache/maven/maven-settings/3.3.9/maven-settings-3.3.9.jar
Progress (3): 180/378 kB | 336/424 kB | 33/164 kBProgress (3): 180/378 kB | 340/424 kB | 33/164 kBProgress (3): 180/378 kB | 344/424 kB | 33/164 kBProgress (3): 180/378 kB | 348/424 kB | 33/164 kBProgress (3): 180/378 kB | 352/424 kB | 33/164 kBProgress (3): 184/378 kB | 352/424 kB | 33/164 kBProgress (3): 188/378 kB | 352/424 kB | 33/164 kBProgress (3): 193/378 kB | 352/424 kB | 33/164 kBProgress (3): 197/378 kB | 352/424 kB | 33/164 kBProgress (3): 201/378 kB | 352/424 kB | 33/164 kBProgress (3): 205/378 kB | 352/424 kB | 33/164 kBProgress (3): 209/378 kB | 352/424 kB | 33/164 kBProgress (3): 213/378 kB | 352/424 kB | 33/164 kBProgress (4): 213/378 kB | 352/424 kB | 33/164 kB | 4.1/47 kBProgress (4): 213/378 kB | 352/424 kB | 33/164 kB | 8.2/47 kBProgress (4): 213/378 kB | 352/424 kB | 33/164 kB | 12/47 kB Progress (4): 213/378 kB | 352/424 kB | 33/164 kB | 16/47 kBProgress (4): 213/378 kB | 352/424 kB | 33/164 kB | 20/47 kBProgress (5): 213/378 kB | 352/424 kB | 33/164 kB | 20/47 kB | 4.1/44 kBProgress (5): 213/378 kB | 352/424 kB | 33/164 kB | 20/47 kB | 8.2/44 kBProgress (5): 213/378 kB | 352/424 kB | 33/164 kB | 20/47 kB | 12/44 kB Progress (5): 213/378 kB | 352/424 kB | 33/164 kB | 20/47 kB | 16/44 kBProgress (5): 213/378 kB | 352/424 kB | 33/164 kB | 20/47 kB | 20/44 kBProgress (5): 213/378 kB | 352/424 kB | 33/164 kB | 20/47 kB | 25/44 kBProgress (5): 213/378 kB | 352/424 kB | 33/164 kB | 20/47 kB | 29/44 kBProgress (5): 213/378 kB | 352/424 kB | 33/164 kB | 20/47 kB | 33/44 kBProgress (5): 213/378 kB | 352/424 kB | 33/164 kB | 20/47 kB | 37/44 kBProgress (5): 213/378 kB | 352/424 kB | 33/164 kB | 20/47 kB | 41/44 kBProgress (5): 213/378 kB | 352/424 kB | 33/164 kB | 20/47 kB | 44 kB   Progress (5): 213/378 kB | 352/424 kB | 37/164 kB | 20/47 kB | 44 kBProgress (5): 213/378 kB | 352/424 kB | 41/164 kB | 20/47 kB | 44 kBProgress (5): 213/378 kB | 352/424 kB | 45/164 kB | 20/47 kB | 44 kBProgress (5): 213/378 kB | 352/424 kB | 49/164 kB | 20/47 kB | 44 kBProgress (5): 213/378 kB | 352/424 kB | 53/164 kB | 20/47 kB | 44 kBProgress (5): 213/378 kB | 352/424 kB | 57/164 kB | 20/47 kB | 44 kBProgress (5): 213/378 kB | 352/424 kB | 61/164 kB | 20/47 kB | 44 kBProgress (5): 213/378 kB | 352/424 kB | 66/164 kB | 20/47 kB | 44 kBProgress (5): 213/378 kB | 352/424 kB | 70/164 kB | 20/47 kB | 44 kBProgress (5): 213/378 kB | 352/424 kB | 74/164 kB | 20/47 kB | 44 kBProgress (5): 213/378 kB | 352/424 kB | 78/164 kB | 20/47 kB | 44 kBProgress (5): 213/378 kB | 352/424 kB | 82/164 kB | 20/47 kB | 44 kBProgress (5): 213/378 kB | 352/424 kB | 86/164 kB | 20/47 kB | 44 kBProgress (5): 213/378 kB | 352/424 kB | 90/164 kB | 20/47 kB | 44 kBProgress (5): 213/378 kB | 352/424 kB | 94/164 kB | 20/47 kB | 44 kBProgress (5): 213/378 kB | 352/424 kB | 98/164 kB | 20/47 kB | 44 kBProgress (5): 217/378 kB | 352/424 kB | 98/164 kB | 20/47 kB | 44 kBProgress (5): 221/378 kB | 352/424 kB | 98/164 kB | 20/47 kB | 44 kBProgress (5): 225/378 kB | 352/424 kB | 98/164 kB | 20/47 kB | 44 kBProgress (5): 229/378 kB | 352/424 kB | 98/164 kB | 20/47 kB | 44 kBProgress (5): 233/378 kB | 352/424 kB | 98/164 kB | 20/47 kB | 44 kBProgress (5): 238/378 kB | 352/424 kB | 98/164 kB | 20/47 kB | 44 kBProgress (5): 242/378 kB | 352/424 kB | 98/164 kB | 20/47 kB | 44 kBProgress (5): 246/378 kB | 352/424 kB | 98/164 kB | 20/47 kB | 44 kBProgress (5): 250/378 kB | 352/424 kB | 98/164 kB | 20/47 kB | 44 kBProgress (5): 254/378 kB | 352/424 kB | 98/164 kB | 20/47 kB | 44 kBProgress (5): 254/378 kB | 356/424 kB | 98/164 kB | 20/47 kB | 44 kBProgress (5): 254/378 kB | 360/424 kB | 98/164 kB | 20/47 kB | 44 kBProgress (5): 254/378 kB | 365/424 kB | 98/164 kB | 20/47 kB | 44 kBProgress (5): 254/378 kB | 369/424 kB | 98/164 kB | 20/47 kB | 44 kBProgress (5): 254/378 kB | 373/424 kB | 98/164 kB | 20/47 kB | 44 kBProgress (5): 254/378 kB | 377/424 kB | 98/164 kB | 20/47 kB | 44 kBProgress (5): 254/378 kB | 381/424 kB | 98/164 kB | 20/47 kB | 44 kBProgress (5): 254/378 kB | 385/424 kB | 98/164 kB | 20/47 kB | 44 kBProgress (5): 254/378 kB | 389/424 kB | 98/164 kB | 20/47 kB | 44 kBProgress (5): 254/378 kB | 393/424 kB | 98/164 kB | 20/47 kB | 44 kBProgress (5): 254/378 kB | 397/424 kB | 98/164 kB | 20/47 kB | 44 kBProgress (5): 254/378 kB | 401/424 kB | 98/164 kB | 20/47 kB | 44 kBProgress (5): 254/378 kB | 406/424 kB | 98/164 kB | 20/47 kB | 44 kBProgress (5): 254/378 kB | 410/424 kB | 98/164 kB | 20/47 kB | 44 kBProgress (5): 254/378 kB | 414/424 kB | 98/164 kB | 20/47 kB | 44 kBProgress (5): 254/378 kB | 418/424 kB | 98/164 kB | 20/47 kB | 44 kBProgress (5): 254/378 kB | 422/424 kB | 98/164 kB | 20/47 kB | 44 kBProgress (5): 254/378 kB | 422/424 kB | 98/164 kB | 25/47 kB | 44 kBProgress (5): 254/378 kB | 422/424 kB | 98/164 kB | 29/47 kB | 44 kBProgress (5): 254/378 kB | 422/424 kB | 98/164 kB | 33/47 kB | 44 kBProgress (5): 254/378 kB | 422/424 kB | 98/164 kB | 37/47 kB | 44 kBProgress (5): 254/378 kB | 422/424 kB | 98/164 kB | 41/47 kB | 44 kBProgress (5): 254/378 kB | 422/424 kB | 98/164 kB | 45/47 kB | 44 kBProgress (5): 254/378 kB | 422/424 kB | 98/164 kB | 47 kB | 44 kB   Progress (5): 258/378 kB | 422/424 kB | 98/164 kB | 47 kB | 44 kBProgress (5): 262/378 kB | 422/424 kB | 98/164 kB | 47 kB | 44 kBProgress (5): 262/378 kB | 422/424 kB | 102/164 kB | 47 kB | 44 kBProgress (5): 262/378 kB | 422/424 kB | 106/164 kB | 47 kB | 44 kBProgress (5): 262/378 kB | 422/424 kB | 111/164 kB | 47 kB | 44 kBProgress (5): 262/378 kB | 422/424 kB | 115/164 kB | 47 kB | 44 kBProgress (5): 266/378 kB | 422/424 kB | 115/164 kB | 47 kB | 44 kBProgress (5): 270/378 kB | 422/424 kB | 115/164 kB | 47 kB | 44 kBProgress (5): 274/378 kB | 422/424 kB | 115/164 kB | 47 kB | 44 kBProgress (5): 279/378 kB | 422/424 kB | 115/164 kB | 47 kB | 44 kB                                                                  Downloaded from central: https://repo.maven.apache.org/maven2/org/apache/maven/maven-plugin-api/3.3.9/maven-plugin-api-3.3.9.jar (47 kB at 64 kB/s)
Downloaded from central: https://repo.maven.apache.org/maven2/org/apache/maven/maven-settings/3.3.9/maven-settings-3.3.9.jar (44 kB at 59 kB/s)
Downloading from central: https://repo.maven.apache.org/maven2/org/apache/maven/shared/maven-common-artifact-filters/3.0.1/maven-common-artifact-filters-3.0.1.jar
Downloading from central: https://repo.maven.apache.org/maven2/org/codehaus/plexus/plexus-archiver/3.6.0/plexus-archiver-3.6.0.jar
Progress (3): 283/378 kB | 422/424 kB | 115/164 kBProgress (3): 287/378 kB | 422/424 kB | 115/164 kBProgress (3): 291/378 kB | 422/424 kB | 115/164 kBProgress (3): 291/378 kB | 422/424 kB | 119/164 kBProgress (3): 291/378 kB | 422/424 kB | 123/164 kBProgress (3): 291/378 kB | 422/424 kB | 127/164 kBProgress (3): 291/378 kB | 422/424 kB | 131/164 kBProgress (3): 291/378 kB | 422/424 kB | 135/164 kBProgress (3): 291/378 kB | 422/424 kB | 139/164 kBProgress (3): 291/378 kB | 422/424 kB | 143/164 kBProgress (3): 291/378 kB | 422/424 kB | 147/164 kBProgress (3): 291/378 kB | 422/424 kB | 152/164 kBProgress (3): 291/378 kB | 422/424 kB | 156/164 kBProgress (3): 291/378 kB | 422/424 kB | 160/164 kBProgress (3): 291/378 kB | 424 kB | 160/164 kB    Progress (4): 291/378 kB | 424 kB | 160/164 kB | 4.1/61 kBProgress (4): 291/378 kB | 424 kB | 160/164 kB | 8.2/61 kBProgress (4): 291/378 kB | 424 kB | 160/164 kB | 12/61 kB Progress (4): 291/378 kB | 424 kB | 160/164 kB | 16/61 kBProgress (5): 291/378 kB | 424 kB | 160/164 kB | 16/61 kB | 4.1/191 kBProgress (5): 291/378 kB | 424 kB | 160/164 kB | 16/61 kB | 8.2/191 kBProgress (5): 291/378 kB | 424 kB | 160/164 kB | 16/61 kB | 12/191 kB Progress (5): 291/378 kB | 424 kB | 160/164 kB | 16/61 kB | 16/191 kBProgress (5): 291/378 kB | 424 kB | 164/164 kB | 16/61 kB | 16/191 kBProgress (5): 291/378 kB | 424 kB | 164 kB | 16/61 kB | 16/191 kB                                                                     Downloaded from central: https://repo.maven.apache.org/maven2/com/google/inject/guice/4.0/guice-4.0-no_aop.jar (424 kB at 545 kB/s)
Downloading from central: https://repo.maven.apache.org/maven2/org/codehaus/plexus/plexus-io/3.0.1/plexus-io-3.0.1.jar
Progress (4): 295/378 kB | 164 kB | 16/61 kB | 16/191 kBProgress (4): 299/378 kB | 164 kB | 16/61 kB | 16/191 kBProgress (4): 303/378 kB | 164 kB | 16/61 kB | 16/191 kBProgress (4): 307/378 kB | 164 kB | 16/61 kB | 16/191 kBProgress (4): 307/378 kB | 164 kB | 20/61 kB | 16/191 kBProgress (4): 307/378 kB | 164 kB | 25/61 kB | 16/191 kBProgress (4): 307/378 kB | 164 kB | 29/61 kB | 16/191 kBProgress (4): 307/378 kB | 164 kB | 33/61 kB | 16/191 kBProgress (4): 307/378 kB | 164 kB | 37/61 kB | 16/191 kBProgress (4): 307/378 kB | 164 kB | 41/61 kB | 16/191 kBProgress (4): 307/378 kB | 164 kB | 45/61 kB | 16/191 kBProgress (4): 307/378 kB | 164 kB | 49/61 kB | 16/191 kBProgress (4): 307/378 kB | 164 kB | 53/61 kB | 16/191 kBProgress (4): 307/378 kB | 164 kB | 57/61 kB | 16/191 kBProgress (4): 307/378 kB | 164 kB | 61/61 kB | 16/191 kBProgress (4): 307/378 kB | 164 kB | 61 kB | 16/191 kB   Progress (4): 307/378 kB | 164 kB | 61 kB | 20/191 kBProgress (4): 307/378 kB | 164 kB | 61 kB | 25/191 kBProgress (4): 307/378 kB | 164 kB | 61 kB | 29/191 kBProgress (4): 307/378 kB | 164 kB | 61 kB | 33/191 kBProgress (4): 311/378 kB | 164 kB | 61 kB | 33/191 kBProgress (4): 315/378 kB | 164 kB | 61 kB | 33/191 kBProgress (4): 319/378 kB | 164 kB | 61 kB | 33/191 kBProgress (4): 324/378 kB | 164 kB | 61 kB | 33/191 kBProgress (4): 328/378 kB | 164 kB | 61 kB | 33/191 kBProgress (4): 332/378 kB | 164 kB | 61 kB | 33/191 kBProgress (5): 332/378 kB | 164 kB | 61 kB | 33/191 kB | 4.1/74 kBProgress (5): 332/378 kB | 164 kB | 61 kB | 33/191 kB | 8.2/74 kBProgress (5): 332/378 kB | 164 kB | 61 kB | 33/191 kB | 12/74 kB Progress (5): 332/378 kB | 164 kB | 61 kB | 33/191 kB | 16/74 kB                                                                Downloaded from central: https://repo.maven.apache.org/maven2/org/apache/maven/maven-model/3.3.9/maven-model-3.3.9.jar (164 kB at 207 kB/s)
Downloading from central: https://repo.maven.apache.org/maven2/org/apache/maven/plugins/maven-shade-plugin/3.2.1/maven-shade-plugin-3.2.1.jar
Progress (4): 332/378 kB | 61 kB | 37/191 kB | 16/74 kBProgress (4): 332/378 kB | 61 kB | 41/191 kB | 16/74 kBProgress (4): 332/378 kB | 61 kB | 45/191 kB | 16/74 kBProgress (4): 332/378 kB | 61 kB | 49/191 kB | 16/74 kBProgress (4): 332/378 kB | 61 kB | 53/191 kB | 16/74 kBProgress (4): 332/378 kB | 61 kB | 57/191 kB | 16/74 kBProgress (4): 332/378 kB | 61 kB | 61/191 kB | 16/74 kBProgress (4): 332/378 kB | 61 kB | 66/191 kB | 16/74 kBProgress (4): 332/378 kB | 61 kB | 70/191 kB | 16/74 kBProgress (4): 332/378 kB | 61 kB | 74/191 kB | 16/74 kBProgress (4): 332/378 kB | 61 kB | 78/191 kB | 16/74 kBProgress (4): 332/378 kB | 61 kB | 82/191 kB | 16/74 kBProgress (4): 332/378 kB | 61 kB | 86/191 kB | 16/74 kBProgress (4): 332/378 kB | 61 kB | 90/191 kB | 16/74 kBProgress (4): 332/378 kB | 61 kB | 94/191 kB | 16/74 kBProgress (4): 332/378 kB | 61 kB | 98/191 kB | 16/74 kBProgress (4): 332/378 kB | 61 kB | 98/191 kB | 20/74 kBProgress (4): 332/378 kB | 61 kB | 98/191 kB | 25/74 kBProgress (4): 332/378 kB | 61 kB | 98/191 kB | 29/74 kBProgress (4): 332/378 kB | 61 kB | 98/191 kB | 33/74 kBProgress (4): 332/378 kB | 61 kB | 98/191 kB | 37/74 kBProgress (4): 332/378 kB | 61 kB | 98/191 kB | 41/74 kBProgress (4): 332/378 kB | 61 kB | 98/191 kB | 45/74 kBProgress (4): 332/378 kB | 61 kB | 98/191 kB | 49/74 kBProgress (4): 332/378 kB | 61 kB | 98/191 kB | 53/74 kBProgress (4): 332/378 kB | 61 kB | 98/191 kB | 57/74 kBProgress (4): 332/378 kB | 61 kB | 98/191 kB | 61/74 kBProgress (4): 332/378 kB | 61 kB | 98/191 kB | 66/74 kBProgress (4): 332/378 kB | 61 kB | 98/191 kB | 70/74 kBProgress (4): 332/378 kB | 61 kB | 98/191 kB | 74/74 kBProgress (4): 332/378 kB | 61 kB | 98/191 kB | 74 kB   Progress (4): 336/378 kB | 61 kB | 98/191 kB | 74 kBProgress (4): 340/378 kB | 61 kB | 98/191 kB | 74 kBProgress (4): 344/378 kB | 61 kB | 98/191 kB | 74 kBProgress (4): 348/378 kB | 61 kB | 98/191 kB | 74 kBProgress (4): 352/378 kB | 61 kB | 98/191 kB | 74 kBProgress (4): 356/378 kB | 61 kB | 98/191 kB | 74 kBProgress (4): 360/378 kB | 61 kB | 98/191 kB | 74 kBProgress (4): 365/378 kB | 61 kB | 98/191 kB | 74 kBProgress (4): 369/378 kB | 61 kB | 98/191 kB | 74 kBProgress (4): 373/378 kB | 61 kB | 98/191 kB | 74 kBProgress (4): 377/378 kB | 61 kB | 98/191 kB | 74 kBProgress (4): 378 kB | 61 kB | 98/191 kB | 74 kB    Progress (5): 378 kB | 61 kB | 98/191 kB | 74 kB | 4.1/114 kBProgress (5): 378 kB | 61 kB | 98/191 kB | 74 kB | 8.2/114 kBProgress (5): 378 kB | 61 kB | 98/191 kB | 74 kB | 12/114 kB Progress (5): 378 kB | 61 kB | 98/191 kB | 74 kB | 16/114 kB                                                            Downloaded from central: https://repo.maven.apache.org/maven2/org/apache/maven/shared/maven-common-artifact-filters/3.0.1/maven-common-artifact-filters-3.0.1.jar (61 kB at 75 kB/s)
Downloading from central: https://repo.maven.apache.org/maven2/org/apache/maven/shared/maven-artifact-transfer/0.10.0/maven-artifact-transfer-0.10.0.jar
Progress (4): 378 kB | 98/191 kB | 74 kB | 20/114 kBProgress (4): 378 kB | 98/191 kB | 74 kB | 25/114 kBProgress (4): 378 kB | 98/191 kB | 74 kB | 29/114 kBProgress (4): 378 kB | 98/191 kB | 74 kB | 33/114 kBProgress (4): 378 kB | 98/191 kB | 74 kB | 37/114 kBProgress (4): 378 kB | 98/191 kB | 74 kB | 41/114 kBProgress (4): 378 kB | 98/191 kB | 74 kB | 45/114 kBProgress (4): 378 kB | 98/191 kB | 74 kB | 49/114 kBProgress (4): 378 kB | 102/191 kB | 74 kB | 49/114 kBProgress (4): 378 kB | 106/191 kB | 74 kB | 49/114 kBProgress (4): 378 kB | 111/191 kB | 74 kB | 49/114 kBProgress (4): 378 kB | 115/191 kB | 74 kB | 49/114 kBProgress (4): 378 kB | 119/191 kB | 74 kB | 49/114 kBProgress (4): 378 kB | 123/191 kB | 74 kB | 49/114 kBProgress (4): 378 kB | 127/191 kB | 74 kB | 49/114 kBProgress (4): 378 kB | 131/191 kB | 74 kB | 49/114 kBProgress (4): 378 kB | 135/191 kB | 74 kB | 49/114 kBProgress (4): 378 kB | 139/191 kB | 74 kB | 49/114 kBProgress (4): 378 kB | 143/191 kB | 74 kB | 49/114 kB                                                     Downloaded from central: https://repo.maven.apache.org/maven2/org/codehaus/plexus/plexus-io/3.0.1/plexus-io-3.0.1.jar (74 kB at 88 kB/s)
Downloading from central: https://repo.maven.apache.org/maven2/org/ow2/asm/asm/7.0/asm-7.0.jar
Progress (3): 378 kB | 143/191 kB | 53/114 kB                                             Downloaded from central: https://repo.maven.apache.org/maven2/org/eclipse/sisu/org.eclipse.sisu.inject/0.3.2/org.eclipse.sisu.inject-0.3.2.jar (378 kB at 449 kB/s)
Downloading from central: https://repo.maven.apache.org/maven2/org/ow2/asm/asm-commons/7.0/asm-commons-7.0.jar
Progress (3): 143/191 kB | 53/114 kB | 4.1/128 kBProgress (3): 143/191 kB | 53/114 kB | 8.2/128 kBProgress (3): 143/191 kB | 53/114 kB | 12/128 kB Progress (3): 143/191 kB | 53/114 kB | 16/128 kBProgress (3): 143/191 kB | 53/114 kB | 20/128 kBProgress (3): 143/191 kB | 53/114 kB | 25/128 kBProgress (3): 143/191 kB | 53/114 kB | 29/128 kBProgress (3): 143/191 kB | 53/114 kB | 33/128 kBProgress (3): 143/191 kB | 57/114 kB | 33/128 kBProgress (3): 143/191 kB | 61/114 kB | 33/128 kBProgress (3): 143/191 kB | 66/114 kB | 33/128 kBProgress (3): 143/191 kB | 70/114 kB | 33/128 kBProgress (3): 143/191 kB | 74/114 kB | 33/128 kBProgress (3): 143/191 kB | 78/114 kB | 33/128 kBProgress (3): 143/191 kB | 82/114 kB | 33/128 kBProgress (3): 143/191 kB | 86/114 kB | 33/128 kBProgress (4): 143/191 kB | 86/114 kB | 33/128 kB | 4.1/114 kBProgress (4): 143/191 kB | 86/114 kB | 33/128 kB | 8.2/114 kBProgress (4): 143/191 kB | 86/114 kB | 33/128 kB | 12/114 kB Progress (4): 143/191 kB | 86/114 kB | 33/128 kB | 16/114 kBProgress (4): 143/191 kB | 86/114 kB | 33/128 kB | 20/114 kBProgress (4): 143/191 kB | 86/114 kB | 33/128 kB | 25/114 kBProgress (4): 143/191 kB | 86/114 kB | 33/128 kB | 29/114 kBProgress (4): 143/191 kB | 86/114 kB | 33/128 kB | 33/114 kBProgress (5): 143/191 kB | 86/114 kB | 33/128 kB | 33/114 kB | 4.1/80 kBProgress (5): 143/191 kB | 86/114 kB | 33/128 kB | 33/114 kB | 8.2/80 kBProgress (5): 143/191 kB | 86/114 kB | 33/128 kB | 33/114 kB | 12/80 kB Progress (5): 143/191 kB | 86/114 kB | 33/128 kB | 33/114 kB | 16/80 kBProgress (5): 143/191 kB | 86/114 kB | 33/128 kB | 33/114 kB | 20/80 kBProgress (5): 143/191 kB | 86/114 kB | 33/128 kB | 33/114 kB | 25/80 kBProgress (5): 143/191 kB | 86/114 kB | 33/128 kB | 33/114 kB | 29/80 kBProgress (5): 143/191 kB | 86/114 kB | 33/128 kB | 33/114 kB | 33/80 kBProgress (5): 143/191 kB | 86/114 kB | 33/128 kB | 33/114 kB | 37/80 kBProgress (5): 143/191 kB | 86/114 kB | 33/128 kB | 33/114 kB | 41/80 kBProgress (5): 143/191 kB | 86/114 kB | 33/128 kB | 33/114 kB | 45/80 kBProgress (5): 143/191 kB | 86/114 kB | 33/128 kB | 33/114 kB | 49/80 kBProgress (5): 143/191 kB | 86/114 kB | 33/128 kB | 33/114 kB | 53/80 kBProgress (5): 143/191 kB | 86/114 kB | 33/128 kB | 33/114 kB | 57/80 kBProgress (5): 143/191 kB | 86/114 kB | 33/128 kB | 33/114 kB | 61/80 kBProgress (5): 143/191 kB | 86/114 kB | 33/128 kB | 33/114 kB | 66/80 kBProgress (5): 143/191 kB | 86/114 kB | 37/128 kB | 33/114 kB | 66/80 kBProgress (5): 143/191 kB | 86/114 kB | 41/128 kB | 33/114 kB | 66/80 kBProgress (5): 143/191 kB | 86/114 kB | 45/128 kB | 33/114 kB | 66/80 kBProgress (5): 143/191 kB | 86/114 kB | 49/128 kB | 33/114 kB | 66/80 kBProgress (5): 143/191 kB | 86/114 kB | 53/128 kB | 33/114 kB | 66/80 kBProgress (5): 143/191 kB | 86/114 kB | 57/128 kB | 33/114 kB | 66/80 kBProgress (5): 143/191 kB | 86/114 kB | 61/128 kB | 33/114 kB | 66/80 kBProgress (5): 143/191 kB | 86/114 kB | 66/128 kB | 33/114 kB | 66/80 kBProgress (5): 143/191 kB | 86/114 kB | 70/128 kB | 33/114 kB | 66/80 kBProgress (5): 143/191 kB | 86/114 kB | 74/128 kB | 33/114 kB | 66/80 kBProgress (5): 143/191 kB | 86/114 kB | 78/128 kB | 33/114 kB | 66/80 kBProgress (5): 143/191 kB | 86/114 kB | 82/128 kB | 33/114 kB | 66/80 kBProgress (5): 143/191 kB | 86/114 kB | 86/128 kB | 33/114 kB | 66/80 kBProgress (5): 143/191 kB | 86/114 kB | 90/128 kB | 33/114 kB | 66/80 kBProgress (5): 143/191 kB | 86/114 kB | 94/128 kB | 33/114 kB | 66/80 kBProgress (5): 143/191 kB | 86/114 kB | 98/128 kB | 33/114 kB | 66/80 kBProgress (5): 147/191 kB | 86/114 kB | 98/128 kB | 33/114 kB | 66/80 kBProgress (5): 152/191 kB | 86/114 kB | 98/128 kB | 33/114 kB | 66/80 kBProgress (5): 156/191 kB | 86/114 kB | 98/128 kB | 33/114 kB | 66/80 kBProgress (5): 160/191 kB | 86/114 kB | 98/128 kB | 33/114 kB | 66/80 kBProgress (5): 164/191 kB | 86/114 kB | 98/128 kB | 33/114 kB | 66/80 kBProgress (5): 168/191 kB | 86/114 kB | 98/128 kB | 33/114 kB | 66/80 kBProgress (5): 172/191 kB | 86/114 kB | 98/128 kB | 33/114 kB | 66/80 kBProgress (5): 176/191 kB | 86/114 kB | 98/128 kB | 33/114 kB | 66/80 kBProgress (5): 180/191 kB | 86/114 kB | 98/128 kB | 33/114 kB | 66/80 kBProgress (5): 184/191 kB | 86/114 kB | 98/128 kB | 33/114 kB | 66/80 kBProgress (5): 188/191 kB | 86/114 kB | 98/128 kB | 33/114 kB | 66/80 kBProgress (5): 188/191 kB | 86/114 kB | 98/128 kB | 33/114 kB | 70/80 kBProgress (5): 188/191 kB | 86/114 kB | 98/128 kB | 37/114 kB | 70/80 kBProgress (5): 188/191 kB | 86/114 kB | 98/128 kB | 41/114 kB | 70/80 kBProgress (5): 188/191 kB | 86/114 kB | 98/128 kB | 45/114 kB | 70/80 kBProgress (5): 188/191 kB | 86/114 kB | 98/128 kB | 49/114 kB | 70/80 kBProgress (5): 188/191 kB | 90/114 kB | 98/128 kB | 49/114 kB | 70/80 kBProgress (5): 188/191 kB | 94/114 kB | 98/128 kB | 49/114 kB | 70/80 kBProgress (5): 188/191 kB | 98/114 kB | 98/128 kB | 49/114 kB | 70/80 kBProgress (5): 188/191 kB | 102/114 kB | 98/128 kB | 49/114 kB | 70/80 kBProgress (5): 188/191 kB | 106/114 kB | 98/128 kB | 49/114 kB | 70/80 kBProgress (5): 188/191 kB | 111/114 kB | 98/128 kB | 49/114 kB | 70/80 kBProgress (5): 188/191 kB | 114 kB | 98/128 kB | 49/114 kB | 70/80 kB    Progress (5): 188/191 kB | 114 kB | 98/128 kB | 53/114 kB | 70/80 kBProgress (5): 188/191 kB | 114 kB | 98/128 kB | 57/114 kB | 70/80 kBProgress (5): 188/191 kB | 114 kB | 98/128 kB | 61/114 kB | 70/80 kBProgress (5): 188/191 kB | 114 kB | 98/128 kB | 66/114 kB | 70/80 kBProgress (5): 188/191 kB | 114 kB | 98/128 kB | 70/114 kB | 70/80 kBProgress (5): 188/191 kB | 114 kB | 98/128 kB | 74/114 kB | 70/80 kBProgress (5): 188/191 kB | 114 kB | 98/128 kB | 78/114 kB | 70/80 kBProgress (5): 188/191 kB | 114 kB | 98/128 kB | 82/114 kB | 70/80 kBProgress (5): 188/191 kB | 114 kB | 102/128 kB | 82/114 kB | 70/80 kBProgress (5): 188/191 kB | 114 kB | 106/128 kB | 82/114 kB | 70/80 kBProgress (5): 188/191 kB | 114 kB | 111/128 kB | 82/114 kB | 70/80 kBProgress (5): 188/191 kB | 114 kB | 115/128 kB | 82/114 kB | 70/80 kBProgress (5): 188/191 kB | 114 kB | 119/128 kB | 82/114 kB | 70/80 kB                                                                     Downloaded from central: https://repo.maven.apache.org/maven2/org/apache/maven/plugins/maven-shade-plugin/3.2.1/maven-shade-plugin-3.2.1.jar (114 kB at 126 kB/s)
Progress (4): 191 kB | 119/128 kB | 82/114 kB | 70/80 kBProgress (4): 191 kB | 119/128 kB | 82/114 kB | 74/80 kBProgress (4): 191 kB | 119/128 kB | 82/114 kB | 78/80 kBProgress (4): 191 kB | 119/128 kB | 82/114 kB | 80 kB                                                        Downloading from central: https://repo.maven.apache.org/maven2/org/ow2/asm/asm-tree/7.0/asm-tree-7.0.jar
Progress (4): 191 kB | 119/128 kB | 86/114 kB | 80 kBProgress (4): 191 kB | 119/128 kB | 90/114 kB | 80 kBProgress (4): 191 kB | 119/128 kB | 94/114 kB | 80 kBProgress (4): 191 kB | 119/128 kB | 98/114 kB | 80 kB                                                     Downloaded from central: https://repo.maven.apache.org/maven2/org/codehaus/plexus/plexus-archiver/3.6.0/plexus-archiver-3.6.0.jar (191 kB at 210 kB/s)
Progress (4): 119/128 kB | 98/114 kB | 80 kB | 4.1/50 kB                                                        Downloaded from central: https://repo.maven.apache.org/maven2/org/ow2/asm/asm-commons/7.0/asm-commons-7.0.jar (80 kB at 87 kB/s)
Downloading from central: https://repo.maven.apache.org/maven2/org/jdom/jdom2/2.0.6/jdom2-2.0.6.jar
Progress (3): 123/128 kB | 98/114 kB | 4.1/50 kBProgress (3): 127/128 kB | 98/114 kB | 4.1/50 kBProgress (3): 128 kB | 98/114 kB | 4.1/50 kB    Progress (3): 128 kB | 102/114 kB | 4.1/50 kBProgress (3): 128 kB | 106/114 kB | 4.1/50 kBProgress (3): 128 kB | 111/114 kB | 4.1/50 kBProgress (3): 128 kB | 114 kB | 4.1/50 kB                                             Downloading from central: https://repo.maven.apache.org/maven2/org/ow2/asm/asm-analysis/7.0/asm-analysis-7.0.jar
Progress (3): 128 kB | 114 kB | 8.2/50 kBProgress (3): 128 kB | 114 kB | 12/50 kB Progress (3): 128 kB | 114 kB | 16/50 kBProgress (3): 128 kB | 114 kB | 20/50 kBProgress (4): 128 kB | 114 kB | 20/50 kB | 4.1/305 kBProgress (4): 128 kB | 114 kB | 20/50 kB | 8.2/305 kBProgress (4): 128 kB | 114 kB | 20/50 kB | 12/305 kB Progress (4): 128 kB | 114 kB | 20/50 kB | 16/305 kB                                                    Downloaded from central: https://repo.maven.apache.org/maven2/org/apache/maven/shared/maven-artifact-transfer/0.10.0/maven-artifact-transfer-0.10.0.jar (128 kB at 138 kB/s)
Downloaded from central: https://repo.maven.apache.org/maven2/org/ow2/asm/asm/7.0/asm-7.0.jar (114 kB at 123 kB/s)
Progress (3): 20/50 kB | 16/305 kB | 4.1/33 kBProgress (3): 20/50 kB | 16/305 kB | 8.2/33 kBProgress (3): 20/50 kB | 16/305 kB | 12/33 kB Progress (3): 20/50 kB | 16/305 kB | 16/33 kBProgress (3): 20/50 kB | 16/305 kB | 20/33 kB                                             Downloading from central: https://repo.maven.apache.org/maven2/org/vafer/jdependency/2.1.1/jdependency-2.1.1.jar
Downloading from central: https://repo.maven.apache.org/maven2/org/apache/maven/shared/maven-dependency-tree/3.0.1/maven-dependency-tree-3.0.1.jar
Progress (3): 25/50 kB | 16/305 kB | 20/33 kBProgress (3): 29/50 kB | 16/305 kB | 20/33 kBProgress (3): 33/50 kB | 16/305 kB | 20/33 kBProgress (3): 33/50 kB | 20/305 kB | 20/33 kBProgress (3): 33/50 kB | 25/305 kB | 20/33 kBProgress (3): 33/50 kB | 29/305 kB | 20/33 kBProgress (3): 33/50 kB | 33/305 kB | 20/33 kBProgress (3): 33/50 kB | 37/305 kB | 20/33 kBProgress (3): 33/50 kB | 41/305 kB | 20/33 kBProgress (3): 33/50 kB | 45/305 kB | 20/33 kBProgress (3): 33/50 kB | 49/305 kB | 20/33 kBProgress (3): 33/50 kB | 53/305 kB | 20/33 kBProgress (3): 33/50 kB | 57/305 kB | 20/33 kBProgress (3): 33/50 kB | 61/305 kB | 20/33 kBProgress (3): 33/50 kB | 66/305 kB | 20/33 kBProgress (3): 33/50 kB | 70/305 kB | 20/33 kBProgress (3): 33/50 kB | 74/305 kB | 20/33 kBProgress (3): 33/50 kB | 78/305 kB | 20/33 kBProgress (3): 33/50 kB | 82/305 kB | 20/33 kBProgress (3): 37/50 kB | 82/305 kB | 20/33 kBProgress (3): 41/50 kB | 82/305 kB | 20/33 kBProgress (3): 45/50 kB | 82/305 kB | 20/33 kBProgress (3): 49/50 kB | 82/305 kB | 20/33 kBProgress (3): 50 kB | 82/305 kB | 20/33 kB   Progress (4): 50 kB | 82/305 kB | 20/33 kB | 4.1/37 kBProgress (4): 50 kB | 82/305 kB | 20/33 kB | 8.2/37 kBProgress (4): 50 kB | 82/305 kB | 20/33 kB | 12/37 kB Progress (4): 50 kB | 82/305 kB | 20/33 kB | 16/37 kBProgress (4): 50 kB | 82/305 kB | 20/33 kB | 20/37 kBProgress (4): 50 kB | 82/305 kB | 25/33 kB | 20/37 kBProgress (4): 50 kB | 82/305 kB | 29/33 kB | 20/37 kBProgress (4): 50 kB | 82/305 kB | 33/33 kB | 20/37 kBProgress (4): 50 kB | 82/305 kB | 33 kB | 20/37 kB                                                     Downloaded from central: https://repo.maven.apache.org/maven2/org/ow2/asm/asm-tree/7.0/asm-tree-7.0.jar (50 kB at 53 kB/s)
Progress (3): 82/305 kB | 33 kB | 25/37 kBProgress (3): 82/305 kB | 33 kB | 29/37 kBProgress (3): 82/305 kB | 33 kB | 33/37 kBProgress (3): 82/305 kB | 33 kB | 37 kB                                          Downloading from central: https://repo.maven.apache.org/maven2/org/ow2/asm/asm-util/7.0-beta/asm-util-7.0-beta.jar
Progress (4): 82/305 kB | 33 kB | 37 kB | 4.1/186 kBProgress (4): 82/305 kB | 33 kB | 37 kB | 8.2/186 kBProgress (4): 82/305 kB | 33 kB | 37 kB | 12/186 kB Progress (4): 82/305 kB | 33 kB | 37 kB | 16/186 kBProgress (4): 82/305 kB | 33 kB | 37 kB | 20/186 kBProgress (4): 82/305 kB | 33 kB | 37 kB | 25/186 kBProgress (4): 82/305 kB | 33 kB | 37 kB | 29/186 kBProgress (4): 82/305 kB | 33 kB | 37 kB | 33/186 kBProgress (4): 82/305 kB | 33 kB | 37 kB | 37/186 kBProgress (4): 82/305 kB | 33 kB | 37 kB | 41/186 kBProgress (4): 82/305 kB | 33 kB | 37 kB | 45/186 kBProgress (4): 82/305 kB | 33 kB | 37 kB | 49/186 kBProgress (4): 82/305 kB | 33 kB | 37 kB | 53/186 kBProgress (4): 82/305 kB | 33 kB | 37 kB | 57/186 kBProgress (4): 82/305 kB | 33 kB | 37 kB | 61/186 kBProgress (4): 82/305 kB | 33 kB | 37 kB | 66/186 kB                                                   Downloaded from central: https://repo.maven.apache.org/maven2/org/ow2/asm/asm-analysis/7.0/asm-analysis-7.0.jar (33 kB at 35 kB/s)
Downloading from central: https://repo.maven.apache.org/maven2/com/google/guava/guava/19.0/guava-19.0.jar
Progress (4): 82/305 kB | 37 kB | 66/186 kB | 4.1/81 kBProgress (4): 82/305 kB | 37 kB | 66/186 kB | 8.2/81 kBProgress (4): 82/305 kB | 37 kB | 66/186 kB | 12/81 kB                                                       Downloaded from central: https://repo.maven.apache.org/maven2/org/apache/maven/shared/maven-dependency-tree/3.0.1/maven-dependency-tree-3.0.1.jar (37 kB at 38 kB/s)
Progress (3): 86/305 kB | 66/186 kB | 12/81 kBProgress (3): 90/305 kB | 66/186 kB | 12/81 kBProgress (3): 94/305 kB | 66/186 kB | 12/81 kBProgress (3): 98/305 kB | 66/186 kB | 12/81 kBProgress (3): 102/305 kB | 66/186 kB | 12/81 kBProgress (3): 106/305 kB | 66/186 kB | 12/81 kBProgress (3): 111/305 kB | 66/186 kB | 12/81 kBProgress (3): 115/305 kB | 66/186 kB | 12/81 kBProgress (3): 119/305 kB | 66/186 kB | 12/81 kBProgress (4): 119/305 kB | 66/186 kB | 12/81 kB | 0/2.3 MBProgress (4): 119/305 kB | 66/186 kB | 12/81 kB | 0/2.3 MBProgress (4): 119/305 kB | 66/186 kB | 12/81 kB | 0/2.3 MBProgress (4): 119/305 kB | 66/186 kB | 12/81 kB | 0.1/2.3 MBProgress (4): 119/305 kB | 66/186 kB | 12/81 kB | 0.1/2.3 MBProgress (4): 119/305 kB | 70/186 kB | 12/81 kB | 0.1/2.3 MBProgress (4): 119/305 kB | 74/186 kB | 12/81 kB | 0.1/2.3 MBProgress (4): 119/305 kB | 78/186 kB | 12/81 kB | 0.1/2.3 MBProgress (4): 119/305 kB | 82/186 kB | 12/81 kB | 0.1/2.3 MBProgress (4): 119/305 kB | 82/186 kB | 16/81 kB | 0.1/2.3 MBProgress (4): 119/305 kB | 82/186 kB | 20/81 kB | 0.1/2.3 MBProgress (4): 119/305 kB | 82/186 kB | 25/81 kB | 0.1/2.3 MBProgress (4): 119/305 kB | 82/186 kB | 29/81 kB | 0.1/2.3 MBProgress (4): 119/305 kB | 82/186 kB | 33/81 kB | 0.1/2.3 MBProgress (4): 119/305 kB | 82/186 kB | 37/81 kB | 0.1/2.3 MBProgress (4): 119/305 kB | 82/186 kB | 41/81 kB | 0.1/2.3 MBProgress (4): 123/305 kB | 82/186 kB | 41/81 kB | 0.1/2.3 MBProgress (4): 127/305 kB | 82/186 kB | 41/81 kB | 0.1/2.3 MBProgress (4): 131/305 kB | 82/186 kB | 41/81 kB | 0.1/2.3 MBProgress (4): 135/305 kB | 82/186 kB | 41/81 kB | 0.1/2.3 MBProgress (4): 139/305 kB | 82/186 kB | 41/81 kB | 0.1/2.3 MBProgress (4): 143/305 kB | 82/186 kB | 41/81 kB | 0.1/2.3 MBProgress (4): 147/305 kB | 82/186 kB | 41/81 kB | 0.1/2.3 MBProgress (4): 147/305 kB | 86/186 kB | 41/81 kB | 0.1/2.3 MBProgress (4): 147/305 kB | 90/186 kB | 41/81 kB | 0.1/2.3 MBProgress (4): 147/305 kB | 94/186 kB | 41/81 kB | 0.1/2.3 MBProgress (4): 147/305 kB | 98/186 kB | 41/81 kB | 0.1/2.3 MBProgress (4): 147/305 kB | 102/186 kB | 41/81 kB | 0.1/2.3 MBProgress (4): 147/305 kB | 106/186 kB | 41/81 kB | 0.1/2.3 MBProgress (4): 147/305 kB | 111/186 kB | 41/81 kB | 0.1/2.3 MBProgress (4): 147/305 kB | 111/186 kB | 45/81 kB | 0.1/2.3 MBProgress (4): 147/305 kB | 111/186 kB | 49/81 kB | 0.1/2.3 MBProgress (4): 147/305 kB | 111/186 kB | 53/81 kB | 0.1/2.3 MBProgress (4): 147/305 kB | 111/186 kB | 57/81 kB | 0.1/2.3 MBProgress (4): 147/305 kB | 111/186 kB | 61/81 kB | 0.1/2.3 MBProgress (4): 147/305 kB | 111/186 kB | 66/81 kB | 0.1/2.3 MBProgress (4): 147/305 kB | 111/186 kB | 70/81 kB | 0.1/2.3 MBProgress (4): 147/305 kB | 111/186 kB | 74/81 kB | 0.1/2.3 MBProgress (4): 147/305 kB | 111/186 kB | 78/81 kB | 0.1/2.3 MBProgress (4): 147/305 kB | 111/186 kB | 81 kB | 0.1/2.3 MB   Progress (4): 147/305 kB | 115/186 kB | 81 kB | 0.1/2.3 MBProgress (4): 147/305 kB | 119/186 kB | 81 kB | 0.1/2.3 MBProgress (4): 147/305 kB | 123/186 kB | 81 kB | 0.1/2.3 MBProgress (4): 147/305 kB | 127/186 kB | 81 kB | 0.1/2.3 MBProgress (4): 147/305 kB | 127/186 kB | 81 kB | 0.1/2.3 MBProgress (4): 147/305 kB | 127/186 kB | 81 kB | 0.1/2.3 MBProgress (4): 152/305 kB | 127/186 kB | 81 kB | 0.1/2.3 MBProgress (4): 156/305 kB | 127/186 kB | 81 kB | 0.1/2.3 MBProgress (4): 160/305 kB | 127/186 kB | 81 kB | 0.1/2.3 MBProgress (4): 164/305 kB | 127/186 kB | 81 kB | 0.1/2.3 MBProgress (4): 168/305 kB | 127/186 kB | 81 kB | 0.1/2.3 MBProgress (4): 172/305 kB | 127/186 kB | 81 kB | 0.1/2.3 MBProgress (4): 176/305 kB | 127/186 kB | 81 kB | 0.1/2.3 MBProgress (4): 180/305 kB | 127/186 kB | 81 kB | 0.1/2.3 MBProgress (4): 184/305 kB | 127/186 kB | 81 kB | 0.1/2.3 MBProgress (4): 188/305 kB | 127/186 kB | 81 kB | 0.1/2.3 MBProgress (4): 193/305 kB | 127/186 kB | 81 kB | 0.1/2.3 MBProgress (4): 197/305 kB | 127/186 kB | 81 kB | 0.1/2.3 MBProgress (4): 201/305 kB | 127/186 kB | 81 kB | 0.1/2.3 MBProgress (4): 205/305 kB | 127/186 kB | 81 kB | 0.1/2.3 MB                                                          Downloaded from central: https://repo.maven.apache.org/maven2/org/ow2/asm/asm-util/7.0-beta/asm-util-7.0-beta.jar (81 kB at 81 kB/s)
Progress (3): 205/305 kB | 131/186 kB | 0.1/2.3 MBProgress (3): 205/305 kB | 135/186 kB | 0.1/2.3 MBProgress (3): 205/305 kB | 139/186 kB | 0.1/2.3 MBProgress (3): 205/305 kB | 143/186 kB | 0.1/2.3 MBProgress (3): 205/305 kB | 147/186 kB | 0.1/2.3 MBProgress (3): 205/305 kB | 152/186 kB | 0.1/2.3 MBProgress (3): 205/305 kB | 156/186 kB | 0.1/2.3 MBProgress (3): 205/305 kB | 160/186 kB | 0.1/2.3 MBProgress (3): 205/305 kB | 164/186 kB | 0.1/2.3 MBProgress (3): 205/305 kB | 168/186 kB | 0.1/2.3 MBProgress (3): 205/305 kB | 172/186 kB | 0.1/2.3 MBProgress (3): 205/305 kB | 172/186 kB | 0.1/2.3 MBProgress (3): 205/305 kB | 172/186 kB | 0.1/2.3 MBProgress (3): 205/305 kB | 172/186 kB | 0.2/2.3 MBProgress (3): 205/305 kB | 172/186 kB | 0.2/2.3 MBProgress (3): 205/305 kB | 172/186 kB | 0.2/2.3 MBProgress (3): 209/305 kB | 172/186 kB | 0.2/2.3 MBProgress (3): 213/305 kB | 172/186 kB | 0.2/2.3 MBProgress (3): 217/305 kB | 172/186 kB | 0.2/2.3 MBProgress (3): 221/305 kB | 172/186 kB | 0.2/2.3 MBProgress (3): 221/305 kB | 176/186 kB | 0.2/2.3 MBProgress (3): 221/305 kB | 180/186 kB | 0.2/2.3 MBProgress (3): 221/305 kB | 184/186 kB | 0.2/2.3 MBProgress (3): 221/305 kB | 186 kB | 0.2/2.3 MB    Progress (3): 225/305 kB | 186 kB | 0.2/2.3 MBProgress (3): 229/305 kB | 186 kB | 0.2/2.3 MBProgress (3): 233/305 kB | 186 kB | 0.2/2.3 MBProgress (3): 238/305 kB | 186 kB | 0.2/2.3 MBProgress (3): 242/305 kB | 186 kB | 0.2/2.3 MBProgress (3): 246/305 kB | 186 kB | 0.2/2.3 MBProgress (3): 250/305 kB | 186 kB | 0.2/2.3 MBProgress (3): 250/305 kB | 186 kB | 0.2/2.3 MBProgress (3): 250/305 kB | 186 kB | 0.2/2.3 MBProgress (3): 250/305 kB | 186 kB | 0.2/2.3 MB                                              Downloaded from central: https://repo.maven.apache.org/maven2/org/vafer/jdependency/2.1.1/jdependency-2.1.1.jar (186 kB at 181 kB/s)
Progress (2): 254/305 kB | 0.2/2.3 MBProgress (2): 258/305 kB | 0.2/2.3 MBProgress (2): 262/305 kB | 0.2/2.3 MBProgress (2): 266/305 kB | 0.2/2.3 MBProgress (2): 270/305 kB | 0.2/2.3 MBProgress (2): 274/305 kB | 0.2/2.3 MBProgress (2): 274/305 kB | 0.3/2.3 MBProgress (2): 274/305 kB | 0.3/2.3 MBProgress (2): 274/305 kB | 0.3/2.3 MBProgress (2): 274/305 kB | 0.3/2.3 MBProgress (2): 279/305 kB | 0.3/2.3 MBProgress (2): 283/305 kB | 0.3/2.3 MBProgress (2): 287/305 kB | 0.3/2.3 MBProgress (2): 291/305 kB | 0.3/2.3 MBProgress (2): 295/305 kB | 0.3/2.3 MBProgress (2): 299/305 kB | 0.3/2.3 MBProgress (2): 303/305 kB | 0.3/2.3 MBProgress (2): 305 kB | 0.3/2.3 MB    Progress (2): 305 kB | 0.3/2.3 MBProgress (2): 305 kB | 0.3/2.3 MBProgress (2): 305 kB | 0.4/2.3 MB                                 Downloaded from central: https://repo.maven.apache.org/maven2/org/jdom/jdom2/2.0.6/jdom2-2.0.6.jar (305 kB at 291 kB/s)
Progress (1): 0.4/2.3 MBProgress (1): 0.4/2.3 MBProgress (1): 0.4/2.3 MBProgress (1): 0.4/2.3 MBProgress (1): 0.4/2.3 MBProgress (1): 0.5/2.3 MBProgress (1): 0.5/2.3 MBProgress (1): 0.5/2.3 MBProgress (1): 0.5/2.3 MBProgress (1): 0.5/2.3 MBProgress (1): 0.5/2.3 MBProgress (1): 0.6/2.3 MBProgress (1): 0.6/2.3 MBProgress (1): 0.6/2.3 MBProgress (1): 0.6/2.3 MBProgress (1): 0.6/2.3 MBProgress (1): 0.6/2.3 MBProgress (1): 0.7/2.3 MBProgress (1): 0.7/2.3 MBProgress (1): 0.7/2.3 MBProgress (1): 0.7/2.3 MBProgress (1): 0.7/2.3 MBProgress (1): 0.7/2.3 MBProgress (1): 0.7/2.3 MBProgress (1): 0.8/2.3 MBProgress (1): 0.8/2.3 MBProgress (1): 0.8/2.3 MBProgress (1): 0.8/2.3 MBProgress (1): 0.8/2.3 MBProgress (1): 0.8/2.3 MBProgress (1): 0.9/2.3 MBProgress (1): 0.9/2.3 MBProgress (1): 0.9/2.3 MBProgress (1): 0.9/2.3 MBProgress (1): 0.9/2.3 MBProgress (1): 0.9/2.3 MBProgress (1): 1.0/2.3 MBProgress (1): 1.0/2.3 MBProgress (1): 1.0/2.3 MBProgress (1): 1.0/2.3 MBProgress (1): 1.0/2.3 MBProgress (1): 1.0/2.3 MBProgress (1): 1.1/2.3 MBProgress (1): 1.1/2.3 MBProgress (1): 1.1/2.3 MBProgress (1): 1.1/2.3 MBProgress (1): 1.1/2.3 MBProgress (1): 1.1/2.3 MBProgress (1): 1.2/2.3 MBProgress (1): 1.2/2.3 MBProgress (1): 1.2/2.3 MBProgress (1): 1.2/2.3 MBProgress (1): 1.2/2.3 MBProgress (1): 1.2/2.3 MBProgress (1): 1.3/2.3 MBProgress (1): 1.3/2.3 MBProgress (1): 1.3/2.3 MBProgress (1): 1.3/2.3 MBProgress (1): 1.3/2.3 MBProgress (1): 1.3/2.3 MBProgress (1): 1.3/2.3 MBProgress (1): 1.4/2.3 MBProgress (1): 1.4/2.3 MBProgress (1): 1.4/2.3 MBProgress (1): 1.4/2.3 MBProgress (1): 1.4/2.3 MBProgress (1): 1.4/2.3 MBProgress (1): 1.5/2.3 MBProgress (1): 1.5/2.3 MBProgress (1): 1.5/2.3 MBProgress (1): 1.5/2.3 MBProgress (1): 1.5/2.3 MBProgress (1): 1.5/2.3 MBProgress (1): 1.6/2.3 MBProgress (1): 1.6/2.3 MBProgress (1): 1.6/2.3 MBProgress (1): 1.6/2.3 MBProgress (1): 1.6/2.3 MBProgress (1): 1.6/2.3 MBProgress (1): 1.7/2.3 MBProgress (1): 1.7/2.3 MBProgress (1): 1.7/2.3 MBProgress (1): 1.7/2.3 MBProgress (1): 1.7/2.3 MBProgress (1): 1.7/2.3 MBProgress (1): 1.8/2.3 MBProgress (1): 1.8/2.3 MBProgress (1): 1.8/2.3 MBProgress (1): 1.8/2.3 MBProgress (1): 1.8/2.3 MBProgress (1): 1.8/2.3 MBProgress (1): 1.9/2.3 MBProgress (1): 1.9/2.3 MBProgress (1): 1.9/2.3 MBProgress (1): 1.9/2.3 MBProgress (1): 1.9/2.3 MBProgress (1): 1.9/2.3 MBProgress (1): 2.0/2.3 MBProgress (1): 2.0/2.3 MBProgress (1): 2.0/2.3 MBProgress (1): 2.0/2.3 MBProgress (1): 2.0/2.3 MBProgress (1): 2.0/2.3 MBProgress (1): 2.1/2.3 MBProgress (1): 2.1/2.3 MBProgress (1): 2.1/2.3 MBProgress (1): 2.1/2.3 MBProgress (1): 2.1/2.3 MBProgress (1): 2.1/2.3 MBProgress (1): 2.1/2.3 MBProgress (1): 2.2/2.3 MBProgress (1): 2.2/2.3 MBProgress (1): 2.2/2.3 MBProgress (1): 2.2/2.3 MBProgress (1): 2.2/2.3 MBProgress (1): 2.2/2.3 MBProgress (1): 2.3/2.3 MBProgress (1): 2.3/2.3 MBProgress (1): 2.3/2.3 MBProgress (1): 2.3 MB                        Downloaded from central: https://repo.maven.apache.org/maven2/com/google/guava/guava/19.0/guava-19.0.jar (2.3 MB at 1.8 MB/s)
[INFO] Replacing main artifact with repackaged archive
[INFO] ------------------------------------------------------------------------
[INFO] BUILD SUCCESS
[INFO] ------------------------------------------------------------------------
[INFO] Total time:  16.646 s
[INFO] Finished at: 2021-03-29T08:06:03Z
[INFO] ------------------------------------------------------------------------
Finished: SUCCESS
